<?xml version="1.0" encoding="UTF-8" ?>
<runList       name="test-250409_"       seed="0" sequence ="PPPPPPHPHHPPPPPHHHPHHHHHPHPPPPHHPPHHPHHHHHPHHHHHHHHHHPHHPHHHHHHHPPPPPPPPPPPHHHHHHHPPHPHHHPPPPPPHPHH" dimensions="TWO">
<run              number="0" numberOfGenerations="400001"      populationSize="10000">
	<trajectory sample="0" generation="0" 
bestEnergy="-27.0" averageEnergy="-10.7753" worstEnergy="0.0" bestConformation="Conformation 39.0 -39.0 Ffllrllrllrrfffffffrrffffflfffllffrffrrflffllfrffllrrfrfllfflrrlrflrllrlflfrlrrllrfrrlrfllffrrfffrf"/>
	<trajectory sample="1" generation="1000" 
bestEnergy="-27.0" averageEnergy="-11.5417" worstEnergy="-6.0" bestConformation="Conformation 39.0 -39.0 Ffllrllrllrrfffffffrrffffflfffllffrffrrflffllfrffllrrfrfllfflrrlrflrllrlflfrlrrllrfrrlrfllffrrfffrf"/>
	<trajectory sample="2" generation="2000" 
bestEnergy="-27.0" averageEnergy="-12.1418" worstEnergy="-8.0" bestConformation="Conformation 39.0 -39.0 Ffllrllrllrrfffffffrrffffflfffllffrffrrflffllfrffllrrfrfllfflrrlrflrllrlflfrlrrllrfrrlrfllffrrfffrf"/>
	<trajectory sample="3" generation="3000" 
bestEnergy="-27.0" averageEnergy="-12.6854" worstEnergy="-8.0" bestConformation="Conformation 39.0 -39.0 Ffllrllrllrrfffffffrrffffflfffllffrffrrflffllfrffllrrfrfllfflrrlrflrllrlflfrlrrllrfrrlrfllffrrfffrf"/>
	<trajectory sample="4" generation="4000" 
bestEnergy="-27.0" averageEnergy="-13.1742" worstEnergy="-9.0" bestConformation="Conformation 39.0 -39.0 Ffllrllrllrrfffffffrrffffflfffllffrffrrflffllfrffllrrfrfllfflrrlrflrllrlflfrlrrllrfrrlrfllffrrfffrf"/>
	<trajectory sample="5" generation="5000" 
bestEnergy="-27.0" averageEnergy="-13.6352" worstEnergy="-10.0" bestConformation="Conformation 39.0 -39.0 Ffllrllrllrrfffffffrrffffflfffllffrffrrflffllfrffllrrfrfllfflrrlrflrllrlflfrlrrllrfrrlrfllffrrfffrf"/>
	<trajectory sample="6" generation="6000" 
bestEnergy="-27.0" averageEnergy="-14.1103" worstEnergy="-11.0" bestConformation="Conformation 39.0 -39.0 Ffllrllrllrrfffffffrrffffflfffllffrffrrflffllfrffllrrfrfllfflrrlrflrllrlflfrlrrllrfrrlrfllffrrfffrf"/>
	<trajectory sample="7" generation="7000" 
bestEnergy="-28.0" averageEnergy="-14.517" worstEnergy="-11.0" bestConformation="Conformation 39.0 -39.0 Fffllfffllrrfffffffrrffffflfffllffrffrrflffllfrffllrrfrfllfflrrlrflrllrlflfrlrrllrfrrlrfllffrrfffrf"/>
	<trajectory sample="8" generation="8000" 
bestEnergy="-28.0" averageEnergy="-14.9339" worstEnergy="-12.0" bestConformation="Conformation 39.0 -39.0 Fffllfffllrrfffffffrrffffflfffllffrffrrflffllfrffllrrfrfllfflrrlrflrllrlflfrlrrllrfrrlrfllffrrfffrf"/>
	<trajectory sample="9" generation="9000" 
bestEnergy="-28.0" averageEnergy="-15.2911" worstEnergy="-9.0" bestConformation="Conformation 39.0 -39.0 Fffllfffllrrfffffffrrffffflfffllffrffrrflffllfrffllrrfrfllfflrrlrflrllrlflfrlrrllrfrrlrfllffrrfffrf"/>
	<trajectory sample="10" generation="10000" 
bestEnergy="-28.0" averageEnergy="-15.6837" worstEnergy="-13.0" bestConformation="Conformation 39.0 -39.0 Fffllfffllrrfffffffrrffffflfffllffrffrrflffllfrffllrrfrfllfflrrlrflrllrlflfrlrrllrfrrlrfllffrrfffrf"/>
	<trajectory sample="11" generation="11000" 
bestEnergy="-28.0" averageEnergy="-16.0419" worstEnergy="-13.0" bestConformation="Conformation 39.0 -39.0 Fffllfffllrrfffffffrrffffflfffllffrffrrflffllfrffllrrfrfllfflrrlrflrllrlflfrlrrllrfrrlrfllffrrfffrf"/>
	<trajectory sample="12" generation="12000" 
bestEnergy="-28.0" averageEnergy="-16.4065" worstEnergy="-13.0" bestConformation="Conformation 39.0 -39.0 Fffllfffllrrfffffffrrffffflfffllffrffrrflffllfrffllrrfrfllfflrrlrflrllrlflfrlrrllrfrrlrfllffrrfffrf"/>
	<trajectory sample="13" generation="13000" 
bestEnergy="-28.0" averageEnergy="-16.7113" worstEnergy="-14.0" bestConformation="Conformation 39.0 -39.0 Fffllfffllrrfffffffrrffffflfffllffrffrrflffllfrffllrrfrfllfflrrlrflrllrlflfrlrrllrfrrlrfllffrrfffrf"/>
	<trajectory sample="14" generation="14000" 
bestEnergy="-28.0" averageEnergy="-17.0384" worstEnergy="-13.0" bestConformation="Conformation 39.0 -39.0 Fffllfffllrrfffffffrrffffflfffllffrffrrflffllfrffllrrfrfllfflrrlrflrllrlflfrlrrllrfrrlrfllffrrfffrf"/>
	<trajectory sample="15" generation="15000" 
bestEnergy="-28.0" averageEnergy="-17.3449" worstEnergy="-15.0" bestConformation="Conformation 39.0 -39.0 Fffllfffllrrfffffffrrffffflfffllffrffrrflffllfrffllrrfrfllfflrrlrflrllrlflfrlrrllrfrrlrfllffrrfffrf"/>
	<trajectory sample="16" generation="16000" 
bestEnergy="-28.0" averageEnergy="-17.6341" worstEnergy="-15.0" bestConformation="Conformation 39.0 -39.0 Fffllfffllrrfffffffrrffffflfffllffrffrrflffllfrffllrrfrfllfflrrlrflrllrlflfrlrrllrfrrlrfllffrrfffrf"/>
	<trajectory sample="17" generation="17000" 
bestEnergy="-28.0" averageEnergy="-17.9617" worstEnergy="-15.0" bestConformation="Conformation 39.0 -39.0 Fffllfffllrrfffffffrrffffflfffllffrffrrflffllfrffllrrfrfllfflrrlrflrllrlflfrlrrllrfrrlrfllffrrfffrf"/>
	<trajectory sample="18" generation="18000" 
bestEnergy="-28.0" averageEnergy="-18.2382" worstEnergy="-16.0" bestConformation="Conformation 39.0 -39.0 Fffllfffllrrfffffffrrffffflfffllffrffrrflffllfrffllrrfrfllfflrrlrflrllrlflfrlrrllrfrrlrfllffrrfffrf"/>
	<trajectory sample="19" generation="19000" 
bestEnergy="-28.0" averageEnergy="-18.5114" worstEnergy="-16.0" bestConformation="Conformation 39.0 -39.0 Fffllfffllrrfffffffrrffffflfffllffrffrrflffllfrffllrrfrfllfflrrlrflrllrlflfrlrrllrfrrlrfllffrrfffrf"/>
	<trajectory sample="20" generation="20000" 
bestEnergy="-28.0" averageEnergy="-18.8157" worstEnergy="-15.0" bestConformation="Conformation 39.0 -39.0 Fffllfffllrrfffffffrrffffflfffllffrffrrflffllfrffllrrfrfllfflrrlrflrllrlflfrlrrllrfrrlrfllffrrfffrf"/>
	<trajectory sample="21" generation="21000" 
bestEnergy="-28.0" averageEnergy="-19.0762" worstEnergy="-16.0" bestConformation="Conformation 39.0 -39.0 Fffllfffllrrfffffffrrffffflfffllffrffrrflffllfrffllrrfrfllfflrrlrflrllrlflfrlrrllrfrrlrfllffrrfffrf"/>
	<trajectory sample="22" generation="22000" 
bestEnergy="-28.0" averageEnergy="-19.3231" worstEnergy="-17.0" bestConformation="Conformation 39.0 -39.0 Fffllfffllrrfffffffrrffffflfffllffrffrrflffllfrffllrrfrfllfflrrlrflrllrlflfrlrrllrfrrlrfllffrrfffrf"/>
	<trajectory sample="23" generation="23000" 
bestEnergy="-28.0" averageEnergy="-19.6061" worstEnergy="-17.0" bestConformation="Conformation 39.0 -39.0 Fffllfffllrrfffffffrrffffflfffllffrffrrflffllfrffllrrfrfllfflrrlrflrllrlflfrlrrllrfrrlrfllffrrfffrf"/>
	<trajectory sample="24" generation="24000" 
bestEnergy="-28.0" averageEnergy="-19.8783" worstEnergy="-18.0" bestConformation="Conformation 39.0 -39.0 Fffllfffllrrfffffffrrffffflfffllffrffrrflffllfrffllrrfrfllfflrrlrflrllrlflfrlrrllrfrrlrfllffrrfffrf"/>
	<trajectory sample="25" generation="25000" 
bestEnergy="-28.0" averageEnergy="-20.12" worstEnergy="-18.0" bestConformation="Conformation 39.0 -39.0 Fffllfffllrrfffffffrrffffflfffllffrffrrflffllfrffllrrfrfllfflrrlrflrllrlflfrlrrllrfrrlrfllffrrfffrf"/>
	<trajectory sample="26" generation="26000" 
bestEnergy="-28.0" averageEnergy="-20.3721" worstEnergy="-18.0" bestConformation="Conformation 39.0 -39.0 Fffllfffllrrfffffffrrffffflfffllffrffrrflffllfrffllrrfrfllfflrrlrflrllrlflfrlrrllrfrrlrfllffrrfffrf"/>
	<trajectory sample="27" generation="27000" 
bestEnergy="-28.0" averageEnergy="-20.6416" worstEnergy="-18.0" bestConformation="Conformation 39.0 -39.0 Fffllfffllrrfffffffrrffffflfffllffrffrrflffllfrffllrrfrfllfflrrlrflrllrlflfrlrrllrfrrlrfllffrrfffrf"/>
	<trajectory sample="28" generation="28000" 
bestEnergy="-28.0" averageEnergy="-20.8695" worstEnergy="-19.0" bestConformation="Conformation 39.0 -39.0 Fffllfffllrrfffffffrrffffflfffllffrffrrflffllfrffllrrfrfllfflrrlrflrllrlflfrlrrllrfrrlrfllffrrfffrf"/>
	<trajectory sample="29" generation="29000" 
bestEnergy="-28.0" averageEnergy="-21.0999" worstEnergy="-19.0" bestConformation="Conformation 39.0 -39.0 Fffllfffllrrfffffffrrffffflfffllffrffrrflffllfrffllrrfrfllfflrrlrflrllrlflfrlrrllrfrrlrfllffrrfffrf"/>
	<trajectory sample="30" generation="30000" 
bestEnergy="-28.0" averageEnergy="-21.3398" worstEnergy="-19.0" bestConformation="Conformation 39.0 -39.0 Fffllfffllrrfffffffrrffffflfffllffrffrrflffllfrffllrrfrfllfflrrlrflrllrlflfrlrrllrfrrlrfllffrrfffrf"/>
	<trajectory sample="31" generation="31000" 
bestEnergy="-29.0" averageEnergy="-21.5992" worstEnergy="-19.0" bestConformation="Conformation 39.0 -39.0 Fffllfffllrrfffffffrrffffflfffllffrffrrflffllfrffllrrfrfllfflrrlrflrllrlflfrlrrllrfrrlrfllffrrfffrf"/>
	<trajectory sample="32" generation="32000" 
bestEnergy="-29.0" averageEnergy="-21.8095" worstEnergy="-18.0" bestConformation="Conformation 39.0 -39.0 Fffllfffllrrfffffffrrffffflfffllffrffrrflffllfrffllrrfrfllfflrrlrflrllrlflfrlrrllrfrrlrfllffrrfffrf"/>
	<trajectory sample="33" generation="33000" 
bestEnergy="-29.0" averageEnergy="-22.0465" worstEnergy="-20.0" bestConformation="Conformation 39.0 -39.0 Fffllfffllrrfffffffrrffffflfffllffrffrrflffllfrffllrrfrfllfflrrlrflrllrlflfrlrrllrfrrlrfllffrrfffrf"/>
	<trajectory sample="34" generation="34000" 
bestEnergy="-29.0" averageEnergy="-22.2909" worstEnergy="-20.0" bestConformation="Conformation 39.0 -39.0 Fffllfffllrrfffffffrrffffflfffllffrffrrflffllfrffllrrfrfllfflrrlrflrllrlflfrlrrllrfrrlrfllffrrfffrf"/>
	<trajectory sample="35" generation="35000" 
bestEnergy="-29.0" averageEnergy="-22.5629" worstEnergy="-20.0" bestConformation="Conformation 39.0 -39.0 Fffllfffllrrfffffffrrffffflfffllffrffrrflffllfrffllrrfrfllfflrrlrflrllrlflfrlrrllrfrrlrfllffrrfffrf"/>
	<trajectory sample="36" generation="36000" 
bestEnergy="-29.0" averageEnergy="-22.7728" worstEnergy="-19.0" bestConformation="Conformation 39.0 -39.0 Fffllfffllrrfffffffrrffffflfffllffrffrrflffllfrffllrrfrfllfflrrlrflrllrlflfrlrrllrfrrlrfllffrrfffrf"/>
	<trajectory sample="37" generation="37000" 
bestEnergy="-29.0" averageEnergy="-22.9937" worstEnergy="-21.0" bestConformation="Conformation 39.0 -39.0 Fffllfffllrrfffffffrrffffflfffllffrffrrflffllfrffllrrfrfllfflrrlrflrllrlflfrlrrllrfrrlrfllffrrfffrf"/>
	<trajectory sample="38" generation="38000" 
bestEnergy="-30.0" averageEnergy="-23.2332" worstEnergy="-21.0" bestConformation="Conformation 39.0 -39.0 Fffllfffllrrfffffffrrffffflfffllffrffrrflffllfrffllrrfrfllfflrrlrfflflrlflfrlrrllrfrrlrfllffrrfffrf"/>
	<trajectory sample="39" generation="39000" 
bestEnergy="-30.0" averageEnergy="-23.4926" worstEnergy="-21.0" bestConformation="Conformation 39.0 -39.0 Fffllfffllrrfffffffrrffffflfffllffrffrrflffllfrffllrrfrfllfflrrlrfflflrlflfrlrrllrfrrlrfllffrrfffrf"/>
	<trajectory sample="40" generation="40000" 
bestEnergy="-30.0" averageEnergy="-23.7157" worstEnergy="-22.0" bestConformation="Conformation 39.0 -39.0 Fffllfffllrrfffffffrrffffflfffllffrffrrflffllfrffllrrfrfllfflrrlrfflflrlflfrlrrllrfrrlrfllffrrfffrf"/>
	<trajectory sample="41" generation="41000" 
bestEnergy="-30.0" averageEnergy="-23.9397" worstEnergy="-22.0" bestConformation="Conformation 39.0 -39.0 Fffllfffllrrfffffffrrffffflfffllffrffrrflffllfrffllrrfrfllfflrrlrfflflrlflfrlrrllrfrrlrfllffrrfffrf"/>
	<trajectory sample="42" generation="42000" 
bestEnergy="-30.0" averageEnergy="-24.1928" worstEnergy="-22.0" bestConformation="Conformation 39.0 -39.0 Fffllfffllrrfffffffrrffffflfffllffrffrrflffllfrffllrrfrfllfflrrlrfflflrlflfrlrrllrfrrlrfllffrrfffrf"/>
	<trajectory sample="43" generation="43000" 
bestEnergy="-30.0" averageEnergy="-24.4669" worstEnergy="-22.0" bestConformation="Conformation 39.0 -39.0 Fffllfffllrrfffffffrrffffflfffllffrffrrflffllfrffllrrfrfllfflrrlrfflflrlflfrlrrllrfrrlrfllffrrfffrf"/>
	<trajectory sample="44" generation="44000" 
bestEnergy="-30.0" averageEnergy="-24.7596" worstEnergy="-23.0" bestConformation="Conformation 39.0 -39.0 Fffllfffllrrfffffffrrffffflfffllffrffrrflffllfrffllrrfrfllfflrrlrfflflrlflfrlrrllrfrrlrfllffrrfffrf"/>
	<trajectory sample="45" generation="45000" 
bestEnergy="-30.0" averageEnergy="-24.9854" worstEnergy="-23.0" bestConformation="Conformation 39.0 -39.0 Fffllfffllrrfffffffrrffffflfffllffrffrrflffllfrffllrrfrfllfflrrlrfflflrlflfrlrrllrfrrlrfllffrrfffrf"/>
	<trajectory sample="46" generation="46000" 
bestEnergy="-30.0" averageEnergy="-25.2427" worstEnergy="-23.0" bestConformation="Conformation 39.0 -39.0 Fffllfffllrrfffffffrrffffflfffllffrffrrflffllfrffllrrfrfllfflrrlrfflflrlflfrlrrllrfrrlrfllffrrfffrf"/>
	<trajectory sample="47" generation="47000" 
bestEnergy="-30.0" averageEnergy="-25.5128" worstEnergy="-23.0" bestConformation="Conformation 39.0 -39.0 Fffllfffllrrfffffffrrffffflfffllffrffrrflffllfrffllrrfrfllfflrrlrfflflrlflfrlrrllrfrrlrfllffrrfffrf"/>
	<trajectory sample="48" generation="48000" 
bestEnergy="-30.0" averageEnergy="-25.8192" worstEnergy="-23.0" bestConformation="Conformation 39.0 -39.0 Fffllfffllrrfffffffrrffffflfffllffrffrrflffllfrffllrrfrfllfflrrlrfflflrlflfrlrrllrfrrlrfllffrrfffrf"/>
	<trajectory sample="49" generation="49000" 
bestEnergy="-30.0" averageEnergy="-26.0662" worstEnergy="-24.0" bestConformation="Conformation 39.0 -39.0 Fffllfffllrrfffffffrrffffflfffllffrffrrflffllfrffllrrfrfllfflrrlrfflflrlflfrlrrllrfrrlrfllffrrfffrf"/>
	<trajectory sample="50" generation="50000" 
bestEnergy="-31.0" averageEnergy="-26.3085" worstEnergy="-24.0" bestConformation="Conformation 39.0 -39.0 Fffllffrllrrfffffffrrffffflfffllffrffrrflffllfrffllrrfrfllfflrrlrflrllrllfrflrrllrfrrlrfllfrrlrrlrf"/>
	<trajectory sample="51" generation="51000" 
bestEnergy="-31.0" averageEnergy="-26.5734" worstEnergy="-24.0" bestConformation="Conformation 39.0 -39.0 Fffllffrllrrfffffffrrffffflfffllffrffrrflffllfrffllrrfrfllfflrrlrflrllrllfrflrrllrfrrlrfllfrrlrrlrf"/>
	<trajectory sample="52" generation="52000" 
bestEnergy="-31.0" averageEnergy="-26.7857" worstEnergy="-25.0" bestConformation="Conformation 39.0 -39.0 Fffllffrllrrfffffffrrffffflfffllffrffrrflffllfrffllrrfrfllfflrrlrflrllrllfrflrrllrfrrlrfllfrrlrrlrf"/>
	<trajectory sample="53" generation="53000" 
bestEnergy="-31.0" averageEnergy="-26.9732" worstEnergy="-26.0" bestConformation="Conformation 39.0 -39.0 Fffllffrllrrfffffffrrffffflfffllffrffrrflffllfrffllrrfrfllfflrrlrflrllrllfrflrrllrfrrlrfllfrrlrrlrf"/>
	<trajectory sample="54" generation="54000" 
bestEnergy="-31.0" averageEnergy="-27.0889" worstEnergy="-26.0" bestConformation="Conformation 39.0 -39.0 Fffllffrllrrfffffffrrffffflfffllffrffrrflffllfrffllrrfrfllfflrrlrflrllrllfrflrrllrfrrlrfllfrrlrrlrf"/>
	<trajectory sample="55" generation="55000" 
bestEnergy="-31.0" averageEnergy="-27.213" worstEnergy="-26.0" bestConformation="Conformation 39.0 -39.0 Fffllffrllrrfffffffrrffffflfffllffrffrrflffllfrffllrrfrfllfflrrlrflrllrllfrflrrllrfrrlrfllfrrlrrlrf"/>
	<trajectory sample="56" generation="56000" 
bestEnergy="-31.0" averageEnergy="-27.3458" worstEnergy="-26.0" bestConformation="Conformation 39.0 -39.0 Fffllffrllrrfffffffrrffffflfffllffrffrrflffllfrffllrrfrfllfflrrlrflrllrllfrflrrllrfrrlrfllfrrlrrlrf"/>
	<trajectory sample="57" generation="57000" 
bestEnergy="-31.0" averageEnergy="-27.4349" worstEnergy="-25.0" bestConformation="Conformation 39.0 -39.0 Fffllffrllrrfffffffrrffffflfffllffrffrrflffllfrffllrrfrfllfflrrlrflrllrllfrflrrllrfrrlrfllfrrlrrlrf"/>
	<trajectory sample="58" generation="58000" 
bestEnergy="-31.0" averageEnergy="-27.4941" worstEnergy="-27.0" bestConformation="Conformation 39.0 -39.0 Fffllffrllrrfffffffrrffffflfffllffrffrrflffllfrffllrrfrfllfflrrlrflrllrllfrflrrllrfrrlrfllfrrlrrlrf"/>
	<trajectory sample="59" generation="59000" 
bestEnergy="-31.0" averageEnergy="-27.5596" worstEnergy="-27.0" bestConformation="Conformation 39.0 -39.0 Fffllffrllrrfffffffrrffffflfffllffrffrrflffllfrffllrrfrfllfflrrlrflrllrllfrflrrllrfrrlrfllfrrlrrlrf"/>
	<trajectory sample="60" generation="60000" 
bestEnergy="-31.0" averageEnergy="-27.6334" worstEnergy="-27.0" bestConformation="Conformation 39.0 -39.0 Fffllffrllrrfffffffrrffffflfffllffrffrrflffllfrffllrrfrfllfflrrlrflrllrllfrflrrllrfrrlrfllfrrlrrlrf"/>
	<trajectory sample="61" generation="61000" 
bestEnergy="-31.0" averageEnergy="-27.7137" worstEnergy="-27.0" bestConformation="Conformation 39.0 -39.0 Fffllffrllrrfffffffrrffffflfffllffrffrrflffllfrffllrrfrfllfflrrlrflrllrllfrflrrllrfrrlrfllfrrlrrlrf"/>
	<trajectory sample="62" generation="62000" 
bestEnergy="-31.0" averageEnergy="-27.8063" worstEnergy="-27.0" bestConformation="Conformation 39.0 -39.0 Fffllffrllrrfffffffrrffffflfffllffrffrrflffllfrffllrrfrfllfflrrlrflrllrllfrflrrllrfrrlrfllfrrlrrlrf"/>
	<trajectory sample="63" generation="63000" 
bestEnergy="-31.0" averageEnergy="-27.8981" worstEnergy="-25.0" bestConformation="Conformation 39.0 -39.0 Fffllffrllrrfffffffrrffffflfffllffrffrrflffllfrffllrrfrfllfflrrlrflrllrllfrflrrllrfrrlrfllfrrlrrlrf"/>
	<trajectory sample="64" generation="64000" 
bestEnergy="-31.0" averageEnergy="-27.9924" worstEnergy="-27.0" bestConformation="Conformation 39.0 -39.0 Fffllffrllrrfffffffrrffffflfffllffrffrrflffllfrffllrrfrfllfflrrlrflrllrllfrflrrllrfrrlrfllfrrlrrlrf"/>
	<trajectory sample="65" generation="65000" 
bestEnergy="-31.0" averageEnergy="-28.0982" worstEnergy="-27.0" bestConformation="Conformation 39.0 -39.0 Fffllffrllrrfffffffrrffffflfffllffrffrrflffllfrffllrrfrfllfflrrlrflrllrllfrflrrllrfrrlrfllfrrlrrlrf"/>
	<trajectory sample="66" generation="66000" 
bestEnergy="-32.0" averageEnergy="-28.2143" worstEnergy="-27.0" bestConformation="Conformation 39.0 -39.0 Fffllfffllrrfffffffrrffffflfffllffrffrrflffllfrffllrrfrfllfflrrlrflrllrlflfrlrrllrfrrlrfllffrrfffrf"/>
	<trajectory sample="67" generation="67000" 
bestEnergy="-32.0" averageEnergy="-28.3292" worstEnergy="-26.0" bestConformation="Conformation 39.0 -39.0 Fffllfffllrrfffffffrrffffflfffllffrffrrflffllfrffllrrfrfllfflrrlrflrllrlflfrlrrllrfrrlrfllffrrfffrf"/>
	<trajectory sample="68" generation="68000" 
bestEnergy="-32.0" averageEnergy="-28.3794" worstEnergy="-28.0" bestConformation="Conformation 39.0 -39.0 Fffllfffllrrfffffffrrffffflfffllffrffrrflffllfrffllrrfrfllfflrrlrflrllrlflfrlrrllrfrrlrfllffrrfffrf"/>
	<trajectory sample="69" generation="69000" 
bestEnergy="-32.0" averageEnergy="-28.4334" worstEnergy="-23.0" bestConformation="Conformation 39.0 -39.0 Fffllfffllrrfffffffrrffffflfffllffrffrrflffllfrffllrrfrfllfflrrlrflrllrlflfrlrrllrfrrlrfllffrrfffrf"/>
	<trajectory sample="70" generation="70000" 
bestEnergy="-32.0" averageEnergy="-28.4936" worstEnergy="-28.0" bestConformation="Conformation 39.0 -39.0 Fffllfffllrrfffffffrrffffflfffllffrffrrflffllfrffllrrfrfllfflrrlrflrllrlflfrlrrllrfrrlrfllffrrfffrf"/>
	<trajectory sample="71" generation="71000" 
bestEnergy="-32.0" averageEnergy="-28.5612" worstEnergy="-28.0" bestConformation="Conformation 39.0 -39.0 Fffllfffllrrfffffffrrffffflfffllffrffrrflffllfrffllrrfrfllfflrrlrflrllrlflfrlrrllrfrrlrfllffrrfffrf"/>
	<trajectory sample="72" generation="72000" 
bestEnergy="-32.0" averageEnergy="-28.6396" worstEnergy="-28.0" bestConformation="Conformation 39.0 -39.0 Fffllfffllrrfffffffrrffffflfffllffrffrrflffllfrffllrrfrfllfflrrlrflrllrlflfrlrrllrfrrlrfllffrrfffrf"/>
	<trajectory sample="73" generation="73000" 
bestEnergy="-32.0" averageEnergy="-28.7181" worstEnergy="-28.0" bestConformation="Conformation 39.0 -39.0 Fffllfffllrrfffffffrrffffflfffllffrffrrflffllfrffllrrfrfllfflrrlrflrllrlflfrlrrllrfrrlrfllffrrfffrf"/>
	<trajectory sample="74" generation="74000" 
bestEnergy="-32.0" averageEnergy="-28.8146" worstEnergy="-28.0" bestConformation="Conformation 39.0 -39.0 Fffllfffllrrfffffffrrffffflfffllffrffrrflffllfrffllrrfrfllfflrrlrflrllrlflfrlrrllrfrrlrfllffrrfffrf"/>
	<trajectory sample="75" generation="75000" 
bestEnergy="-32.0" averageEnergy="-28.9147" worstEnergy="-26.0" bestConformation="Conformation 39.0 -39.0 Fffllfffllrrfffffffrrffffflfffllffrffrrflffllfrffllrrfrfllfflrrlrflrllrlflfrlrrllrfrrlrfllffrrfffrf"/>
	<trajectory sample="76" generation="76000" 
bestEnergy="-32.0" averageEnergy="-29.0206" worstEnergy="-28.0" bestConformation="Conformation 39.0 -39.0 Fffllfffllrrfffffffrrffffflfffllffrffrrflffllfrffllrrfrfllfflrrlrflrllrlflfrlrrllrfrrlrfllffrrfffrf"/>
	<trajectory sample="77" generation="77000" 
bestEnergy="-33.0" averageEnergy="-29.135" worstEnergy="-28.0" bestConformation="Conformation 39.0 -39.0 Fffllfffllrrfffffffrrffffflfffllffrffrrflffllfrffllrrfrfllfflrrlrflrllrlflfrlrrllrfrrlrfllffrrfffrf"/>
	<trajectory sample="78" generation="78000" 
bestEnergy="-33.0" averageEnergy="-29.2555" worstEnergy="-28.0" bestConformation="Conformation 39.0 -39.0 Fffllfffllrrfffffffrrffffflfffllffrffrrflffllfrffllrrfrfllfflrrlrflrllrlflfrlrrllrfrrlrfllffrrfffrf"/>
	<trajectory sample="79" generation="79000" 
bestEnergy="-33.0" averageEnergy="-29.3875" worstEnergy="-28.0" bestConformation="Conformation 39.0 -39.0 Fffllfffllrrfffffffrrffffflfffllffrffrrflffllfrffllrrfrfllfflrrlrflrllrlflfrlrrllrfrrlrfllffrrfffrf"/>
	<trajectory sample="80" generation="80000" 
bestEnergy="-33.0" averageEnergy="-29.488" worstEnergy="-29.0" bestConformation="Conformation 39.0 -39.0 Fffllfffllrrfffffffrrffffflfffllffrffrrflffllfrffllrrfrfllfflrrlrflrllrlflfrlrrllrfrrlrfllffrrfffrf"/>
	<trajectory sample="81" generation="81000" 
bestEnergy="-33.0" averageEnergy="-29.5515" worstEnergy="-28.0" bestConformation="Conformation 39.0 -39.0 Fffllfffllrrfffffffrrffffflfffllffrffrrflffllfrffllrrfrfllfflrrlrflrllrlflfrlrrllrfrrlrfllffrrfffrf"/>
	<trajectory sample="82" generation="82000" 
bestEnergy="-33.0" averageEnergy="-29.626" worstEnergy="-29.0" bestConformation="Conformation 39.0 -39.0 Fffllfffllrrfffffffrrffffflfffllffrffrrflffllfrffllrrfrfllfflrrlrflrllrlflfrlrrllrfrrlrfllffrrfffrf"/>
	<trajectory sample="83" generation="83000" 
bestEnergy="-33.0" averageEnergy="-29.7068" worstEnergy="-28.0" bestConformation="Conformation 39.0 -39.0 Fffllfffllrrfffffffrrffffflfffllffrffrrflffllfrffllrrfrfllfflrrlrflrllrlflfrlrrllrfrrlrfllffrrfffrf"/>
	<trajectory sample="84" generation="84000" 
bestEnergy="-33.0" averageEnergy="-29.7922" worstEnergy="-29.0" bestConformation="Conformation 39.0 -39.0 Fffllfffllrrfffffffrrffffflfffllffrffrrflffllfrffllrrfrfllfflrrlrflrllrlflfrlrrllrfrrlrfllffrrfffrf"/>
	<trajectory sample="85" generation="85000" 
bestEnergy="-33.0" averageEnergy="-29.8904" worstEnergy="-28.0" bestConformation="Conformation 39.0 -39.0 Fffllfffllrrfffffffrrffffflfffllffrffrrflffllfrffllrrfrfllfflrrlrflrllrlflfrlrrllrfrrlrfllffrrfffrf"/>
	<trajectory sample="86" generation="86000" 
bestEnergy="-34.0" averageEnergy="-29.9882" worstEnergy="-29.0" bestConformation="Conformation 39.0 -39.0 Fffllfffllrrfffffffrrffffflfffllffrffrrflffllfrffllrrfrfllfflrrlrflrllrlflfrlrrllrfrrlrfllfrrlrrlrf"/>
	<trajectory sample="87" generation="87000" 
bestEnergy="-34.0" averageEnergy="-30.1035" worstEnergy="-29.0" bestConformation="Conformation 39.0 -39.0 Fffllfffllrrfffffffrrffffflfffllffrffrrflffllfrffllrrfrfllfflrrlrflrllrlflfrlrrllrfrrlrfllfrrlrrlrf"/>
	<trajectory sample="88" generation="88000" 
bestEnergy="-34.0" averageEnergy="-30.2236" worstEnergy="-29.0" bestConformation="Conformation 39.0 -39.0 Fffllfffllrrfffffffrrffffflfffllffrffrrflffllfrffllrrfrfllfflrrlrflrllrlflfrlrrllrfrrlrfllfrrlrrlrf"/>
	<trajectory sample="89" generation="89000" 
bestEnergy="-34.0" averageEnergy="-30.3517" worstEnergy="-29.0" bestConformation="Conformation 39.0 -39.0 Fffllfffllrrfffffffrrffffflfffllffrffrrflffllfrffllrrfrfllfflrrlrflrllrlflfrlrrllrfrrlrfllfrrlrrlrf"/>
	<trajectory sample="90" generation="90000" 
bestEnergy="-34.0" averageEnergy="-30.4116" worstEnergy="-30.0" bestConformation="Conformation 39.0 -39.0 Fffllfffllrrfffffffrrffffflfffllffrffrrflffllfrffllrrfrfllfflrrlrflrllrlflfrlrrllrfrrlrfllfrrlrrlrf"/>
	<trajectory sample="91" generation="91000" 
bestEnergy="-34.0" averageEnergy="-30.4669" worstEnergy="-30.0" bestConformation="Conformation 39.0 -39.0 Fffllfffllrrfffffffrrffffflfffllffrffrrflffllfrffllrrfrfllfflrrlrflrllrlflfrlrrllrfrrlrfllfrrlrrlrf"/>
	<trajectory sample="92" generation="92000" 
bestEnergy="-35.0" averageEnergy="-30.5336" worstEnergy="-30.0" bestConformation="Conformation 39.0 -39.0 Fffllfffllrrfffffffrrffffflfffllffrffrrflffllfrffllrrfrfllfflrrlrflrllrlflfrlrrllrfrrlrfllfrrlrrlrf"/>
	<trajectory sample="93" generation="93000" 
bestEnergy="-35.0" averageEnergy="-30.5993" worstEnergy="-30.0" bestConformation="Conformation 39.0 -39.0 Fffllfffllrrfffffffrrffffflfffllffrffrrflffllfrffllrrfrfllfflrrlrflrllrlflfrlrrllrfrrlrfllfrrlrrlrf"/>
	<trajectory sample="94" generation="94000" 
bestEnergy="-35.0" averageEnergy="-30.677" worstEnergy="-30.0" bestConformation="Conformation 39.0 -39.0 Fffllfffllrrfffffffrrffffflfffllffrffrrflffllfrffllrrfrfllfflrrlrflrllrlflfrlrrllrfrrlrfllfrrlrrlrf"/>
	<trajectory sample="95" generation="95000" 
bestEnergy="-35.0" averageEnergy="-30.7641" worstEnergy="-30.0" bestConformation="Conformation 39.0 -39.0 Fffllfffllrrfffffffrrffffflfffllffrffrrflffllfrffllrrfrfllfflrrlrflrllrlflfrlrrllrfrrlrfllfrrlrrlrf"/>
	<trajectory sample="96" generation="96000" 
bestEnergy="-35.0" averageEnergy="-30.856" worstEnergy="-30.0" bestConformation="Conformation 39.0 -39.0 Fffllfffllrrfffffffrrffffflfffllffrffrrflffllfrffllrrfrfllfflrrlrflrllrlflfrlrrllrfrrlrfllfrrlrrlrf"/>
	<trajectory sample="97" generation="97000" 
bestEnergy="-35.0" averageEnergy="-30.9583" worstEnergy="-30.0" bestConformation="Conformation 39.0 -39.0 Fffllfffllrrfffffffrrffffflfffllffrffrrflffllfrffllrrfrfllfflrrlrflrllrlflfrlrrllrfrrlrfllfrrlrrlrf"/>
	<trajectory sample="98" generation="98000" 
bestEnergy="-35.0" averageEnergy="-31.0611" worstEnergy="-30.0" bestConformation="Conformation 39.0 -39.0 Fffllfffllrrfffffffrrffffflfffllffrffrrflffllfrffllrrfrfllfflrrlrflrllrlflfrlrrllrfrrlrfllfrrlrrlrf"/>
	<trajectory sample="99" generation="99000" 
bestEnergy="-35.0" averageEnergy="-31.1738" worstEnergy="-30.0" bestConformation="Conformation 39.0 -39.0 Fffllfffllrrfffffffrrffffflfffllffrffrrflffllfrffllrrfrfllfflrrlrflrllrlflfrlrrllrfrrlrfllfrrlrrlrf"/>
	<trajectory sample="100" generation="100000" 
bestEnergy="-35.0" averageEnergy="-31.298" worstEnergy="-29.0" bestConformation="Conformation 39.0 -39.0 Fffllfffllrrfffffffrrffffflfffllffrffrrflffllfrffllrrfrfllfflrrlrflrllrlflfrlrrllrfrrlrfllfrrlrrlrf"/>
	<trajectory sample="101" generation="101000" 
bestEnergy="-35.0" averageEnergy="-31.3497" worstEnergy="-31.0" bestConformation="Conformation 39.0 -39.0 Fffllfffllrrfffffffrrffffflfffllffrffrrflffllfrffllrrfrfllfflrrlrflrllrlflfrlrrllrfrrlrfllfrrlrrlrf"/>
	<trajectory sample="102" generation="102000" 
bestEnergy="-35.0" averageEnergy="-31.4025" worstEnergy="-31.0" bestConformation="Conformation 39.0 -39.0 Fffllfffllrrfffffffrrffffflfffllffrffrrflffllfrffllrrfrfllfflrrlrflrllrlflfrlrrllrfrrlrfllfrrlrrlrf"/>
	<trajectory sample="103" generation="103000" 
bestEnergy="-35.0" averageEnergy="-31.4595" worstEnergy="-31.0" bestConformation="Conformation 39.0 -39.0 Fffllfffllrrfffffffrrffffflfffllffrffrrflffllfrffllrrfrfllfflrrlrflrllrlflfrlrrllrfrrlrfllfrrlrrlrf"/>
	<trajectory sample="104" generation="104000" 
bestEnergy="-35.0" averageEnergy="-31.5215" worstEnergy="-31.0" bestConformation="Conformation 39.0 -39.0 Fffllfffllrrfffffffrrffffflfffllffrffrrflffllfrffllrrfrfllfflrrlrflrllrlflfrlrrllrfrrlrfllfrrlrrlrf"/>
	<trajectory sample="105" generation="105000" 
bestEnergy="-35.0" averageEnergy="-31.5902" worstEnergy="-31.0" bestConformation="Conformation 39.0 -39.0 Fffllfffllrrfffffffrrffffflfffllffrffrrflffllfrffllrrfrfllfflrrlrflrllrlflfrlrrllrfrrlrfllfrrlrrlrf"/>
	<trajectory sample="106" generation="106000" 
bestEnergy="-35.0" averageEnergy="-31.6601" worstEnergy="-29.0" bestConformation="Conformation 39.0 -39.0 Fffllfffllrrfffffffrrffffflfffllffrffrrflffllfrffllrrfrfllfflrrlrflrllrlflfrlrrllrfrrlrfllfrrlrrlrf"/>
	<trajectory sample="107" generation="107000" 
bestEnergy="-35.0" averageEnergy="-31.743" worstEnergy="-31.0" bestConformation="Conformation 39.0 -39.0 Fffllfffllrrfffffffrrffffflfffllffrffrrflffllfrffllrrfrfllfflrrlrflrllrlflfrlrrllrfrrlrfllfrrlrrlrf"/>
	<trajectory sample="108" generation="108000" 
bestEnergy="-35.0" averageEnergy="-31.8293" worstEnergy="-31.0" bestConformation="Conformation 39.0 -39.0 Fffllfffllrrfffffffrrffffflfffllffrffrrflffllfrffllrrfrfllfflrrlrflrllrlflfrlrrllrfrrlrfllfrrlrrlrf"/>
	<trajectory sample="109" generation="109000" 
bestEnergy="-35.0" averageEnergy="-31.9226" worstEnergy="-31.0" bestConformation="Conformation 39.0 -39.0 Fffllfffllrrfffffffrrffffflfffllffrffrrflffllfrffllrrfrfllfflrrlrflrllrlflfrlrrllrfrrlrfllfrrlrrlrf"/>
	<trajectory sample="110" generation="110000" 
bestEnergy="-35.0" averageEnergy="-32.0282" worstEnergy="-24.0" bestConformation="Conformation 39.0 -39.0 Fffllfffllrrfffffffrrffffflfffllffrffrrflffllfrffllrrfrfllfflrrlrflrllrlflfrlrrllrfrrlrfllfrrlrrlrf"/>
	<trajectory sample="111" generation="111000" 
bestEnergy="-35.0" averageEnergy="-32.1345" worstEnergy="-31.0" bestConformation="Conformation 39.0 -39.0 Fffllfffllrrfffffffrrffffflfffllffrffrrflffllfrffllrrfrfllfflrrlrflrllrlflfrlrrllrfrrlrfllfrrlrrlrf"/>
	<trajectory sample="112" generation="112000" 
bestEnergy="-35.0" averageEnergy="-32.2525" worstEnergy="-31.0" bestConformation="Conformation 39.0 -39.0 Fffllfffllrrfffffffrrffffflfffllffrffrrflffllfrffllrrfrfllfflrrlrflrllrlflfrlrrllrfrrlrfllfrrlrrlrf"/>
	<trajectory sample="113" generation="113000" 
bestEnergy="-35.0" averageEnergy="-32.3487" worstEnergy="-32.0" bestConformation="Conformation 39.0 -39.0 Fffllfffllrrfffffffrrffffflfffllffrffrrflffllfrffllrrfrfllfflrrlrflrllrlflfrlrrllrfrrlrfllfrrlrrlrf"/>
	<trajectory sample="114" generation="114000" 
bestEnergy="-36.0" averageEnergy="-32.403" worstEnergy="-32.0" bestConformation="Conformation 39.0 -39.0 Fffllfffllrrfffffffrrffffflfffllffrffrrflffllfrffllrrfrfllfflrrlrflrllrlflfrlrrllrfrrlrfllffrrfffrf"/>
	<trajectory sample="115" generation="115000" 
bestEnergy="-36.0" averageEnergy="-32.4647" worstEnergy="-32.0" bestConformation="Conformation 39.0 -39.0 Fffllfffllrrfffffffrrffffflfffllffrffrrflffllfrffllrrfrfllfflrrlrflrllrlflfrlrrllrfrrlrfllffrrfffrf"/>
	<trajectory sample="116" generation="116000" 
bestEnergy="-36.0" averageEnergy="-32.527" worstEnergy="-32.0" bestConformation="Conformation 39.0 -39.0 Fffllfffllrrfffffffrrffffflfffllffrffrrflffllfrffllrrfrfllfflrrlrflrllrlflfrlrrllrfrrlrfllffrrfffrf"/>
	<trajectory sample="117" generation="117000" 
bestEnergy="-36.0" averageEnergy="-32.5918" worstEnergy="-32.0" bestConformation="Conformation 39.0 -39.0 Fffllfffllrrfffffffrrffffflfffllffrffrrflffllfrffllrrfrfllfflrrlrflrllrlflfrlrrllrfrrlrfllffrrfffrf"/>
	<trajectory sample="118" generation="118000" 
bestEnergy="-36.0" averageEnergy="-32.6607" worstEnergy="-27.0" bestConformation="Conformation 39.0 -39.0 Fffllfffllrrfffffffrrffffflfffllffrffrrflffllfrffllrrfrfllfflrrlrflrllrlflfrlrrllrfrrlrfllffrrfffrf"/>
	<trajectory sample="119" generation="119000" 
bestEnergy="-36.0" averageEnergy="-32.7451" worstEnergy="-32.0" bestConformation="Conformation 39.0 -39.0 Fffllfffllrrfffffffrrffffflfffllffrffrrflffllfrffllrrfrfllfflrrlrflrllrlflfrlrrllrfrrlrfllffrrfffrf"/>
	<trajectory sample="120" generation="120000" 
bestEnergy="-36.0" averageEnergy="-32.8305" worstEnergy="-32.0" bestConformation="Conformation 39.0 -39.0 Fffllfffllrrfffffffrrffffflfffllffrffrrflffllfrffllrrfrfllfflrrlrflrllrlflfrlrrllrfrrlrfllffrrfffrf"/>
	<trajectory sample="121" generation="121000" 
bestEnergy="-36.0" averageEnergy="-32.9255" worstEnergy="-32.0" bestConformation="Conformation 39.0 -39.0 Fffllfffllrrfffffffrrffffflfffllffrffrrflffllfrffllrrfrfllfflrrlrflrllrlflfrlrrllrfrrlrfllffrrfffrf"/>
	<trajectory sample="122" generation="122000" 
bestEnergy="-36.0" averageEnergy="-33.0231" worstEnergy="-32.0" bestConformation="Conformation 39.0 -39.0 Fffllfffllrrfffffffrrffffflfffllffrffrrflffllfrffllrrfrfllfflrrlrflrllrlflfrlrrllrfrrlrfllffrrfffrf"/>
	<trajectory sample="123" generation="123000" 
bestEnergy="-36.0" averageEnergy="-33.131" worstEnergy="-32.0" bestConformation="Conformation 39.0 -39.0 Fffllfffllrrfffffffrrffffflfffllffrffrrflffllfrffllrrfrfllfflrrlrflrllrlflfrlrrllrfrrlrfllffrrfffrf"/>
	<trajectory sample="124" generation="124000" 
bestEnergy="-36.0" averageEnergy="-33.2453" worstEnergy="-32.0" bestConformation="Conformation 39.0 -39.0 Fffllfffllrrfffffffrrffffflfffllffrffrrflffllfrffllrrfrfllfflrrlrflrllrlflfrlrrllrfrrlrfllffrrfffrf"/>
	<trajectory sample="125" generation="125000" 
bestEnergy="-36.0" averageEnergy="-33.3373" worstEnergy="-33.0" bestConformation="Conformation 39.0 -39.0 Fffllfffllrrfffffffrrffffflfffllffrffrrflffllfrffllrrfrfllfflrrlrflrllrlflfrlrrllrfrrlrfllffrrfffrf"/>
	<trajectory sample="126" generation="126000" 
bestEnergy="-36.0" averageEnergy="-33.3896" worstEnergy="-33.0" bestConformation="Conformation 39.0 -39.0 Fffllfffllrrfffffffrrffffflfffllffrffrrflffllfrffllrrfrfllfflrrlrflrllrlflfrlrrllrfrrlrfllffrrfffrf"/>
	<trajectory sample="127" generation="127000" 
bestEnergy="-36.0" averageEnergy="-33.4431" worstEnergy="-33.0" bestConformation="Conformation 39.0 -39.0 Fffllfffllrrfffffffrrffffflfffllffrffrrflffllfrffllrrfrfllfflrrlrflrllrlflfrlrrllrfrrlrfllffrrfffrf"/>
	<trajectory sample="128" generation="128000" 
bestEnergy="-36.0" averageEnergy="-33.5002" worstEnergy="-31.0" bestConformation="Conformation 39.0 -39.0 Fffllfffllrrfffffffrrffffflfffllffrffrrflffllfrffllrrfrfllfflrrlrflrllrlflfrlrrllrfrrlrfllffrrfffrf"/>
	<trajectory sample="129" generation="129000" 
bestEnergy="-36.0" averageEnergy="-33.5609" worstEnergy="-33.0" bestConformation="Conformation 39.0 -39.0 Fffllfffllrrfffffffrrffffflfffllffrffrrflffllfrffllrrfrfllfflrrlrflrllrlflfrlrrllrfrrlrfllffrrfffrf"/>
	<trajectory sample="130" generation="130000" 
bestEnergy="-36.0" averageEnergy="-33.6322" worstEnergy="-29.0" bestConformation="Conformation 39.0 -39.0 Fffllfffllrrfffffffrrffffflfffllffrffrrflffllfrffllrrfrfllfflrrlrflrllrlflfrlrrllrfrrlrfllffrrfffrf"/>
	<trajectory sample="131" generation="131000" 
bestEnergy="-36.0" averageEnergy="-33.7043" worstEnergy="-33.0" bestConformation="Conformation 39.0 -39.0 Fffllfffllrrfffffffrrffffflfffllffrffrrflffllfrffllrrfrfllfflrrlrflrllrlflfrlrrllrfrrlrfllffrrfffrf"/>
	<trajectory sample="132" generation="132000" 
bestEnergy="-36.0" averageEnergy="-33.7847" worstEnergy="-31.0" bestConformation="Conformation 39.0 -39.0 Fffllfffllrrfffffffrrffffflfffllffrffrrflffllfrffllrrfrfllfflrrlrflrllrlflfrlrrllrfrrlrfllffrrfffrf"/>
	<trajectory sample="133" generation="133000" 
bestEnergy="-36.0" averageEnergy="-33.8754" worstEnergy="-33.0" bestConformation="Conformation 39.0 -39.0 Fffllfffllrrfffffffrrffffflfffllffrffrrflffllfrffllrrfrfllfflrrlrflrllrlflfrlrrllrfrrlrfllffrrfffrf"/>
	<trajectory sample="134" generation="134000" 
bestEnergy="-36.0" averageEnergy="-33.9648" worstEnergy="-33.0" bestConformation="Conformation 39.0 -39.0 Fffllfffllrrfffffffrrffffflfffllffrffrrflffllfrffllrrfrfllfflrrlrflrllrlflfrlrrllrfrrlrfllffrrfffrf"/>
	<trajectory sample="135" generation="135000" 
bestEnergy="-36.0" averageEnergy="-34.0611" worstEnergy="-33.0" bestConformation="Conformation 39.0 -39.0 Fffllfffllrrfffffffrrffffflfffllffrffrrflffllfrffllrrfrfllfflrrlrflrllrlflfrlrrllrfrrlrfllffrrfffrf"/>
	<trajectory sample="136" generation="136000" 
bestEnergy="-36.0" averageEnergy="-34.1668" worstEnergy="-33.0" bestConformation="Conformation 39.0 -39.0 Fffllfffllrrfffffffrrffffflfffllffrffrrflffllfrffllrrfrfllfflrrlrflrllrlflfrlrrllrfrrlrfllffrrfffrf"/>
	<trajectory sample="137" generation="137000" 
bestEnergy="-36.0" averageEnergy="-34.2667" worstEnergy="-34.0" bestConformation="Conformation 39.0 -39.0 Fffllfffllrrfffffffrrffffflfffllffrffrrflffllfrffllrrfrfllfflrrlrflrllrlflfrlrrllrfrrlrfllffrrfffrf"/>
	<trajectory sample="138" generation="138000" 
bestEnergy="-36.0" averageEnergy="-34.3048" worstEnergy="-33.0" bestConformation="Conformation 39.0 -39.0 Fffllfffllrrfffffffrrffffflfffllffrffrrflffllfrffllrrfrfllfflrrlrflrllrlflfrlrrllrfrrlrfllffrrfffrf"/>
	<trajectory sample="139" generation="139000" 
bestEnergy="-37.0" averageEnergy="-34.3448" worstEnergy="-34.0" bestConformation="Conformation 39.0 -39.0 Ffllrllrllrrfffffffrrffffflfffllffrffrrflffllfrffllrrfrfllfflrrlrflrllrlflfrlrrllrfrrlrfllffrrfffrf"/>
	<trajectory sample="140" generation="140000" 
bestEnergy="-37.0" averageEnergy="-34.3908" worstEnergy="-33.0" bestConformation="Conformation 39.0 -39.0 Ffllrllrllrrfffffffrrffffflfffllffrffrrflffllfrffllrrfrfllfflrrlrflrllrlflfrlrrllrfrrlrfllffrrfffrf"/>
	<trajectory sample="141" generation="141000" 
bestEnergy="-37.0" averageEnergy="-34.4436" worstEnergy="-34.0" bestConformation="Conformation 39.0 -39.0 Ffllrllrllrrfffffffrrffffflfffllffrffrrflffllfrffllrrfrfllfflrrlrflrllrlflfrlrrllrfrrlrfllffrrfffrf"/>
	<trajectory sample="142" generation="142000" 
bestEnergy="-37.0" averageEnergy="-34.4992" worstEnergy="-34.0" bestConformation="Conformation 39.0 -39.0 Ffllrllrllrrfffffffrrffffflfffllffrffrrflffllfrffllrrfrfllfflrrlrflrllrlflfrlrrllrfrrlrfllffrrfffrf"/>
	<trajectory sample="143" generation="143000" 
bestEnergy="-37.0" averageEnergy="-34.5547" worstEnergy="-34.0" bestConformation="Conformation 39.0 -39.0 Ffllrllrllrrfffffffrrffffflfffllffrffrrflffllfrffllrrfrfllfflrrlrflrllrlflfrlrrllrfrrlrfllffrrfffrf"/>
	<trajectory sample="144" generation="144000" 
bestEnergy="-37.0" averageEnergy="-34.6188" worstEnergy="-32.0" bestConformation="Conformation 39.0 -39.0 Ffllrllrllrrfffffffrrffffflfffllffrffrrflffllfrffllrrfrfllfflrrlrflrllrlflfrlrrllrfrrlrfllffrrfffrf"/>
	<trajectory sample="145" generation="145000" 
bestEnergy="-37.0" averageEnergy="-34.6875" worstEnergy="-31.0" bestConformation="Conformation 39.0 -39.0 Ffllrllrllrrfffffffrrffffflfffllffrffrrflffllfrffllrrfrfllfflrrlrflrllrlflfrlrrllrfrrlrfllffrrfffrf"/>
	<trajectory sample="146" generation="146000" 
bestEnergy="-37.0" averageEnergy="-34.7618" worstEnergy="-34.0" bestConformation="Conformation 39.0 -39.0 Ffllrllrllrrfffffffrrffffflfffllffrffrrflffllfrffllrrfrfllfflrrlrflrllrlflfrlrrllrfrrlrfllffrrfffrf"/>
	<trajectory sample="147" generation="147000" 
bestEnergy="-37.0" averageEnergy="-34.8399" worstEnergy="-34.0" bestConformation="Conformation 39.0 -39.0 Ffllrllrllrrfffffffrrffffflfffllffrffrrflffllfrffllrrfrfllfflrrlrflrllrlflfrlrrllrfrrlrfllffrrfffrf"/>
	<trajectory sample="148" generation="148000" 
bestEnergy="-37.0" averageEnergy="-34.9262" worstEnergy="-34.0" bestConformation="Conformation 39.0 -39.0 Ffllrllrllrrfffffffrrffffflfffllffrffrrflffllfrffllrrfrfllfflrrlrflrllrlflfrlrrllrfrrlrfllffrrfffrf"/>
	<trajectory sample="149" generation="149000" 
bestEnergy="-37.0" averageEnergy="-35.0156" worstEnergy="-34.0" bestConformation="Conformation 39.0 -39.0 Ffllrllrllrrfffffffrrffffflfffllffrffrrflffllfrffllrrfrfllfflrrlrflrllrlflfrlrrllrfrrlrfllffrrfffrf"/>
	<trajectory sample="150" generation="150000" 
bestEnergy="-37.0" averageEnergy="-35.1198" worstEnergy="-34.0" bestConformation="Conformation 39.0 -39.0 Ffllrllrllrrfffffffrrffffflfffllffrffrrflffllfrffllrrfrfllfflrrlrflrllrlflfrlrrllrfrrlrfllffrrfffrf"/>
	<trajectory sample="151" generation="151000" 
bestEnergy="-37.0" averageEnergy="-35.1731" worstEnergy="-35.0" bestConformation="Conformation 39.0 -39.0 Ffllrllrllrrfffffffrrffffflfffllffrffrrflffllfrffllrrfrfllfflrrlrflrllrlflfrlrrllrfrrlrfllffrrfffrf"/>
	<trajectory sample="152" generation="152000" 
bestEnergy="-37.0" averageEnergy="-35.1977" worstEnergy="-35.0" bestConformation="Conformation 39.0 -39.0 Ffllrllrllrrfffffffrrffffflfffllffrffrrflffllfrffllrrfrfllfflrrlrflrllrlflfrlrrllrfrrlrfllffrrfffrf"/>
	<trajectory sample="153" generation="153000" 
bestEnergy="-37.0" averageEnergy="-35.226" worstEnergy="-34.0" bestConformation="Conformation 39.0 -39.0 Ffllrllrllrrfffffffrrffffflfffllffrffrrflffllfrffllrrfrfllfflrrlrflrllrlflfrlrrllrfrrlrfllffrrfffrf"/>
	<trajectory sample="154" generation="154000" 
bestEnergy="-37.0" averageEnergy="-35.2577" worstEnergy="-32.0" bestConformation="Conformation 39.0 -39.0 Ffllrllrllrrfffffffrrffffflfffllffrffrrflffllfrffllrrfrfllfflrrlrflrllrlflfrlrrllrfrrlrfllffrrfffrf"/>
	<trajectory sample="155" generation="155000" 
bestEnergy="-37.0" averageEnergy="-35.2929" worstEnergy="-33.0" bestConformation="Conformation 39.0 -39.0 Ffllrllrllrrfffffffrrffffflfffllffrffrrflffllfrffllrrfrfllfflrrlrflrllrlflfrlrrllrfrrlrfllffrrfffrf"/>
	<trajectory sample="156" generation="156000" 
bestEnergy="-37.0" averageEnergy="-35.3284" worstEnergy="-35.0" bestConformation="Conformation 39.0 -39.0 Ffllrllrllrrfffffffrrffffflfffllffrffrrflffllfrffllrrfrfllfflrrlrflrllrlflfrlrrllrfrrlrfllffrrfffrf"/>
	<trajectory sample="157" generation="157000" 
bestEnergy="-37.0" averageEnergy="-35.3716" worstEnergy="-35.0" bestConformation="Conformation 39.0 -39.0 Ffllrllrllrrfffffffrrffffflfffllffrffrrflffllfrffllrrfrfllfflrrlrflrllrlflfrlrrllrfrrlrfllffrrfffrf"/>
	<trajectory sample="158" generation="158000" 
bestEnergy="-37.0" averageEnergy="-35.4171" worstEnergy="-35.0" bestConformation="Conformation 39.0 -39.0 Ffllrllrllrrfffffffrrffffflfffllffrffrrflffllfrffllrrfrfllfflrrlrflrllrlflfrlrrllrfrrlrfllffrrfffrf"/>
	<trajectory sample="159" generation="159000" 
bestEnergy="-37.0" averageEnergy="-35.4648" worstEnergy="-33.0" bestConformation="Conformation 39.0 -39.0 Ffllrllrllrrfffffffrrffffflfffllffrffrrflffllfrffllrrfrfllfflrrlrflrllrlflfrlrrllrfrrlrfllffrrfffrf"/>
	<trajectory sample="160" generation="160000" 
bestEnergy="-37.0" averageEnergy="-35.5178" worstEnergy="-34.0" bestConformation="Conformation 39.0 -39.0 Ffllrllrllrrfffffffrrffffflfffllffrffrrflffllfrffllrrfrfllfflrrlrflrllrlflfrlrrllrfrrlrfllffrrfffrf"/>
	<trajectory sample="161" generation="161000" 
bestEnergy="-37.0" averageEnergy="-35.5784" worstEnergy="-35.0" bestConformation="Conformation 39.0 -39.0 Ffllrllrllrrfffffffrrffffflfffllffrffrrflffllfrffllrrfrfllfflrrlrflrllrlflfrlrrllrfrrlrfllffrrfffrf"/>
	<trajectory sample="162" generation="162000" 
bestEnergy="-37.0" averageEnergy="-35.6434" worstEnergy="-35.0" bestConformation="Conformation 39.0 -39.0 Ffllrllrllrrfffffffrrffffflfffllffrffrrflffllfrffllrrfrfllfflrrlrflrllrlflfrlrrllrfrrlrfllffrrfffrf"/>
	<trajectory sample="163" generation="163000" 
bestEnergy="-37.0" averageEnergy="-35.7103" worstEnergy="-35.0" bestConformation="Conformation 39.0 -39.0 Ffllrllrllrrfffffffrrffffflfffllffrffrrflffllfrffllrrfrfllfflrrlrflrllrlflfrlrrllrfrrlrfllffrrfffrf"/>
	<trajectory sample="164" generation="164000" 
bestEnergy="-37.0" averageEnergy="-35.7835" worstEnergy="-35.0" bestConformation="Conformation 39.0 -39.0 Ffllrllrllrrfffffffrrffffflfffllffrffrrflffllfrffllrrfrfllfflrrlrflrllrlflfrlrrllrfrrlrfllffrrfffrf"/>
	<trajectory sample="165" generation="165000" 
bestEnergy="-37.0" averageEnergy="-35.8613" worstEnergy="-35.0" bestConformation="Conformation 39.0 -39.0 Ffllrllrllrrfffffffrrffffflfffllffrffrrflffllfrffllrrfrfllfflrrlrflrllrlflfrlrrllrfrrlrfllffrrfffrf"/>
	<trajectory sample="166" generation="166000" 
bestEnergy="-37.0" averageEnergy="-35.9401" worstEnergy="-35.0" bestConformation="Conformation 39.0 -39.0 Ffllrllrllrrfffffffrrffffflfffllffrffrrflffllfrffllrrfrfllfflrrlrflrllrlflfrlrrllrfrrlrfllffrrfffrf"/>
	<trajectory sample="167" generation="167000" 
bestEnergy="-37.0" averageEnergy="-36.028" worstEnergy="-35.0" bestConformation="Conformation 39.0 -39.0 Ffllrllrllrrfffffffrrffffflfffllffrffrrflffllfrffllrrfrfllfflrrlrflrllrlflfrlrrllrfrrlrfllffrrfffrf"/>
	<trajectory sample="168" generation="168000" 
bestEnergy="-37.0" averageEnergy="-36.0933" worstEnergy="-35.0" bestConformation="Conformation 39.0 -39.0 Ffllrllrllrrfffffffrrffffflfffllffrffrrflffllfrffllrrfrfllfflrrlrflrllrlflfrlrrllrfrrlrfllffrrfffrf"/>
	<trajectory sample="169" generation="169000" 
bestEnergy="-37.0" averageEnergy="-36.1084" worstEnergy="-36.0" bestConformation="Conformation 39.0 -39.0 Ffllrllrllrrfffffffrrffffflfffllffrffrrflffllfrffllrrfrfllfflrrlrflrllrlflfrlrrllrfrrlrfllffrrfffrf"/>
	<trajectory sample="170" generation="170000" 
bestEnergy="-37.0" averageEnergy="-36.1251" worstEnergy="-36.0" bestConformation="Conformation 39.0 -39.0 Ffllrllrllrrfffffffrrffffflfffllffrffrrflffllfrffllrrfrfllfflrrlrflrllrlflfrlrrllrfrrlrfllffrrfffrf"/>
	<trajectory sample="171" generation="171000" 
bestEnergy="-37.0" averageEnergy="-36.1466" worstEnergy="-36.0" bestConformation="Conformation 39.0 -39.0 Ffllrllrllrrfffffffrrffffflfffllffrffrrflffllfrffllrrfrfllfflrrlrflrllrlflfrlrrllrfrrlrfllffrrfffrf"/>
	<trajectory sample="172" generation="172000" 
bestEnergy="-37.0" averageEnergy="-36.1681" worstEnergy="-36.0" bestConformation="Conformation 39.0 -39.0 Ffllrllrllrrfffffffrrffffflfffllffrffrrflffllfrffllrrfrfllfflrrlrflrllrlflfrlrrllrfrrlrfllffrrfffrf"/>
	<trajectory sample="173" generation="173000" 
bestEnergy="-37.0" averageEnergy="-36.1901" worstEnergy="-31.0" bestConformation="Conformation 39.0 -39.0 Ffllrllrllrrfffffffrrffffflfffllffrffrrflffllfrffllrrfrfllfflrrlrflrllrlflfrlrrllrfrrlrfllffrrfffrf"/>
	<trajectory sample="174" generation="174000" 
bestEnergy="-37.0" averageEnergy="-36.2183" worstEnergy="-35.0" bestConformation="Conformation 39.0 -39.0 Ffllrllrllrrfffffffrrffffflfffllffrffrrflffllfrffllrrfrfllfflrrlrflrllrlflfrlrrllrfrrlrfllffrrfffrf"/>
	<trajectory sample="175" generation="175000" 
bestEnergy="-37.0" averageEnergy="-36.248" worstEnergy="-35.0" bestConformation="Conformation 39.0 -39.0 Ffllrllrllrrfffffffrrffffflfffllffrffrrflffllfrffllrrfrfllfflrrlrflrllrlflfrlrrllrfrrlrfllffrrfffrf"/>
	<trajectory sample="176" generation="176000" 
bestEnergy="-37.0" averageEnergy="-36.2812" worstEnergy="-33.0" bestConformation="Conformation 39.0 -39.0 Ffllrllrllrrfffffffrrffffflfffllffrffrrflffllfrffllrrfrfllfflrrlrflrllrlflfrlrrllrfrrlrfllffrrfffrf"/>
	<trajectory sample="177" generation="177000" 
bestEnergy="-37.0" averageEnergy="-36.3154" worstEnergy="-36.0" bestConformation="Conformation 39.0 -39.0 Ffllrllrllrrfffffffrrffffflfffllffrffrrflffllfrffllrrfrfllfflrrlrflrllrlflfrlrrllrfrrlrfllffrrfffrf"/>
	<trajectory sample="178" generation="178000" 
bestEnergy="-37.0" averageEnergy="-36.3554" worstEnergy="-36.0" bestConformation="Conformation 39.0 -39.0 Ffllrllrllrrfffffffrrffffflfffllffrffrrflffllfrffllrrfrfllfflrrlrflrllrlflfrlrrllrfrrlrfllffrrfffrf"/>
	<trajectory sample="179" generation="179000" 
bestEnergy="-37.0" averageEnergy="-36.3999" worstEnergy="-36.0" bestConformation="Conformation 39.0 -39.0 Ffllrllrllrrfffffffrrffffflfffllffrffrrflffllfrffllrrfrfllfflrrlrflrllrlflfrlrrllrfrrlrfllffrrfffrf"/>
	<trajectory sample="180" generation="180000" 
bestEnergy="-37.0" averageEnergy="-36.4436" worstEnergy="-36.0" bestConformation="Conformation 39.0 -39.0 Ffllrllrllrrfffffffrrffffflfffllffrffrrflffllfrffllrrfrfllfflrrlrflrllrlflfrlrrllrfrrlrfllffrrfffrf"/>
	<trajectory sample="181" generation="181000" 
bestEnergy="-37.0" averageEnergy="-36.4945" worstEnergy="-36.0" bestConformation="Conformation 39.0 -39.0 Ffllrllrllrrfffffffrrffffflfffllffrffrrflffllfrffllrrfrfllfflrrlrflrllrlflfrlrrllrfrrlrfllffrrfffrf"/>
	<trajectory sample="182" generation="182000" 
bestEnergy="-37.0" averageEnergy="-36.5494" worstEnergy="-36.0" bestConformation="Conformation 39.0 -39.0 Ffllrllrllrrfffffffrrffffflfffllffrffrrflffllfrffllrrfrfllfflrrlrflrllrlflfrlrrllrfrrlrfllffrrfffrf"/>
	<trajectory sample="183" generation="183000" 
bestEnergy="-38.0" averageEnergy="-36.6081" worstEnergy="-36.0" bestConformation="Conformation 39.0 -39.0 Fffllfffllrrfffffffrrffffflfffllffrffrrflffllfrffllrrfrfllfflrrlrflrllrlflfrlrrllrfrrlrfllffrrfffrf"/>
	<trajectory sample="184" generation="184000" 
bestEnergy="-38.0" averageEnergy="-36.6651" worstEnergy="-36.0" bestConformation="Conformation 39.0 -39.0 Fffllfffllrrfffffffrrffffflfffllffrffrrflffllfrffllrrfrfllfflrrlrflrllrlflfrlrrllrfrrlrfllffrrfffrf"/>
	<trajectory sample="185" generation="185000" 
bestEnergy="-38.0" averageEnergy="-36.7283" worstEnergy="-36.0" bestConformation="Conformation 39.0 -39.0 Fffllfffllrrfffffffrrffffflfffllffrffrrflffllfrffllrrfrfllfflrrlrflrllrlflfrlrrllrfrrlrfllffrrfffrf"/>
	<trajectory sample="186" generation="186000" 
bestEnergy="-38.0" averageEnergy="-36.7964" worstEnergy="-36.0" bestConformation="Conformation 39.0 -39.0 Fffllfffllrrfffffffrrffffflfffllffrffrrflffllfrffllrrfrfllfflrrlrflrllrlflfrlrrllrfrrlrfllffrrfffrf"/>
	<trajectory sample="187" generation="187000" 
bestEnergy="-38.0" averageEnergy="-36.8682" worstEnergy="-36.0" bestConformation="Conformation 39.0 -39.0 Fffllfffllrrfffffffrrffffflfffllffrffrrflffllfrffllrrfrfllfflrrlrflrllrlflfrlrrllrfrrlrfllffrrfffrf"/>
	<trajectory sample="188" generation="188000" 
bestEnergy="-38.0" averageEnergy="-36.9443" worstEnergy="-36.0" bestConformation="Conformation 39.0 -39.0 Fffllfffllrrfffffffrrffffflfffllffrffrrflffllfrffllrrfrfllfflrrlrflrllrlflfrlrrllrfrrlrfllffrrfffrf"/>
	<trajectory sample="189" generation="189000" 
bestEnergy="-38.0" averageEnergy="-37.0003" worstEnergy="-33.0" bestConformation="Conformation 39.0 -39.0 Fffllfffllrrfffffffrrffffflfffllffrffrrflffllfrffllrrfrfllfflrrlrflrllrlflfrlrrllrfrrlrfllffrrfffrf"/>
	<trajectory sample="190" generation="190000" 
bestEnergy="-38.0" averageEnergy="-37.0009" worstEnergy="-37.0" bestConformation="Conformation 39.0 -39.0 Fffllfffllrrfffffffrrffffflfffllffrffrrflffllfrffllrrfrfllfflrrlrflrllrlflfrlrrllrfrrlrfllffrrfffrf"/>
	<trajectory sample="191" generation="191000" 
bestEnergy="-38.0" averageEnergy="-37.0008" worstEnergy="-34.0" bestConformation="Conformation 39.0 -39.0 Fffllfffllrrfffffffrrffffflfffllffrffrrflffllfrffllrrfrfllfflrrlrflrllrlflfrlrrllrfrrlrfllffrrfffrf"/>
	<trajectory sample="192" generation="192000" 
bestEnergy="-38.0" averageEnergy="-37.0009" worstEnergy="-34.0" bestConformation="Conformation 39.0 -39.0 Fffllfffllrrfffffffrrffffflfffllffrffrrflffllfrffllrrfrfllfflrrlrflrllrlflfrlrrllrfrrlrfllffrrfffrf"/>
	<trajectory sample="193" generation="193000" 
bestEnergy="-38.0" averageEnergy="-37.0017" worstEnergy="-37.0" bestConformation="Conformation 39.0 -39.0 Fffllfffllrrfffffffrrffffflfffllffrffrrflffllfrffllrrfrfllfflrrlrflrllrlflfrlrrllrfrrlrfllffrrfffrf"/>
	<trajectory sample="194" generation="194000" 
bestEnergy="-38.0" averageEnergy="-37.0019" worstEnergy="-37.0" bestConformation="Conformation 39.0 -39.0 Fffllfffllrrfffffffrrffffflfffllffrffrrflffllfrffllrrfrfllfflrrlrflrllrlflfrlrrllrfrrlrfllffrrfffrf"/>
	<trajectory sample="195" generation="195000" 
bestEnergy="-38.0" averageEnergy="-37.002" worstEnergy="-33.0" bestConformation="Conformation 39.0 -39.0 Fffllfffllrrfffffffrrffffflfffllffrffrrflffllfrffllrrfrfllfflrrlrflrllrlflfrlrrllrfrrlrfllffrrfffrf"/>
	<trajectory sample="196" generation="196000" 
bestEnergy="-38.0" averageEnergy="-37.0029" worstEnergy="-37.0" bestConformation="Conformation 39.0 -39.0 Fffllfffllrrfffffffrrffffflfffllffrffrrflffllfrffllrrfrfllfflrrlrflrllrlflfrlrrllrfrrlrfllffrrfffrf"/>
	<trajectory sample="197" generation="197000" 
bestEnergy="-39.0" averageEnergy="-37.0032" worstEnergy="-34.0" bestConformation="Conformation 39.0 -39.0 Fffllfffllrrfffffffrrffffflfffllffrffrrflffllfrffllrrfrfllfflrrlrflrllrlflfrlrrllrfrrlrfllfrrlrrlrf"/>
	<trajectory sample="198" generation="198000" 
bestEnergy="-39.0" averageEnergy="-37.0042" worstEnergy="-37.0" bestConformation="Conformation 39.0 -39.0 Fffllfffllrrfffffffrrffffflfffllffrffrrflffllfrffllrrfrfllfflrrlrflrllrlflfrlrrllrfrrlrfllfrrlrrlrf"/>
	<trajectory sample="199" generation="199000" 
bestEnergy="-39.0" averageEnergy="-37.0046" worstEnergy="-37.0" bestConformation="Conformation 39.0 -39.0 Fffllfffllrrfffffffrrffffflfffllffrffrrflffllfrffllrrfrfllfflrrlrflrllrlflfrlrrllrfrrlrfllfrrlrrlrf"/>
	<trajectory sample="200" generation="200000" 
bestEnergy="-39.0" averageEnergy="-37.0054" worstEnergy="-37.0" bestConformation="Conformation 39.0 -39.0 Fffllfffllrrfffffffrrffffflfffllffrffrrflffllfrffllrrfrfllfflrrlrflrllrlflfrlrrllrfrrlrfllfrrlrrlrf"/>
	<trajectory sample="201" generation="201000" 
bestEnergy="-39.0" averageEnergy="-37.0063" worstEnergy="-37.0" bestConformation="Conformation 39.0 -39.0 Fffllfffllrrfffffffrrffffflfffllffrffrrflffllfrffllrrfrfllfflrrlrflrllrlflfrlrrllrfrrlrfllfrrlrrlrf"/>
	<trajectory sample="202" generation="202000" 
bestEnergy="-39.0" averageEnergy="-37.0072" worstEnergy="-37.0" bestConformation="Conformation 39.0 -39.0 Fffllfffllrrfffffffrrffffflfffllffrffrrflffllfrffllrrfrfllfflrrlrflrllrlflfrlrrllrfrrlrfllfrrlrrlrf"/>
	<trajectory sample="203" generation="203000" 
bestEnergy="-39.0" averageEnergy="-37.008" worstEnergy="-37.0" bestConformation="Conformation 39.0 -39.0 Fffllfffllrrfffffffrrffffflfffllffrffrrflffllfrffllrrfrfllfflrrlrflrllrlflfrlrrllrfrrlrfllfrrlrrlrf"/>
	<trajectory sample="204" generation="204000" 
bestEnergy="-39.0" averageEnergy="-37.0095" worstEnergy="-37.0" bestConformation="Conformation 39.0 -39.0 Fffllfffllrrfffffffrrffffflfffllffrffrrflffllfrffllrrfrfllfflrrlrflrllrlflfrlrrllrfrrlrfllfrrlrrlrf"/>
	<trajectory sample="205" generation="205000" 
bestEnergy="-39.0" averageEnergy="-37.0108" worstEnergy="-37.0" bestConformation="Conformation 39.0 -39.0 Fffllfffllrrfffffffrrffffflfffllffrffrrflffllfrffllrrfrfllfflrrlrflrllrlflfrlrrllrfrrlrfllfrrlrrlrf"/>
	<trajectory sample="206" generation="206000" 
bestEnergy="-39.0" averageEnergy="-37.0131" worstEnergy="-37.0" bestConformation="Conformation 39.0 -39.0 Fffllfffllrrfffffffrrffffflfffllffrffrrflffllfrffllrrfrfllfflrrlrflrllrlflfrlrrllrfrrlrfllfrrlrrlrf"/>
	<trajectory sample="207" generation="207000" 
bestEnergy="-39.0" averageEnergy="-37.0152" worstEnergy="-36.0" bestConformation="Conformation 39.0 -39.0 Fffllfffllrrfffffffrrffffflfffllffrffrrflffllfrffllrrfrfllfflrrlrflrllrlflfrlrrllrfrrlrfllfrrlrrlrf"/>
	<trajectory sample="208" generation="208000" 
bestEnergy="-39.0" averageEnergy="-37.0183" worstEnergy="-37.0" bestConformation="Conformation 39.0 -39.0 Fffllfffllrrfffffffrrffffflfffllffrffrrflffllfrffllrrfrfllfflrrlrflrllrlflfrlrrllrfrrlrfllfrrlrrlrf"/>
	<trajectory sample="209" generation="209000" 
bestEnergy="-39.0" averageEnergy="-37.0213" worstEnergy="-37.0" bestConformation="Conformation 39.0 -39.0 Fffllfffllrrfffffffrrffffflfffllffrffrrflffllfrffllrrfrfllfflrrlrflrllrlflfrlrrllrfrrlrfllfrrlrrlrf"/>
	<trajectory sample="210" generation="210000" 
bestEnergy="-39.0" averageEnergy="-37.0248" worstEnergy="-37.0" bestConformation="Conformation 39.0 -39.0 Fffllfffllrrfffffffrrffffflfffllffrffrrflffllfrffllrrfrfllfflrrlrflrllrlflfrlrrllrfrrlrfllfrrlrrlrf"/>
	<trajectory sample="211" generation="211000" 
bestEnergy="-39.0" averageEnergy="-37.0287" worstEnergy="-37.0" bestConformation="Conformation 39.0 -39.0 Fffllfffllrrfffffffrrffffflfffllffrffrrflffllfrffllrrfrfllfflrrlrflrllrlflfrlrrllrfrrlrfllfrrlrrlrf"/>
	<trajectory sample="212" generation="212000" 
bestEnergy="-39.0" averageEnergy="-37.033" worstEnergy="-37.0" bestConformation="Conformation 39.0 -39.0 Fffllfffllrrfffffffrrffffflfffllffrffrrflffllfrffllrrfrfllfflrrlrflrllrlflfrlrrllrfrrlrfllfrrlrrlrf"/>
	<trajectory sample="213" generation="213000" 
bestEnergy="-39.0" averageEnergy="-37.0385" worstEnergy="-37.0" bestConformation="Conformation 39.0 -39.0 Fffllfffllrrfffffffrrffffflfffllffrffrrflffllfrffllrrfrfllfflrrlrflrllrlflfrlrrllrfrrlrfllfrrlrrlrf"/>
	<trajectory sample="214" generation="214000" 
bestEnergy="-39.0" averageEnergy="-37.0451" worstEnergy="-37.0" bestConformation="Conformation 39.0 -39.0 Fffllfffllrrfffffffrrffffflfffllffrffrrflffllfrffllrrfrfllfflrrlrflrllrlflfrlrrllrfrrlrfllfrrlrrlrf"/>
	<trajectory sample="215" generation="215000" 
bestEnergy="-39.0" averageEnergy="-37.0528" worstEnergy="-37.0" bestConformation="Conformation 39.0 -39.0 Fffllfffllrrfffffffrrffffflfffllffrffrrflffllfrffllrrfrfllfflrrlrflrllrlflfrlrrllrfrrlrfllfrrlrrlrf"/>
	<trajectory sample="216" generation="216000" 
bestEnergy="-39.0" averageEnergy="-37.0604" worstEnergy="-34.0" bestConformation="Conformation 39.0 -39.0 Fffllfffllrrfffffffrrffffflfffllffrffrrflffllfrffllrrfrfllfflrrlrflrllrlflfrlrrllrfrrlrfllfrrlrrlrf"/>
	<trajectory sample="217" generation="217000" 
bestEnergy="-39.0" averageEnergy="-37.0699" worstEnergy="-37.0" bestConformation="Conformation 39.0 -39.0 Fffllfffllrrfffffffrrffffflfffllffrffrrflffllfrffllrrfrfllfflrrlrflrllrlflfrlrrllrfrrlrfllfrrlrrlrf"/>
	<trajectory sample="218" generation="218000" 
bestEnergy="-39.0" averageEnergy="-37.081" worstEnergy="-37.0" bestConformation="Conformation 39.0 -39.0 Fffllfffllrrfffffffrrffffflfffllffrffrrflffllfrffllrrfrfllfflrrlrflrllrlflfrlrrllrfrrlrfllfrrlrrlrf"/>
	<trajectory sample="219" generation="219000" 
bestEnergy="-39.0" averageEnergy="-37.093" worstEnergy="-37.0" bestConformation="Conformation 39.0 -39.0 Fffllfffllrrfffffffrrffffflfffllffrffrrflffllfrffllrrfrfllfflrrlrflrllrlflfrlrrllrfrrlrfllfrrlrrlrf"/>
	<trajectory sample="220" generation="220000" 
bestEnergy="-39.0" averageEnergy="-37.107" worstEnergy="-37.0" bestConformation="Conformation 39.0 -39.0 Fffllfffllrrfffffffrrffffflfffllffrffrrflffllfrffllrrfrfllfflrrlrflrllrlflfrlrrllrfrrlrfllfrrlrrlrf"/>
	<trajectory sample="221" generation="221000" 
bestEnergy="-39.0" averageEnergy="-37.1242" worstEnergy="-37.0" bestConformation="Conformation 39.0 -39.0 Fffllfffllrrfffffffrrffffflfffllffrffrrflffllfrffllrrfrfllfflrrlrflrllrlflfrlrrllrfrrlrfllfrrlrrlrf"/>
	<trajectory sample="222" generation="222000" 
bestEnergy="-39.0" averageEnergy="-37.1414" worstEnergy="-37.0" bestConformation="Conformation 39.0 -39.0 Fffllfffllrrfffffffrrffffflfffllffrffrrflffllfrffllrrfrfllfflrrlrflrllrlflfrlrrllrfrrlrfllfrrlrrlrf"/>
	<trajectory sample="223" generation="223000" 
bestEnergy="-39.0" averageEnergy="-37.1632" worstEnergy="-37.0" bestConformation="Conformation 39.0 -39.0 Fffllfffllrrfffffffrrffffflfffllffrffrrflffllfrffllrrfrfllfflrrlrflrllrlflfrlrrllrfrrlrfllfrrlrrlrf"/>
	<trajectory sample="224" generation="224000" 
bestEnergy="-39.0" averageEnergy="-37.1865" worstEnergy="-37.0" bestConformation="Conformation 39.0 -39.0 Fffllfffllrrfffffffrrffffflfffllffrffrrflffllfrffllrrfrfllfflrrlrflrllrlflfrlrrllrfrrlrfllfrrlrrlrf"/>
	<trajectory sample="225" generation="225000" 
bestEnergy="-39.0" averageEnergy="-37.2126" worstEnergy="-37.0" bestConformation="Conformation 39.0 -39.0 Fffllfffllrrfffffffrrffffflfffllffrffrrflffllfrffllrrfrfllfflrrlrflrllrlflfrlrrllrfrrlrfllfrrlrrlrf"/>
	<trajectory sample="226" generation="226000" 
bestEnergy="-39.0" averageEnergy="-37.2412" worstEnergy="-37.0" bestConformation="Conformation 39.0 -39.0 Fffllfffllrrfffffffrrffffflfffllffrffrrflffllfrffllrrfrfllfflrrlrflrllrlflfrlrrllrfrrlrfllfrrlrrlrf"/>
	<trajectory sample="227" generation="227000" 
bestEnergy="-39.0" averageEnergy="-37.2718" worstEnergy="-37.0" bestConformation="Conformation 39.0 -39.0 Fffllfffllrrfffffffrrffffflfffllffrffrrflffllfrffllrrfrfllfflrrlrflrllrlflfrlrrllrfrrlrfllfrrlrrlrf"/>
	<trajectory sample="228" generation="228000" 
bestEnergy="-39.0" averageEnergy="-37.3073" worstEnergy="-37.0" bestConformation="Conformation 39.0 -39.0 Fffllfffllrrfffffffrrffffflfffllffrffrrflffllfrffllrrfrfllfflrrlrflrllrlflfrlrrllrfrrlrfllfrrlrrlrf"/>
	<trajectory sample="229" generation="229000" 
bestEnergy="-39.0" averageEnergy="-37.3446" worstEnergy="-37.0" bestConformation="Conformation 39.0 -39.0 Fffllfffllrrfffffffrrffffflfffllffrffrrflffllfrffllrrfrfllfflrrlrflrllrlflfrlrrllrfrrlrfllfrrlrrlrf"/>
	<trajectory sample="230" generation="230000" 
bestEnergy="-39.0" averageEnergy="-37.3865" worstEnergy="-35.0" bestConformation="Conformation 39.0 -39.0 Fffllfffllrrfffffffrrffffflfffllffrffrrflffllfrffllrrfrfllfflrrlrflrllrlflfrlrrllrfrrlrfllfrrlrrlrf"/>
	<trajectory sample="231" generation="231000" 
bestEnergy="-39.0" averageEnergy="-37.4346" worstEnergy="-34.0" bestConformation="Conformation 39.0 -39.0 Fffllfffllrrfffffffrrffffflfffllffrffrrflffllfrffllrrfrfllfflrrlrflrllrlflfrlrrllrfrrlrfllfrrlrrlrf"/>
	<trajectory sample="232" generation="232000" 
bestEnergy="-39.0" averageEnergy="-37.4875" worstEnergy="-37.0" bestConformation="Conformation 39.0 -39.0 Fffllfffllrrfffffffrrffffflfffllffrffrrflffllfrffllrrfrfllfflrrlrflrllrlflfrlrrllrfrrlrfllfrrlrrlrf"/>
	<trajectory sample="233" generation="233000" 
bestEnergy="-39.0" averageEnergy="-37.5465" worstEnergy="-37.0" bestConformation="Conformation 39.0 -39.0 Fffllfffllrrfffffffrrffffflfffllffrffrrflffllfrffllrrfrfllfflrrlrflrllrlflfrlrrllrfrrlrfllfrrlrrlrf"/>
	<trajectory sample="234" generation="234000" 
bestEnergy="-39.0" averageEnergy="-37.6055" worstEnergy="-37.0" bestConformation="Conformation 39.0 -39.0 Fffllfffllrrfffffffrrffffflfffllffrffrrflffllfrffllrrfrfllfflrrlrflrllrlflfrlrrllrfrrlrfllfrrlrrlrf"/>
	<trajectory sample="235" generation="235000" 
bestEnergy="-39.0" averageEnergy="-37.6697" worstEnergy="-37.0" bestConformation="Conformation 39.0 -39.0 Fffllfffllrrfffffffrrffffflfffllffrffrrflffllfrffllrrfrfllfflrrlrflrllrlflfrlrrllrfrrlrfllfrrlrrlrf"/>
	<trajectory sample="236" generation="236000" 
bestEnergy="-39.0" averageEnergy="-37.7392" worstEnergy="-37.0" bestConformation="Conformation 39.0 -39.0 Fffllfffllrrfffffffrrffffflfffllffrffrrflffllfrffllrrfrfllfflrrlrflrllrlflfrlrrllrfrrlrfllfrrlrrlrf"/>
	<trajectory sample="237" generation="237000" 
bestEnergy="-39.0" averageEnergy="-37.8088" worstEnergy="-37.0" bestConformation="Conformation 39.0 -39.0 Fffllfffllrrfffffffrrffffflfffllffrffrrflffllfrffllrrfrfllfflrrlrflrllrlflfrlrrllrfrrlrfllfrrlrrlrf"/>
	<trajectory sample="238" generation="238000" 
bestEnergy="-39.0" averageEnergy="-37.8858" worstEnergy="-37.0" bestConformation="Conformation 39.0 -39.0 Fffllfffllrrfffffffrrffffflfffllffrffrrflffllfrffllrrfrfllfflrrlrflrllrlflfrlrrllrfrrlrfllfrrlrrlrf"/>
	<trajectory sample="239" generation="239000" 
bestEnergy="-39.0" averageEnergy="-37.9659" worstEnergy="-37.0" bestConformation="Conformation 39.0 -39.0 Fffllfffllrrfffffffrrffffflfffllffrffrrflffllfrffllrrfrfllfflrrlrflrllrlflfrlrrllrfrrlrfllfrrlrrlrf"/>
	<trajectory sample="240" generation="240000" 
bestEnergy="-39.0" averageEnergy="-38.026" worstEnergy="-38.0" bestConformation="Conformation 39.0 -39.0 Fffllfffllrrfffffffrrffffflfffllffrffrrflffllfrffllrrfrfllfflrrlrflrllrlflfrlrrllrfrrlrfllfrrlrrlrf"/>
	<trajectory sample="241" generation="241000" 
bestEnergy="-39.0" averageEnergy="-38.0298" worstEnergy="-34.0" bestConformation="Conformation 39.0 -39.0 Fffllfffllrrfffffffrrffffflfffllffrffrrflffllfrffllrrfrfllfflrrlrflrllrlflfrlrrllrfrrlrfllfrrlrrlrf"/>
	<trajectory sample="242" generation="242000" 
bestEnergy="-39.0" averageEnergy="-38.0348" worstEnergy="-38.0" bestConformation="Conformation 39.0 -39.0 Fffllfffllrrfffffffrrffffflfffllffrffrrflffllfrffllrrfrfllfflrrlrflrllrlflfrlrrllrfrrlrfllfrrlrrlrf"/>
	<trajectory sample="243" generation="243000" 
bestEnergy="-39.0" averageEnergy="-38.0405" worstEnergy="-38.0" bestConformation="Conformation 39.0 -39.0 Fffllfffllrrfffffffrrffffflfffllffrffrrflffllfrffllrrfrfllfflrrlrflrllrlflfrlrrllrfrrlrfllfrrlrrlrf"/>
	<trajectory sample="244" generation="244000" 
bestEnergy="-39.0" averageEnergy="-38.0474" worstEnergy="-38.0" bestConformation="Conformation 39.0 -39.0 Fffllfffllrrfffffffrrffffflfffllffrffrrflffllfrffllrrfrfllfflrrlrflrllrlflfrlrrllrfrrlrfllfrrlrrlrf"/>
	<trajectory sample="245" generation="245000" 
bestEnergy="-39.0" averageEnergy="-38.0529" worstEnergy="-36.0" bestConformation="Conformation 39.0 -39.0 Fffllfffllrrfffffffrrffffflfffllffrffrrflffllfrffllrrfrfllfflrrlrflrllrlflfrlrrllrfrrlrfllfrrlrrlrf"/>
	<trajectory sample="246" generation="246000" 
bestEnergy="-39.0" averageEnergy="-38.0623" worstEnergy="-37.0" bestConformation="Conformation 39.0 -39.0 Fffllfffllrrfffffffrrffffflfffllffrffrrflffllfrffllrrfrfllfflrrlrflrllrlflfrlrrllrfrrlrfllfrrlrrlrf"/>
	<trajectory sample="247" generation="247000" 
bestEnergy="-39.0" averageEnergy="-38.0711" worstEnergy="-37.0" bestConformation="Conformation 39.0 -39.0 Fffllfffllrrfffffffrrffffflfffllffrffrrflffllfrffllrrfrfllfflrrlrflrllrlflfrlrrllrfrrlrfllfrrlrrlrf"/>
	<trajectory sample="248" generation="248000" 
bestEnergy="-39.0" averageEnergy="-38.0839" worstEnergy="-38.0" bestConformation="Conformation 39.0 -39.0 Fffllfffllrrfffffffrrffffflfffllffrffrrflffllfrffllrrfrfllfflrrlrflrllrlflfrlrrllrfrrlrfllfrrlrrlrf"/>
	<trajectory sample="249" generation="249000" 
bestEnergy="-39.0" averageEnergy="-38.097" worstEnergy="-36.0" bestConformation="Conformation 39.0 -39.0 Fffllfffllrrfffffffrrffffflfffllffrffrrflffllfrffllrrfrfllfflrrlrflrllrlflfrlrrllrfrrlrfllfrrlrrlrf"/>
	<trajectory sample="250" generation="250000" 
bestEnergy="-39.0" averageEnergy="-38.1097" worstEnergy="-37.0" bestConformation="Conformation 39.0 -39.0 Fffllfffllrrfffffffrrffffflfffllffrffrrflffllfrffllrrfrfllfflrrlrflrllrlflfrlrrllrfrrlrfllfrrlrrlrf"/>
	<trajectory sample="251" generation="251000" 
bestEnergy="-39.0" averageEnergy="-38.1247" worstEnergy="-38.0" bestConformation="Conformation 39.0 -39.0 Fffllfffllrrfffffffrrffffflfffllffrffrrflffllfrffllrrfrfllfflrrlrflrllrlflfrlrrllrfrrlrfllfrrlrrlrf"/>
	<trajectory sample="252" generation="252000" 
bestEnergy="-39.0" averageEnergy="-38.1422" worstEnergy="-35.0" bestConformation="Conformation 39.0 -39.0 Fffllfffllrrfffffffrrffffflfffllffrffrrflffllfrffllrrfrfllfflrrlrflrllrlflfrlrrllrfrrlrfllfrrlrrlrf"/>
	<trajectory sample="253" generation="253000" 
bestEnergy="-39.0" averageEnergy="-38.1637" worstEnergy="-38.0" bestConformation="Conformation 39.0 -39.0 Fffllfffllrrfffffffrrffffflfffllffrffrrflffllfrffllrrfrfllfflrrlrflrllrlflfrlrrllrfrrlrfllfrrlrrlrf"/>
	<trajectory sample="254" generation="254000" 
bestEnergy="-39.0" averageEnergy="-38.186" worstEnergy="-38.0" bestConformation="Conformation 39.0 -39.0 Fffllfffllrrfffffffrrffffflfffllffrffrrflffllfrffllrrfrfllfflrrlrflrllrlflfrlrrllrfrrlrfllfrrlrrlrf"/>
	<trajectory sample="255" generation="255000" 
bestEnergy="-39.0" averageEnergy="-38.2121" worstEnergy="-38.0" bestConformation="Conformation 39.0 -39.0 Fffllfffllrrfffffffrrffffflfffllffrffrrflffllfrffllrrfrfllfflrrlrflrllrlflfrlrrllrfrrlrfllfrrlrrlrf"/>
	<trajectory sample="256" generation="256000" 
bestEnergy="-39.0" averageEnergy="-38.2398" worstEnergy="-38.0" bestConformation="Conformation 39.0 -39.0 Fffllfffllrrfffffffrrffffflfffllffrffrrflffllfrffllrrfrfllfflrrlrflrllrlflfrlrrllrfrrlrfllfrrlrrlrf"/>
	<trajectory sample="257" generation="257000" 
bestEnergy="-39.0" averageEnergy="-38.2715" worstEnergy="-37.0" bestConformation="Conformation 39.0 -39.0 Fffllfffllrrfffffffrrffffflfffllffrffrrflffllfrffllrrfrfllfflrrlrflrllrlflfrlrrllrfrrlrfllfrrlrrlrf"/>
	<trajectory sample="258" generation="258000" 
bestEnergy="-39.0" averageEnergy="-38.3066" worstEnergy="-36.0" bestConformation="Conformation 39.0 -39.0 Fffllfffllrrfffffffrrffffflfffllffrffrrflffllfrffllrrfrfllfflrrlrflrllrlflfrlrrllrfrrlrfllfrrlrrlrf"/>
	<trajectory sample="259" generation="259000" 
bestEnergy="-39.0" averageEnergy="-38.3433" worstEnergy="-38.0" bestConformation="Conformation 39.0 -39.0 Fffllfffllrrfffffffrrffffflfffllffrffrrflffllfrffllrrfrfllfflrrlrflrllrlflfrlrrllrfrrlrfllfrrlrrlrf"/>
	<trajectory sample="260" generation="260000" 
bestEnergy="-39.0" averageEnergy="-38.3851" worstEnergy="-38.0" bestConformation="Conformation 39.0 -39.0 Fffllfffllrrfffffffrrffffflfffllffrffrrflffllfrffllrrfrfllfflrrlrflrllrlflfrlrrllrfrrlrfllfrrlrrlrf"/>
	<trajectory sample="261" generation="261000" 
bestEnergy="-39.0" averageEnergy="-38.4321" worstEnergy="-38.0" bestConformation="Conformation 39.0 -39.0 Fffllfffllrrfffffffrrffffflfffllffrffrrflffllfrffllrrfrfllfflrrlrflrllrlflfrlrrllrfrrlrfllfrrlrrlrf"/>
	<trajectory sample="262" generation="262000" 
bestEnergy="-39.0" averageEnergy="-38.4803" worstEnergy="-38.0" bestConformation="Conformation 39.0 -39.0 Fffllfffllrrfffffffrrffffflfffllffrffrrflffllfrffllrrfrfllfflrrlrflrllrlflfrlrrllrfrrlrfllfrrlrrlrf"/>
	<trajectory sample="263" generation="263000" 
bestEnergy="-39.0" averageEnergy="-38.5319" worstEnergy="-38.0" bestConformation="Conformation 39.0 -39.0 Fffllfffllrrfffffffrrffffflfffllffrffrrflffllfrffllrrfrfllfflrrlrflrllrlflfrlrrllrfrrlrfllfrrlrrlrf"/>
	<trajectory sample="264" generation="264000" 
bestEnergy="-39.0" averageEnergy="-38.5889" worstEnergy="-38.0" bestConformation="Conformation 39.0 -39.0 Fffllfffllrrfffffffrrffffflfffllffrffrrflffllfrffllrrfrfllfflrrlrflrllrlflfrlrrllrfrrlrfllfrrlrrlrf"/>
	<trajectory sample="265" generation="265000" 
bestEnergy="-39.0" averageEnergy="-38.648" worstEnergy="-36.0" bestConformation="Conformation 39.0 -39.0 Fffllfffllrrfffffffrrffffflfffllffrffrrflffllfrffllrrfrfllfflrrlrflrllrlflfrlrrllrfrrlrfllfrrlrrlrf"/>
	<trajectory sample="266" generation="266000" 
bestEnergy="-39.0" averageEnergy="-38.7126" worstEnergy="-38.0" bestConformation="Conformation 39.0 -39.0 Fffllfffllrrfffffffrrffffflfffllffrffrrflffllfrffllrrfrfllfflrrlrflrllrlflfrlrrllrfrrlrfllfrrlrrlrf"/>
	<trajectory sample="267" generation="267000" 
bestEnergy="-39.0" averageEnergy="-38.7767" worstEnergy="-37.0" bestConformation="Conformation 39.0 -39.0 Fffllfffllrrfffffffrrffffflfffllffrffrrflffllfrffllrrfrfllfflrrlrflrllrlflfrlrrllrfrrlrfllfrrlrrlrf"/>
	<trajectory sample="268" generation="268000" 
bestEnergy="-39.0" averageEnergy="-38.8482" worstEnergy="-35.0" bestConformation="Conformation 39.0 -39.0 Fffllfffllrrfffffffrrffffflfffllffrffrrflffllfrffllrrfrfllfflrrlrflrllrlflfrlrrllrfrrlrfllfrrlrrlrf"/>
	<trajectory sample="269" generation="269000" 
bestEnergy="-39.0" averageEnergy="-38.9226" worstEnergy="-38.0" bestConformation="Conformation 39.0 -39.0 Fffllfffllrrfffffffrrffffflfffllffrffrrflffllfrffllrrfrfllfflrrlrflrllrlflfrlrrllrfrrlrfllfrrlrrlrf"/>
	<trajectory sample="270" generation="270000" 
bestEnergy="-39.0" averageEnergy="-38.999" worstEnergy="-38.0" bestConformation="Conformation 39.0 -39.0 Fffllfffllrrfffffffrrffffflfffllffrffrrflffllfrffllrrfrfllfflrrlrflrllrlflfrlrrllrfrrlrfllfrrlrrlrf"/>
	<trajectory sample="271" generation="271000" 
bestEnergy="-39.0" averageEnergy="-38.9998" worstEnergy="-37.0" bestConformation="Conformation 39.0 -39.0 Fffllfffllrrfffffffrrffffflfffllffrffrrflffllfrffllrrfrfllfflrrlrflrllrlflfrlrrllrfrrlrfllfrrlrrlrf"/>
	<trajectory sample="272" generation="272000" 
bestEnergy="-39.0" averageEnergy="-38.9997" worstEnergy="-36.0" bestConformation="Conformation 39.0 -39.0 Fffllfffllrrfffffffrrffffflfffllffrffrrflffllfrffllrrfrfllfflrrlrflrllrlflfrlrrllrfrrlrfllfrrlrrlrf"/>
	<trajectory sample="273" generation="273000" 
bestEnergy="-39.0" averageEnergy="-39.0" worstEnergy="-39.0" bestConformation="Conformation 39.0 -39.0 Fffllfffllrrfffffffrrffffflfffllffrffrrflffllfrffllrrfrfllfflrrlrflrllrlflfrlrrllrfrrlrfllfrrlrrlrf"/>
	<trajectory sample="274" generation="274000" 
bestEnergy="-39.0" averageEnergy="-39.0" worstEnergy="-39.0" bestConformation="Conformation 39.0 -39.0 Fffllfffllrrfffffffrrffffflfffllffrffrrflffllfrffllrrfrfllfflrrlrflrllrlflfrlrrllrfrrlrfllfrrlrrlrf"/>
	<trajectory sample="275" generation="275000" 
bestEnergy="-39.0" averageEnergy="-39.0" worstEnergy="-39.0" bestConformation="Conformation 39.0 -39.0 Fffllfffllrrfffffffrrffffflfffllffrffrrflffllfrffllrrfrfllfflrrlrflrllrlflfrlrrllrfrrlrfllfrrlrrlrf"/>
	<trajectory sample="276" generation="276000" 
bestEnergy="-39.0" averageEnergy="-39.0" worstEnergy="-39.0" bestConformation="Conformation 39.0 -39.0 Fffllfffllrrfffffffrrffffflfffllffrffrrflffllfrffllrrfrfllfflrrlrflrllrlflfrlrrllrfrrlrfllfrrlrrlrf"/>
	<trajectory sample="277" generation="277000" 
bestEnergy="-39.0" averageEnergy="-39.0" worstEnergy="-39.0" bestConformation="Conformation 39.0 -39.0 Fffllfffllrrfffffffrrffffflfffllffrffrrflffllfrffllrrfrfllfflrrlrflrllrlflfrlrrllrfrrlrfllfrrlrrlrf"/>
	<trajectory sample="278" generation="278000" 
bestEnergy="-39.0" averageEnergy="-38.9995" worstEnergy="-34.0" bestConformation="Conformation 39.0 -39.0 Fffllfffllrrfffffffrrffffflfffllffrffrrflffllfrffllrrfrfllfflrrlrflrllrlflfrlrrllrfrrlrfllfrrlrrlrf"/>
	<trajectory sample="279" generation="279000" 
bestEnergy="-39.0" averageEnergy="-39.0" worstEnergy="-39.0" bestConformation="Conformation 39.0 -39.0 Fffllfffllrrfffffffrrffffflfffllffrffrrflffllfrffllrrfrfllfflrrlrflrllrlflfrlrrllrfrrlrfllfrrlrrlrf"/>
	<trajectory sample="280" generation="280000" 
bestEnergy="-39.0" averageEnergy="-39.0" worstEnergy="-39.0" bestConformation="Conformation 39.0 -39.0 Fffllfffllrrfffffffrrffffflfffllffrffrrflffllfrffllrrfrfllfflrrlrflrllrlflfrlrrllrfrrlrfllfrrlrrlrf"/>
	<trajectory sample="281" generation="281000" 
bestEnergy="-39.0" averageEnergy="-39.0" worstEnergy="-39.0" bestConformation="Conformation 39.0 -39.0 Fffllfffllrrfffffffrrffffflfffllffrffrrflffllfrffllrrfrfllfflrrlrflrllrlflfrlrrllrfrrlrfllfrrlrrlrf"/>
	<trajectory sample="282" generation="282000" 
bestEnergy="-39.0" averageEnergy="-38.9993" worstEnergy="-32.0" bestConformation="Conformation 39.0 -39.0 Fffllfffllrrfffffffrrffffflfffllffrffrrflffllfrffllrrfrfllfflrrlrflrllrlflfrlrrllrfrrlrfllfrrlrrlrf"/>
	<trajectory sample="283" generation="283000" 
bestEnergy="-39.0" averageEnergy="-39.0" worstEnergy="-39.0" bestConformation="Conformation 39.0 -39.0 Fffllfffllrrfffffffrrffffflfffllffrffrrflffllfrffllrrfrfllfflrrlrflrllrlflfrlrrllrfrrlrfllfrrlrrlrf"/>
	<trajectory sample="284" generation="284000" 
bestEnergy="-39.0" averageEnergy="-39.0" worstEnergy="-39.0" bestConformation="Conformation 39.0 -39.0 Fffllfffllrrfffffffrrffffflfffllffrffrrflffllfrffllrrfrfllfflrrlrflrllrlflfrlrrllrfrrlrfllfrrlrrlrf"/>
	<trajectory sample="285" generation="285000" 
bestEnergy="-39.0" averageEnergy="-38.9999" worstEnergy="-38.0" bestConformation="Conformation 39.0 -39.0 Fffllfffllrrfffffffrrffffflfffllffrffrrflffllfrffllrrfrfllfflrrlrflrllrlflfrlrrllrfrrlrfllfrrlrrlrf"/>
	<trajectory sample="286" generation="286000" 
bestEnergy="-39.0" averageEnergy="-38.9997" worstEnergy="-36.0" bestConformation="Conformation 39.0 -39.0 Fffllfffllrrfffffffrrffffflfffllffrffrrflffllfrffllrrfrfllfflrrlrflrllrlflfrlrrllrfrrlrfllfrrlrrlrf"/>
	<trajectory sample="287" generation="287000" 
bestEnergy="-39.0" averageEnergy="-39.0" worstEnergy="-39.0" bestConformation="Conformation 39.0 -39.0 Fffllfffllrrfffffffrrffffflfffllffrffrrflffllfrffllrrfrfllfflrrlrflrllrlflfrlrrllrfrrlrfllfrrlrrlrf"/>
	<trajectory sample="288" generation="288000" 
bestEnergy="-39.0" averageEnergy="-38.9999" worstEnergy="-38.0" bestConformation="Conformation 39.0 -39.0 Fffllfffllrrfffffffrrffffflfffllffrffrrflffllfrffllrrfrfllfflrrlrflrllrlflfrlrrllrfrrlrfllfrrlrrlrf"/>
	<trajectory sample="289" generation="289000" 
bestEnergy="-39.0" averageEnergy="-39.0" worstEnergy="-39.0" bestConformation="Conformation 39.0 -39.0 Fffllfffllrrfffffffrrffffflfffllffrffrrflffllfrffllrrfrfllfflrrlrflrllrlflfrlrrllrfrrlrfllfrrlrrlrf"/>
	<trajectory sample="290" generation="290000" 
bestEnergy="-39.0" averageEnergy="-39.0" worstEnergy="-39.0" bestConformation="Conformation 39.0 -39.0 Fffllfffllrrfffffffrrffffflfffllffrffrrflffllfrffllrrfrfllfflrrlrflrllrlflfrlrrllrfrrlrfllfrrlrrlrf"/>
	<trajectory sample="291" generation="291000" 
bestEnergy="-39.0" averageEnergy="-39.0" worstEnergy="-39.0" bestConformation="Conformation 39.0 -39.0 Fffllfffllrrfffffffrrffffflfffllffrffrrflffllfrffllrrfrfllfflrrlrflrllrlflfrlrrllrfrrlrfllfrrlrrlrf"/>
	<trajectory sample="292" generation="292000" 
bestEnergy="-39.0" averageEnergy="-39.0" worstEnergy="-39.0" bestConformation="Conformation 39.0 -39.0 Fffllfffllrrfffffffrrffffflfffllffrffrrflffllfrffllrrfrfllfflrrlrflrllrlflfrlrrllrfrrlrfllfrrlrrlrf"/>
	<trajectory sample="293" generation="293000" 
bestEnergy="-39.0" averageEnergy="-38.9999" worstEnergy="-38.0" bestConformation="Conformation 39.0 -39.0 Fffllfffllrrfffffffrrffffflfffllffrffrrflffllfrffllrrfrfllfflrrlrflrllrlflfrlrrllrfrrlrfllfrrlrrlrf"/>
	<trajectory sample="294" generation="294000" 
bestEnergy="-39.0" averageEnergy="-39.0" worstEnergy="-39.0" bestConformation="Conformation 39.0 -39.0 Fffllfffllrrfffffffrrffffflfffllffrffrrflffllfrffllrrfrfllfflrrlrflrllrlflfrlrrllrfrrlrfllfrrlrrlrf"/>
	<trajectory sample="295" generation="295000" 
bestEnergy="-39.0" averageEnergy="-39.0" worstEnergy="-39.0" bestConformation="Conformation 39.0 -39.0 Fffllfffllrrfffffffrrffffflfffllffrffrrflffllfrffllrrfrfllfflrrlrflrllrlflfrlrrllrfrrlrfllfrrlrrlrf"/>
	<trajectory sample="296" generation="296000" 
bestEnergy="-39.0" averageEnergy="-38.9998" worstEnergy="-37.0" bestConformation="Conformation 39.0 -39.0 Fffllfffllrrfffffffrrffffflfffllffrffrrflffllfrffllrrfrfllfflrrlrflrllrlflfrlrrllrfrrlrfllfrrlrrlrf"/>
	<trajectory sample="297" generation="297000" 
bestEnergy="-39.0" averageEnergy="-39.0" worstEnergy="-39.0" bestConformation="Conformation 39.0 -39.0 Fffllfffllrrfffffffrrffffflfffllffrffrrflffllfrffllrrfrfllfflrrlrflrllrlflfrlrrllrfrrlrfllfrrlrrlrf"/>
	<trajectory sample="298" generation="298000" 
bestEnergy="-39.0" averageEnergy="-39.0" worstEnergy="-39.0" bestConformation="Conformation 39.0 -39.0 Fffllfffllrrfffffffrrffffflfffllffrffrrflffllfrffllrrfrfllfflrrlrflrllrlflfrlrrllrfrrlrfllfrrlrrlrf"/>
	<trajectory sample="299" generation="299000" 
bestEnergy="-39.0" averageEnergy="-38.9995" worstEnergy="-34.0" bestConformation="Conformation 39.0 -39.0 Fffllfffllrrfffffffrrffffflfffllffrffrrflffllfrffllrrfrfllfflrrlrflrllrlflfrlrrllrfrrlrfllfrrlrrlrf"/>
	<trajectory sample="300" generation="300000" 
bestEnergy="-39.0" averageEnergy="-38.9999" worstEnergy="-38.0" bestConformation="Conformation 39.0 -39.0 Fffllfffllrrfffffffrrffffflfffllffrffrrflffllfrffllrrfrfllfflrrlrflrllrlflfrlrrllrfrrlrfllfrrlrrlrf"/>
	<trajectory sample="301" generation="301000" 
bestEnergy="-39.0" averageEnergy="-39.0" worstEnergy="-39.0" bestConformation="Conformation 39.0 -39.0 Fffllfffllrrfffffffrrffffflfffllffrffrrflffllfrffllrrfrfllfflrrlrflrllrlflfrlrrllrfrrlrfllfrrlrrlrf"/>
	<trajectory sample="302" generation="302000" 
bestEnergy="-39.0" averageEnergy="-38.9999" worstEnergy="-38.0" bestConformation="Conformation 39.0 -39.0 Fffllfffllrrfffffffrrffffflfffllffrffrrflffllfrffllrrfrfllfflrrlrflrllrlflfrlrrllrfrrlrfllfrrlrrlrf"/>
	<trajectory sample="303" generation="303000" 
bestEnergy="-39.0" averageEnergy="-39.0" worstEnergy="-39.0" bestConformation="Conformation 39.0 -39.0 Fffllfffllrrfffffffrrffffflfffllffrffrrflffllfrffllrrfrfllfflrrlrflrllrlflfrlrrllrfrrlrfllfrrlrrlrf"/>
	<trajectory sample="304" generation="304000" 
bestEnergy="-39.0" averageEnergy="-39.0" worstEnergy="-39.0" bestConformation="Conformation 39.0 -39.0 Fffllfffllrrfffffffrrffffflfffllffrffrrflffllfrffllrrfrfllfflrrlrflrllrlflfrlrrllrfrrlrfllfrrlrrlrf"/>
	<trajectory sample="305" generation="305000" 
bestEnergy="-39.0" averageEnergy="-38.9999" worstEnergy="-38.0" bestConformation="Conformation 39.0 -39.0 Fffllfffllrrfffffffrrffffflfffllffrffrrflffllfrffllrrfrfllfflrrlrflrllrlflfrlrrllrfrrlrfllfrrlrrlrf"/>
	<trajectory sample="306" generation="306000" 
bestEnergy="-39.0" averageEnergy="-39.0" worstEnergy="-39.0" bestConformation="Conformation 39.0 -39.0 Fffllfffllrrfffffffrrffffflfffllffrffrrflffllfrffllrrfrfllfflrrlrflrllrlflfrlrrllrfrrlrfllfrrlrrlrf"/>
	<trajectory sample="307" generation="307000" 
bestEnergy="-39.0" averageEnergy="-39.0" worstEnergy="-39.0" bestConformation="Conformation 39.0 -39.0 Fffllfffllrrfffffffrrffffflfffllffrffrrflffllfrffllrrfrfllfflrrlrflrllrlflfrlrrllrfrrlrfllfrrlrrlrf"/>
	<trajectory sample="308" generation="308000" 
bestEnergy="-39.0" averageEnergy="-38.9997" worstEnergy="-36.0" bestConformation="Conformation 39.0 -39.0 Fffllfffllrrfffffffrrffffflfffllffrffrrflffllfrffllrrfrfllfflrrlrflrllrlflfrlrrllrfrrlrfllfrrlrrlrf"/>
	<trajectory sample="309" generation="309000" 
bestEnergy="-39.0" averageEnergy="-39.0" worstEnergy="-39.0" bestConformation="Conformation 39.0 -39.0 Fffllfffllrrfffffffrrffffflfffllffrffrrflffllfrffllrrfrfllfflrrlrflrllrlflfrlrrllrfrrlrfllfrrlrrlrf"/>
	<trajectory sample="310" generation="310000" 
bestEnergy="-39.0" averageEnergy="-39.0" worstEnergy="-39.0" bestConformation="Conformation 39.0 -39.0 Fffllfffllrrfffffffrrffffflfffllffrffrrflffllfrffllrrfrfllfflrrlrflrllrlflfrlrrllrfrrlrfllfrrlrrlrf"/>
	<trajectory sample="311" generation="311000" 
bestEnergy="-39.0" averageEnergy="-39.0" worstEnergy="-39.0" bestConformation="Conformation 39.0 -39.0 Fffllfffllrrfffffffrrffffflfffllffrffrrflffllfrffllrrfrfllfflrrlrflrllrlflfrlrrllrfrrlrfllfrrlrrlrf"/>
	<trajectory sample="312" generation="312000" 
bestEnergy="-39.0" averageEnergy="-39.0" worstEnergy="-39.0" bestConformation="Conformation 39.0 -39.0 Fffllfffllrrfffffffrrffffflfffllffrffrrflffllfrffllrrfrfllfflrrlrflrllrlflfrlrrllrfrrlrfllfrrlrrlrf"/>
	<trajectory sample="313" generation="313000" 
bestEnergy="-39.0" averageEnergy="-39.0" worstEnergy="-39.0" bestConformation="Conformation 39.0 -39.0 Fffllfffllrrfffffffrrffffflfffllffrffrrflffllfrffllrrfrfllfflrrlrflrllrlflfrlrrllrfrrlrfllfrrlrrlrf"/>
	<trajectory sample="314" generation="314000" 
bestEnergy="-39.0" averageEnergy="-39.0" worstEnergy="-39.0" bestConformation="Conformation 39.0 -39.0 Fffllfffllrrfffffffrrffffflfffllffrffrrflffllfrffllrrfrfllfflrrlrflrllrlflfrlrrllrfrrlrfllfrrlrrlrf"/>
	<trajectory sample="315" generation="315000" 
bestEnergy="-39.0" averageEnergy="-39.0" worstEnergy="-39.0" bestConformation="Conformation 39.0 -39.0 Fffllfffllrrfffffffrrffffflfffllffrffrrflffllfrffllrrfrfllfflrrlrflrllrlflfrlrrllrfrrlrfllfrrlrrlrf"/>
	<trajectory sample="316" generation="316000" 
bestEnergy="-39.0" averageEnergy="-39.0" worstEnergy="-39.0" bestConformation="Conformation 39.0 -39.0 Fffllfffllrrfffffffrrffffflfffllffrffrrflffllfrffllrrfrfllfflrrlrflrllrlflfrlrrllrfrrlrfllfrrlrrlrf"/>
	<trajectory sample="317" generation="317000" 
bestEnergy="-39.0" averageEnergy="-39.0" worstEnergy="-39.0" bestConformation="Conformation 39.0 -39.0 Fffllfffllrrfffffffrrffffflfffllffrffrrflffllfrffllrrfrfllfflrrlrflrllrlflfrlrrllrfrrlrfllfrrlrrlrf"/>
	<trajectory sample="318" generation="318000" 
bestEnergy="-39.0" averageEnergy="-39.0" worstEnergy="-39.0" bestConformation="Conformation 39.0 -39.0 Fffllfffllrrfffffffrrffffflfffllffrffrrflffllfrffllrrfrfllfflrrlrflrllrlflfrlrrllrfrrlrfllfrrlrrlrf"/>
	<trajectory sample="319" generation="319000" 
bestEnergy="-39.0" averageEnergy="-38.9997" worstEnergy="-36.0" bestConformation="Conformation 39.0 -39.0 Fffllfffllrrfffffffrrffffflfffllffrffrrflffllfrffllrrfrfllfflrrlrflrllrlflfrlrrllrfrrlrfllfrrlrrlrf"/>
	<trajectory sample="320" generation="320000" 
bestEnergy="-39.0" averageEnergy="-39.0" worstEnergy="-39.0" bestConformation="Conformation 39.0 -39.0 Fffllfffllrrfffffffrrffffflfffllffrffrrflffllfrffllrrfrfllfflrrlrflrllrlflfrlrrllrfrrlrfllfrrlrrlrf"/>
	<trajectory sample="321" generation="321000" 
bestEnergy="-39.0" averageEnergy="-39.0" worstEnergy="-39.0" bestConformation="Conformation 39.0 -39.0 Fffllfffllrrfffffffrrffffflfffllffrffrrflffllfrffllrrfrfllfflrrlrflrllrlflfrlrrllrfrrlrfllfrrlrrlrf"/>
	<trajectory sample="322" generation="322000" 
bestEnergy="-39.0" averageEnergy="-38.9996" worstEnergy="-35.0" bestConformation="Conformation 39.0 -39.0 Fffllfffllrrfffffffrrffffflfffllffrffrrflffllfrffllrrfrfllfflrrlrflrllrlflfrlrrllrfrrlrfllfrrlrrlrf"/>
	<trajectory sample="323" generation="323000" 
bestEnergy="-39.0" averageEnergy="-39.0" worstEnergy="-39.0" bestConformation="Conformation 39.0 -39.0 Fffllfffllrrfffffffrrffffflfffllffrffrrflffllfrffllrrfrfllfflrrlrflrllrlflfrlrrllrfrrlrfllfrrlrrlrf"/>
	<trajectory sample="324" generation="324000" 
bestEnergy="-39.0" averageEnergy="-39.0" worstEnergy="-39.0" bestConformation="Conformation 39.0 -39.0 Fffllfffllrrfffffffrrffffflfffllffrffrrflffllfrffllrrfrfllfflrrlrflrllrlflfrlrrllrfrrlrfllfrrlrrlrf"/>
	<trajectory sample="325" generation="325000" 
bestEnergy="-39.0" averageEnergy="-39.0" worstEnergy="-39.0" bestConformation="Conformation 39.0 -39.0 Fffllfffllrrfffffffrrffffflfffllffrffrrflffllfrffllrrfrfllfflrrlrflrllrlflfrlrrllrfrrlrfllfrrlrrlrf"/>
	<trajectory sample="326" generation="326000" 
bestEnergy="-39.0" averageEnergy="-39.0" worstEnergy="-39.0" bestConformation="Conformation 39.0 -39.0 Fffllfffllrrfffffffrrffffflfffllffrffrrflffllfrffllrrfrfllfflrrlrflrllrlflfrlrrllrfrrlrfllfrrlrrlrf"/>
	<trajectory sample="327" generation="327000" 
bestEnergy="-39.0" averageEnergy="-39.0" worstEnergy="-39.0" bestConformation="Conformation 39.0 -39.0 Fffllfffllrrfffffffrrffffflfffllffrffrrflffllfrffllrrfrfllfflrrlrflrllrlflfrlrrllrfrrlrfllfrrlrrlrf"/>
	<trajectory sample="328" generation="328000" 
bestEnergy="-39.0" averageEnergy="-38.9999" worstEnergy="-38.0" bestConformation="Conformation 39.0 -39.0 Fffllfffllrrfffffffrrffffflfffllffrffrrflffllfrffllrrfrfllfflrrlrflrllrlflfrlrrllrfrrlrfllfrrlrrlrf"/>
	<trajectory sample="329" generation="329000" 
bestEnergy="-39.0" averageEnergy="-38.9999" worstEnergy="-38.0" bestConformation="Conformation 39.0 -39.0 Fffllfffllrrfffffffrrffffflfffllffrffrrflffllfrffllrrfrfllfflrrlrflrllrlflfrlrrllrfrrlrfllfrrlrrlrf"/>
	<trajectory sample="330" generation="330000" 
bestEnergy="-39.0" averageEnergy="-39.0" worstEnergy="-39.0" bestConformation="Conformation 39.0 -39.0 Fffllfffllrrfffffffrrffffflfffllffrffrrflffllfrffllrrfrfllfflrrlrflrllrlflfrlrrllrfrrlrfllfrrlrrlrf"/>
	<trajectory sample="331" generation="331000" 
bestEnergy="-39.0" averageEnergy="-39.0" worstEnergy="-39.0" bestConformation="Conformation 39.0 -39.0 Fffllfffllrrfffffffrrffffflfffllffrffrrflffllfrffllrrfrfllfflrrlrflrllrlflfrlrrllrfrrlrfllfrrlrrlrf"/>
	<trajectory sample="332" generation="332000" 
bestEnergy="-39.0" averageEnergy="-38.9997" worstEnergy="-36.0" bestConformation="Conformation 39.0 -39.0 Fffllfffllrrfffffffrrffffflfffllffrffrrflffllfrffllrrfrfllfflrrlrflrllrlflfrlrrllrfrrlrfllfrrlrrlrf"/>
	<trajectory sample="333" generation="333000" 
bestEnergy="-39.0" averageEnergy="-38.9999" worstEnergy="-38.0" bestConformation="Conformation 39.0 -39.0 Fffllfffllrrfffffffrrffffflfffllffrffrrflffllfrffllrrfrfllfflrrlrflrllrlflfrlrrllrfrrlrfllfrrlrrlrf"/>
	<trajectory sample="334" generation="334000" 
bestEnergy="-39.0" averageEnergy="-39.0" worstEnergy="-39.0" bestConformation="Conformation 39.0 -39.0 Fffllfffllrrfffffffrrffffflfffllffrffrrflffllfrffllrrfrfllfflrrlrflrllrlflfrlrrllrfrrlrfllfrrlrrlrf"/>
	<trajectory sample="335" generation="335000" 
bestEnergy="-39.0" averageEnergy="-39.0" worstEnergy="-39.0" bestConformation="Conformation 39.0 -39.0 Fffllfffllrrfffffffrrffffflfffllffrffrrflffllfrffllrrfrfllfflrrlrflrllrlflfrlrrllrfrrlrfllfrrlrrlrf"/>
	<trajectory sample="336" generation="336000" 
bestEnergy="-39.0" averageEnergy="-38.9998" worstEnergy="-37.0" bestConformation="Conformation 39.0 -39.0 Fffllfffllrrfffffffrrffffflfffllffrffrrflffllfrffllrrfrfllfflrrlrflrllrlflfrlrrllrfrrlrfllfrrlrrlrf"/>
	<trajectory sample="337" generation="337000" 
bestEnergy="-39.0" averageEnergy="-39.0" worstEnergy="-39.0" bestConformation="Conformation 39.0 -39.0 Fffllfffllrrfffffffrrffffflfffllffrffrrflffllfrffllrrfrfllfflrrlrflrllrlflfrlrrllrfrrlrfllfrrlrrlrf"/>
	<trajectory sample="338" generation="338000" 
bestEnergy="-39.0" averageEnergy="-39.0" worstEnergy="-39.0" bestConformation="Conformation 39.0 -39.0 Fffllfffllrrfffffffrrffffflfffllffrffrrflffllfrffllrrfrfllfflrrlrflrllrlflfrlrrllrfrrlrfllfrrlrrlrf"/>
	<trajectory sample="339" generation="339000" 
bestEnergy="-39.0" averageEnergy="-38.9998" worstEnergy="-37.0" bestConformation="Conformation 39.0 -39.0 Fffllfffllrrfffffffrrffffflfffllffrffrrflffllfrffllrrfrfllfflrrlrflrllrlflfrlrrllrfrrlrfllfrrlrrlrf"/>
	<trajectory sample="340" generation="340000" 
bestEnergy="-39.0" averageEnergy="-39.0" worstEnergy="-39.0" bestConformation="Conformation 39.0 -39.0 Fffllfffllrrfffffffrrffffflfffllffrffrrflffllfrffllrrfrfllfflrrlrflrllrlflfrlrrllrfrrlrfllfrrlrrlrf"/>
	<trajectory sample="341" generation="341000" 
bestEnergy="-39.0" averageEnergy="-39.0" worstEnergy="-39.0" bestConformation="Conformation 39.0 -39.0 Fffllfffllrrfffffffrrffffflfffllffrffrrflffllfrffllrrfrfllfflrrlrflrllrlflfrlrrllrfrrlrfllfrrlrrlrf"/>
	<trajectory sample="342" generation="342000" 
bestEnergy="-39.0" averageEnergy="-39.0" worstEnergy="-39.0" bestConformation="Conformation 39.0 -39.0 Fffllfffllrrfffffffrrffffflfffllffrffrrflffllfrffllrrfrfllfflrrlrflrllrlflfrlrrllrfrrlrfllfrrlrrlrf"/>
	<trajectory sample="343" generation="343000" 
bestEnergy="-39.0" averageEnergy="-38.9998" worstEnergy="-37.0" bestConformation="Conformation 39.0 -39.0 Fffllfffllrrfffffffrrffffflfffllffrffrrflffllfrffllrrfrfllfflrrlrflrllrlflfrlrrllrfrrlrfllfrrlrrlrf"/>
	<trajectory sample="344" generation="344000" 
bestEnergy="-39.0" averageEnergy="-39.0" worstEnergy="-39.0" bestConformation="Conformation 39.0 -39.0 Fffllfffllrrfffffffrrffffflfffllffrffrrflffllfrffllrrfrfllfflrrlrflrllrlflfrlrrllrfrrlrfllfrrlrrlrf"/>
	<trajectory sample="345" generation="345000" 
bestEnergy="-39.0" averageEnergy="-38.9997" worstEnergy="-36.0" bestConformation="Conformation 39.0 -39.0 Fffllfffllrrfffffffrrffffflfffllffrffrrflffllfrffllrrfrfllfflrrlrflrllrlflfrlrrllrfrrlrfllfrrlrrlrf"/>
	<trajectory sample="346" generation="346000" 
bestEnergy="-39.0" averageEnergy="-39.0" worstEnergy="-39.0" bestConformation="Conformation 39.0 -39.0 Fffllfffllrrfffffffrrffffflfffllffrffrrflffllfrffllrrfrfllfflrrlrflrllrlflfrlrrllrfrrlrfllfrrlrrlrf"/>
	<trajectory sample="347" generation="347000" 
bestEnergy="-39.0" averageEnergy="-38.9996" worstEnergy="-35.0" bestConformation="Conformation 39.0 -39.0 Fffllfffllrrfffffffrrffffflfffllffrffrrflffllfrffllrrfrfllfflrrlrflrllrlflfrlrrllrfrrlrfllfrrlrrlrf"/>
	<trajectory sample="348" generation="348000" 
bestEnergy="-39.0" averageEnergy="-39.0" worstEnergy="-39.0" bestConformation="Conformation 39.0 -39.0 Fffllfffllrrfffffffrrffffflfffllffrffrrflffllfrffllrrfrfllfflrrlrflrllrlflfrlrrllrfrrlrfllfrrlrrlrf"/>
	<trajectory sample="349" generation="349000" 
bestEnergy="-39.0" averageEnergy="-38.9999" worstEnergy="-38.0" bestConformation="Conformation 39.0 -39.0 Fffllfffllrrfffffffrrffffflfffllffrffrrflffllfrffllrrfrfllfflrrlrflrllrlflfrlrrllrfrrlrfllfrrlrrlrf"/>
	<trajectory sample="350" generation="350000" 
bestEnergy="-39.0" averageEnergy="-38.9996" worstEnergy="-35.0" bestConformation="Conformation 39.0 -39.0 Fffllfffllrrfffffffrrffffflfffllffrffrrflffllfrffllrrfrfllfflrrlrflrllrlflfrlrrllrfrrlrfllfrrlrrlrf"/>
	<trajectory sample="351" generation="351000" 
bestEnergy="-39.0" averageEnergy="-39.0" worstEnergy="-39.0" bestConformation="Conformation 39.0 -39.0 Fffllfffllrrfffffffrrffffflfffllffrffrrflffllfrffllrrfrfllfflrrlrflrllrlflfrlrrllrfrrlrfllfrrlrrlrf"/>
	<trajectory sample="352" generation="352000" 
bestEnergy="-39.0" averageEnergy="-38.9997" worstEnergy="-36.0" bestConformation="Conformation 39.0 -39.0 Fffllfffllrrfffffffrrffffflfffllffrffrrflffllfrffllrrfrfllfflrrlrflrllrlflfrlrrllrfrrlrfllfrrlrrlrf"/>
	<trajectory sample="353" generation="353000" 
bestEnergy="-39.0" averageEnergy="-39.0" worstEnergy="-39.0" bestConformation="Conformation 39.0 -39.0 Fffllfffllrrfffffffrrffffflfffllffrffrrflffllfrffllrrfrfllfflrrlrflrllrlflfrlrrllrfrrlrfllfrrlrrlrf"/>
	<trajectory sample="354" generation="354000" 
bestEnergy="-39.0" averageEnergy="-38.9999" worstEnergy="-38.0" bestConformation="Conformation 39.0 -39.0 Fffllfffllrrfffffffrrffffflfffllffrffrrflffllfrffllrrfrfllfflrrlrflrllrlflfrlrrllrfrrlrfllfrrlrrlrf"/>
	<trajectory sample="355" generation="355000" 
bestEnergy="-39.0" averageEnergy="-39.0" worstEnergy="-39.0" bestConformation="Conformation 39.0 -39.0 Fffllfffllrrfffffffrrffffflfffllffrffrrflffllfrffllrrfrfllfflrrlrflrllrlflfrlrrllrfrrlrfllfrrlrrlrf"/>
	<trajectory sample="356" generation="356000" 
bestEnergy="-39.0" averageEnergy="-38.9999" worstEnergy="-38.0" bestConformation="Conformation 39.0 -39.0 Fffllfffllrrfffffffrrffffflfffllffrffrrflffllfrffllrrfrfllfflrrlrflrllrlflfrlrrllrfrrlrfllfrrlrrlrf"/>
	<trajectory sample="357" generation="357000" 
bestEnergy="-39.0" averageEnergy="-39.0" worstEnergy="-39.0" bestConformation="Conformation 39.0 -39.0 Fffllfffllrrfffffffrrffffflfffllffrffrrflffllfrffllrrfrfllfflrrlrflrllrlflfrlrrllrfrrlrfllfrrlrrlrf"/>
	<trajectory sample="358" generation="358000" 
bestEnergy="-39.0" averageEnergy="-38.9999" worstEnergy="-38.0" bestConformation="Conformation 39.0 -39.0 Fffllfffllrrfffffffrrffffflfffllffrffrrflffllfrffllrrfrfllfflrrlrflrllrlflfrlrrllrfrrlrfllfrrlrrlrf"/>
	<trajectory sample="359" generation="359000" 
bestEnergy="-39.0" averageEnergy="-39.0" worstEnergy="-39.0" bestConformation="Conformation 39.0 -39.0 Fffllfffllrrfffffffrrffffflfffllffrffrrflffllfrffllrrfrfllfflrrlrflrllrlflfrlrrllrfrrlrfllfrrlrrlrf"/>
	<trajectory sample="360" generation="360000" 
bestEnergy="-39.0" averageEnergy="-38.9993" worstEnergy="-32.0" bestConformation="Conformation 39.0 -39.0 Fffllfffllrrfffffffrrffffflfffllffrffrrflffllfrffllrrfrfllfflrrlrflrllrlflfrlrrllrfrrlrfllfrrlrrlrf"/>
	<trajectory sample="361" generation="361000" 
bestEnergy="-39.0" averageEnergy="-38.9999" worstEnergy="-38.0" bestConformation="Conformation 39.0 -39.0 Fffllfffllrrfffffffrrffffflfffllffrffrrflffllfrffllrrfrfllfflrrlrflrllrlflfrlrrllrfrrlrfllfrrlrrlrf"/>
	<trajectory sample="362" generation="362000" 
bestEnergy="-39.0" averageEnergy="-39.0" worstEnergy="-39.0" bestConformation="Conformation 39.0 -39.0 Fffllfffllrrfffffffrrffffflfffllffrffrrflffllfrffllrrfrfllfflrrlrflrllrlflfrlrrllrfrrlrfllfrrlrrlrf"/>
	<trajectory sample="363" generation="363000" 
bestEnergy="-39.0" averageEnergy="-39.0" worstEnergy="-39.0" bestConformation="Conformation 39.0 -39.0 Fffllfffllrrfffffffrrffffflfffllffrffrrflffllfrffllrrfrfllfflrrlrflrllrlflfrlrrllrfrrlrfllfrrlrrlrf"/>
	<trajectory sample="364" generation="364000" 
bestEnergy="-39.0" averageEnergy="-39.0" worstEnergy="-39.0" bestConformation="Conformation 39.0 -39.0 Fffllfffllrrfffffffrrffffflfffllffrffrrflffllfrffllrrfrfllfflrrlrflrllrlflfrlrrllrfrrlrfllfrrlrrlrf"/>
	<trajectory sample="365" generation="365000" 
bestEnergy="-39.0" averageEnergy="-38.9997" worstEnergy="-36.0" bestConformation="Conformation 39.0 -39.0 Fffllfffllrrfffffffrrffffflfffllffrffrrflffllfrffllrrfrfllfflrrlrflrllrlflfrlrrllrfrrlrfllfrrlrrlrf"/>
	<trajectory sample="366" generation="366000" 
bestEnergy="-39.0" averageEnergy="-39.0" worstEnergy="-39.0" bestConformation="Conformation 39.0 -39.0 Fffllfffllrrfffffffrrffffflfffllffrffrrflffllfrffllrrfrfllfflrrlrflrllrlflfrlrrllrfrrlrfllfrrlrrlrf"/>
	<trajectory sample="367" generation="367000" 
bestEnergy="-39.0" averageEnergy="-39.0" worstEnergy="-39.0" bestConformation="Conformation 39.0 -39.0 Fffllfffllrrfffffffrrffffflfffllffrffrrflffllfrffllrrfrfllfflrrlrflrllrlflfrlrrllrfrrlrfllfrrlrrlrf"/>
	<trajectory sample="368" generation="368000" 
bestEnergy="-39.0" averageEnergy="-39.0" worstEnergy="-39.0" bestConformation="Conformation 39.0 -39.0 Fffllfffllrrfffffffrrffffflfffllffrffrrflffllfrffllrrfrfllfflrrlrflrllrlflfrlrrllrfrrlrfllfrrlrrlrf"/>
	<trajectory sample="369" generation="369000" 
bestEnergy="-39.0" averageEnergy="-39.0" worstEnergy="-39.0" bestConformation="Conformation 39.0 -39.0 Fffllfffllrrfffffffrrffffflfffllffrffrrflffllfrffllrrfrfllfflrrlrflrllrlflfrlrrllrfrrlrfllfrrlrrlrf"/>
	<trajectory sample="370" generation="370000" 
bestEnergy="-39.0" averageEnergy="-39.0" worstEnergy="-39.0" bestConformation="Conformation 39.0 -39.0 Fffllfffllrrfffffffrrffffflfffllffrffrrflffllfrffllrrfrfllfflrrlrflrllrlflfrlrrllrfrrlrfllfrrlrrlrf"/>
	<trajectory sample="371" generation="371000" 
bestEnergy="-39.0" averageEnergy="-39.0" worstEnergy="-39.0" bestConformation="Conformation 39.0 -39.0 Fffllfffllrrfffffffrrffffflfffllffrffrrflffllfrffllrrfrfllfflrrlrflrllrlflfrlrrllrfrrlrfllfrrlrrlrf"/>
	<trajectory sample="372" generation="372000" 
bestEnergy="-39.0" averageEnergy="-38.9998" worstEnergy="-37.0" bestConformation="Conformation 39.0 -39.0 Fffllfffllrrfffffffrrffffflfffllffrffrrflffllfrffllrrfrfllfflrrlrflrllrlflfrlrrllrfrrlrfllfrrlrrlrf"/>
	<trajectory sample="373" generation="373000" 
bestEnergy="-39.0" averageEnergy="-39.0" worstEnergy="-39.0" bestConformation="Conformation 39.0 -39.0 Fffllfffllrrfffffffrrffffflfffllffrffrrflffllfrffllrrfrfllfflrrlrflrllrlflfrlrrllrfrrlrfllfrrlrrlrf"/>
	<trajectory sample="374" generation="374000" 
bestEnergy="-39.0" averageEnergy="-39.0" worstEnergy="-39.0" bestConformation="Conformation 39.0 -39.0 Fffllfffllrrfffffffrrffffflfffllffrffrrflffllfrffllrrfrfllfflrrlrflrllrlflfrlrrllrfrrlrfllfrrlrrlrf"/>
	<trajectory sample="375" generation="375000" 
bestEnergy="-39.0" averageEnergy="-39.0" worstEnergy="-39.0" bestConformation="Conformation 39.0 -39.0 Fffllfffllrrfffffffrrffffflfffllffrffrrflffllfrffllrrfrfllfflrrlrflrllrlflfrlrrllrfrrlrfllfrrlrrlrf"/>
	<trajectory sample="376" generation="376000" 
bestEnergy="-39.0" averageEnergy="-39.0" worstEnergy="-39.0" bestConformation="Conformation 39.0 -39.0 Fffllfffllrrfffffffrrffffflfffllffrffrrflffllfrffllrrfrfllfflrrlrflrllrlflfrlrrllrfrrlrfllfrrlrrlrf"/>
	<trajectory sample="377" generation="377000" 
bestEnergy="-39.0" averageEnergy="-39.0" worstEnergy="-39.0" bestConformation="Conformation 39.0 -39.0 Fffllfffllrrfffffffrrffffflfffllffrffrrflffllfrffllrrfrfllfflrrlrflrllrlflfrlrrllrfrrlrfllfrrlrrlrf"/>
	<trajectory sample="378" generation="378000" 
bestEnergy="-39.0" averageEnergy="-38.9997" worstEnergy="-36.0" bestConformation="Conformation 39.0 -39.0 Fffllfffllrrfffffffrrffffflfffllffrffrrflffllfrffllrrfrfllfflrrlrflrllrlflfrlrrllrfrrlrfllfrrlrrlrf"/>
	<trajectory sample="379" generation="379000" 
bestEnergy="-39.0" averageEnergy="-39.0" worstEnergy="-39.0" bestConformation="Conformation 39.0 -39.0 Fffllfffllrrfffffffrrffffflfffllffrffrrflffllfrffllrrfrfllfflrrlrflrllrlflfrlrrllrfrrlrfllfrrlrrlrf"/>
	<trajectory sample="380" generation="380000" 
bestEnergy="-39.0" averageEnergy="-39.0" worstEnergy="-39.0" bestConformation="Conformation 39.0 -39.0 Fffllfffllrrfffffffrrffffflfffllffrffrrflffllfrffllrrfrfllfflrrlrflrllrlflfrlrrllrfrrlrfllfrrlrrlrf"/>
	<trajectory sample="381" generation="381000" 
bestEnergy="-39.0" averageEnergy="-39.0" worstEnergy="-39.0" bestConformation="Conformation 39.0 -39.0 Fffllfffllrrfffffffrrffffflfffllffrffrrflffllfrffllrrfrfllfflrrlrflrllrlflfrlrrllrfrrlrfllfrrlrrlrf"/>
	<trajectory sample="382" generation="382000" 
bestEnergy="-39.0" averageEnergy="-39.0" worstEnergy="-39.0" bestConformation="Conformation 39.0 -39.0 Fffllfffllrrfffffffrrffffflfffllffrffrrflffllfrffllrrfrfllfflrrlrflrllrlflfrlrrllrfrrlrfllfrrlrrlrf"/>
	<trajectory sample="383" generation="383000" 
bestEnergy="-39.0" averageEnergy="-39.0" worstEnergy="-39.0" bestConformation="Conformation 39.0 -39.0 Fffllfffllrrfffffffrrffffflfffllffrffrrflffllfrffllrrfrfllfflrrlrflrllrlflfrlrrllrfrrlrfllfrrlrrlrf"/>
	<trajectory sample="384" generation="384000" 
bestEnergy="-39.0" averageEnergy="-39.0" worstEnergy="-39.0" bestConformation="Conformation 39.0 -39.0 Fffllfffllrrfffffffrrffffflfffllffrffrrflffllfrffllrrfrfllfflrrlrflrllrlflfrlrrllrfrrlrfllfrrlrrlrf"/>
	<trajectory sample="385" generation="385000" 
bestEnergy="-39.0" averageEnergy="-38.9998" worstEnergy="-37.0" bestConformation="Conformation 39.0 -39.0 Fffllfffllrrfffffffrrffffflfffllffrffrrflffllfrffllrrfrfllfflrrlrflrllrlflfrlrrllrfrrlrfllfrrlrrlrf"/>
	<trajectory sample="386" generation="386000" 
bestEnergy="-39.0" averageEnergy="-38.9996" worstEnergy="-35.0" bestConformation="Conformation 39.0 -39.0 Fffllfffllrrfffffffrrffffflfffllffrffrrflffllfrffllrrfrfllfflrrlrflrllrlflfrlrrllrfrrlrfllfrrlrrlrf"/>
	<trajectory sample="387" generation="387000" 
bestEnergy="-39.0" averageEnergy="-39.0" worstEnergy="-39.0" bestConformation="Conformation 39.0 -39.0 Fffllfffllrrfffffffrrffffflfffllffrffrrflffllfrffllrrfrfllfflrrlrflrllrlflfrlrrllrfrrlrfllfrrlrrlrf"/>
	<trajectory sample="388" generation="388000" 
bestEnergy="-39.0" averageEnergy="-38.9999" worstEnergy="-38.0" bestConformation="Conformation 39.0 -39.0 Fffllfffllrrfffffffrrffffflfffllffrffrrflffllfrffllrrfrfllfflrrlrflrllrlflfrlrrllrfrrlrfllfrrlrrlrf"/>
	<trajectory sample="389" generation="389000" 
bestEnergy="-39.0" averageEnergy="-38.9998" worstEnergy="-37.0" bestConformation="Conformation 39.0 -39.0 Fffllfffllrrfffffffrrffffflfffllffrffrrflffllfrffllrrfrfllfflrrlrflrllrlflfrlrrllrfrrlrfllfrrlrrlrf"/>
	<trajectory sample="390" generation="390000" 
bestEnergy="-39.0" averageEnergy="-39.0" worstEnergy="-39.0" bestConformation="Conformation 39.0 -39.0 Fffllfffllrrfffffffrrffffflfffllffrffrrflffllfrffllrrfrfllfflrrlrflrllrlflfrlrrllrfrrlrfllfrrlrrlrf"/>
	<trajectory sample="391" generation="391000" 
bestEnergy="-39.0" averageEnergy="-39.0" worstEnergy="-39.0" bestConformation="Conformation 39.0 -39.0 Fffllfffllrrfffffffrrffffflfffllffrffrrflffllfrffllrrfrfllfflrrlrflrllrlflfrlrrllrfrrlrfllfrrlrrlrf"/>
	<trajectory sample="392" generation="392000" 
bestEnergy="-39.0" averageEnergy="-39.0" worstEnergy="-39.0" bestConformation="Conformation 39.0 -39.0 Fffllfffllrrfffffffrrffffflfffllffrffrrflffllfrffllrrfrfllfflrrlrflrllrlflfrlrrllrfrrlrfllfrrlrrlrf"/>
	<trajectory sample="393" generation="393000" 
bestEnergy="-39.0" averageEnergy="-39.0" worstEnergy="-39.0" bestConformation="Conformation 39.0 -39.0 Fffllfffllrrfffffffrrffffflfffllffrffrrflffllfrffllrrfrfllfflrrlrflrllrlflfrlrrllrfrrlrfllfrrlrrlrf"/>
	<trajectory sample="394" generation="394000" 
bestEnergy="-39.0" averageEnergy="-39.0" worstEnergy="-39.0" bestConformation="Conformation 39.0 -39.0 Fffllfffllrrfffffffrrffffflfffllffrffrrflffllfrffllrrfrfllfflrrlrflrllrlflfrlrrllrfrrlrfllfrrlrrlrf"/>
	<trajectory sample="395" generation="395000" 
bestEnergy="-39.0" averageEnergy="-39.0" worstEnergy="-39.0" bestConformation="Conformation 39.0 -39.0 Fffllfffllrrfffffffrrffffflfffllffrffrrflffllfrffllrrfrfllfflrrlrflrllrlflfrlrrllrfrrlrfllfrrlrrlrf"/>
	<trajectory sample="396" generation="396000" 
bestEnergy="-39.0" averageEnergy="-38.9994" worstEnergy="-33.0" bestConformation="Conformation 39.0 -39.0 Fffllfffllrrfffffffrrffffflfffllffrffrrflffllfrffllrrfrfllfflrrlrflrllrlflfrlrrllrfrrlrfllfrrlrrlrf"/>
	<trajectory sample="397" generation="397000" 
bestEnergy="-39.0" averageEnergy="-38.9997" worstEnergy="-36.0" bestConformation="Conformation 39.0 -39.0 Fffllfffllrrfffffffrrffffflfffllffrffrrflffllfrffllrrfrfllfflrrlrflrllrlflfrlrrllrfrrlrfllfrrlrrlrf"/>
	<trajectory sample="398" generation="398000" 
bestEnergy="-39.0" averageEnergy="-38.9999" worstEnergy="-38.0" bestConformation="Conformation 39.0 -39.0 Fffllfffllrrfffffffrrffffflfffllffrffrrflffllfrffllrrfrfllfflrrlrflrllrlflfrlrrllrfrrlrfllfrrlrrlrf"/>
	<trajectory sample="399" generation="399000" 
bestEnergy="-39.0" averageEnergy="-39.0" worstEnergy="-39.0" bestConformation="Conformation 39.0 -39.0 Fffllfffllrrfffffffrrffffflfffllffrffrrflffllfrffllrrfrfllfflrrlrflrllrlflfrlrrllrfrrlrfllfrrlrrlrf"/>
	<trajectory sample="400" generation="400000" 
bestEnergy="-39.0" averageEnergy="-39.0" worstEnergy="-39.0" bestConformation="Conformation 39.0 -39.0 Fffllfffllrrfffffffrrffffflfffllffrffrrflffllfrffllrrfrfllfflrrlrflrllrlflfrlrrllrfrrlrfllfrrlrrlrf"/>
</run>
<run              number="1" numberOfGenerations="400001"      populationSize="10000">
	<trajectory sample="0" generation="0" 
bestEnergy="-27.0" averageEnergy="-10.6697" worstEnergy="0.0" bestConformation="Conformation 41.0 -41.0 Flffrfffllffrffrllrrfllrrflfrrfllrrffffrrlrrllflfrlfrllflfrrlrrlfflflrlrfllffrrlffffrrffllfrfrfrlrf"/>
	<trajectory sample="1" generation="1000" 
bestEnergy="-27.0" averageEnergy="-11.448" worstEnergy="-6.0" bestConformation="Conformation 41.0 -41.0 Flffrfffllffrffrllrrfllrrflfrrfllrrffffrrlrrllflfrlfrllflfrrlrrlfflflrlrfllffrrlffffrrffllfrfrfrlrf"/>
	<trajectory sample="2" generation="2000" 
bestEnergy="-27.0" averageEnergy="-12.0424" worstEnergy="-7.0" bestConformation="Conformation 41.0 -41.0 Flffrfffllffrffrllrrfllrrflfrrfllrrffffrrlrrllflfrlfrllflfrrlrrlfflflrlrfllffrrlffffrrffllfrfrfrlrf"/>
	<trajectory sample="3" generation="3000" 
bestEnergy="-27.0" averageEnergy="-12.548" worstEnergy="-8.0" bestConformation="Conformation 41.0 -41.0 Flffrfffllffrffrllrrfllrrflfrrfllrrffffrrlrrllflfrlfrllflfrrlrrlfflflrlrfllffrrlffffrrffllfrfrfrlrf"/>
	<trajectory sample="4" generation="4000" 
bestEnergy="-27.0" averageEnergy="-13.0351" worstEnergy="-9.0" bestConformation="Conformation 41.0 -41.0 Flffrfffllffrffrllrrfllrrflfrrfllrrffffrrlrrllflfrlfrllflfrrlrrlfflflrlrfllffrrlffffrrffllfrfrfrlrf"/>
	<trajectory sample="5" generation="5000" 
bestEnergy="-27.0" averageEnergy="-13.4735" worstEnergy="-10.0" bestConformation="Conformation 41.0 -41.0 Flffrfffllffrffrllrrfllrrflfrrfllrrffffrrlrrllflfrlfrllflfrrlrrlfflflrlrfllffrrlffffrrffllfrfrfrlrf"/>
	<trajectory sample="6" generation="6000" 
bestEnergy="-27.0" averageEnergy="-13.9139" worstEnergy="-10.0" bestConformation="Conformation 41.0 -41.0 Flffrfffllffrffrllrrfllrrflfrrfllrrffffrrlrrllflfrlfrllflfrrlrrlfflflrlrfllffrrlffffrrffllfrfrfrlrf"/>
	<trajectory sample="7" generation="7000" 
bestEnergy="-27.0" averageEnergy="-14.3058" worstEnergy="-11.0" bestConformation="Conformation 41.0 -41.0 Flffrfffllffrffrllrrfllrrflfrrfllrrffffrrlrrllflfrlfrllflfrrlrrlfflflrlrfllffrrlffffrrffllfrfrfrlrf"/>
	<trajectory sample="8" generation="8000" 
bestEnergy="-27.0" averageEnergy="-14.7458" worstEnergy="-11.0" bestConformation="Conformation 41.0 -41.0 Flffrfffllffrffrllrrfllrrflfrrfllrrffffrrlrrllflfrlfrllflfrrlrrlfflflrlrfllffrrlffffrrffllfrfrfrlrf"/>
	<trajectory sample="9" generation="9000" 
bestEnergy="-27.0" averageEnergy="-15.0912" worstEnergy="-12.0" bestConformation="Conformation 41.0 -41.0 Flffrfffllffrffrllrrfllrrflfrrfllrrffffrrlrrllflfrlfrllflfrrlrrlfflflrlrfllffrrlffffrrffllfrfrfrlrf"/>
	<trajectory sample="10" generation="10000" 
bestEnergy="-27.0" averageEnergy="-15.4807" worstEnergy="-12.0" bestConformation="Conformation 41.0 -41.0 Flffrfffllffrffrllrrfllrrflfrrfllrrffffrrlrrllflfrlfrllflfrrlrrlfflflrlrfllffrrlffffrrffllfrfrfrlrf"/>
	<trajectory sample="11" generation="11000" 
bestEnergy="-27.0" averageEnergy="-15.8249" worstEnergy="-13.0" bestConformation="Conformation 41.0 -41.0 Flffrfffllffrffrllrrfllrrflfrrfllrrffffrrlrrllflfrlfrllflfrrlrrlfflflrlrfllffrrlffffrrffllfrfrfrlrf"/>
	<trajectory sample="12" generation="12000" 
bestEnergy="-27.0" averageEnergy="-16.1803" worstEnergy="-13.0" bestConformation="Conformation 41.0 -41.0 Flffrfffllffrffrllrrfllrrflfrrfllrrffffrrlrrllflfrlfrllflfrrlrrlfflflrlrfllffrrlffffrrffllfrfrfrlrf"/>
	<trajectory sample="13" generation="13000" 
bestEnergy="-27.0" averageEnergy="-16.5243" worstEnergy="-14.0" bestConformation="Conformation 41.0 -41.0 Flffrfffllffrffrllrrfllrrflfrrfllrrffffrrlrrllflfrlfrllflfrrlrrlfflflrlrfllffrrlffffrrffllfrfrfrlrf"/>
	<trajectory sample="14" generation="14000" 
bestEnergy="-27.0" averageEnergy="-16.8518" worstEnergy="-14.0" bestConformation="Conformation 41.0 -41.0 Flffrfffllffrffrllrrfllrrflfrrfllrrffffrrlrrllflfrlfrllflfrrlrrlfflflrlrfllffrrlffffrrffllfrfrfrlrf"/>
	<trajectory sample="15" generation="15000" 
bestEnergy="-27.0" averageEnergy="-17.1878" worstEnergy="-14.0" bestConformation="Conformation 41.0 -41.0 Flffrfffllffrffrllrrfllrrflfrrfllrrffffrrlrrllflfrlfrllflfrrlrrlfflflrlrfllffrrlffffrrffllfrfrfrlrf"/>
	<trajectory sample="16" generation="16000" 
bestEnergy="-27.0" averageEnergy="-17.4793" worstEnergy="-15.0" bestConformation="Conformation 41.0 -41.0 Flffrfffllffrffrllrrfllrrflfrrfllrrffffrrlrrllflfrlfrllflfrrlrrlfflflrlrfllffrrlffffrrffllfrfrfrlrf"/>
	<trajectory sample="17" generation="17000" 
bestEnergy="-27.0" averageEnergy="-17.782" worstEnergy="-15.0" bestConformation="Conformation 41.0 -41.0 Flffrfffllffrffrllrrfllrrflfrrfllrrffffrrlrrllflfrlfrllflfrrlrrlfflflrlrfllffrrlffffrrffllfrfrfrlrf"/>
	<trajectory sample="18" generation="18000" 
bestEnergy="-27.0" averageEnergy="-18.1069" worstEnergy="-16.0" bestConformation="Conformation 41.0 -41.0 Flffrfffllffrffrllrrfllrrflfrrfllrrffffrrlrrllflfrlfrllflfrrlrrlfflflrlrfllffrrlffffrrffllfrfrfrlrf"/>
	<trajectory sample="19" generation="19000" 
bestEnergy="-27.0" averageEnergy="-18.372" worstEnergy="-16.0" bestConformation="Conformation 41.0 -41.0 Flffrfffllffrffrllrrfllrrflfrrfllrrffffrrlrrllflfrlfrllflfrrlrrlfflflrlrfllffrrlffffrrffllfrfrfrlrf"/>
	<trajectory sample="20" generation="20000" 
bestEnergy="-27.0" averageEnergy="-18.6659" worstEnergy="-16.0" bestConformation="Conformation 41.0 -41.0 Flffrfffllffrffrllrrfllrrflfrrfllrrffffrrlrrllflfrlfrllflfrrlrrlfflflrlrfllffrrlffffrrffllfrfrfrlrf"/>
	<trajectory sample="21" generation="21000" 
bestEnergy="-27.0" averageEnergy="-18.9784" worstEnergy="-17.0" bestConformation="Conformation 41.0 -41.0 Flffrfffllffrffrllrrfllrrflfrrfllrrffffrrlrrllflfrlfrllflfrrlrrlfflflrlrfllffrrlffffrrffllfrfrfrlrf"/>
	<trajectory sample="22" generation="22000" 
bestEnergy="-28.0" averageEnergy="-19.2256" worstEnergy="-17.0" bestConformation="Conformation 41.0 -41.0 Flffrfffllffrffrllrrfllrrflfrrfllrrffffrrlrrllflfrlfrllflfrrlrrllrlfrllfrllffrrlffffrrffllfrfrfrlrf"/>
	<trajectory sample="23" generation="23000" 
bestEnergy="-28.0" averageEnergy="-19.4914" worstEnergy="-17.0" bestConformation="Conformation 41.0 -41.0 Flffrfffllffrffrllrrfllrrflfrrfllrrffffrrlrrllflfrlfrllflfrrlrrllrlfrllfrllffrrlffffrrffllfrfrfrlrf"/>
	<trajectory sample="24" generation="24000" 
bestEnergy="-28.0" averageEnergy="-19.7872" worstEnergy="-17.0" bestConformation="Conformation 41.0 -41.0 Flffrfffllffrffrllrrfllrrflfrrfllrrffffrrlrrllflfrlfrllflfrrlrrllrlfrllfrllffrrlffffrrffllfrfrfrlrf"/>
	<trajectory sample="25" generation="25000" 
bestEnergy="-28.0" averageEnergy="-20.0118" worstEnergy="-18.0" bestConformation="Conformation 41.0 -41.0 Flffrfffllffrffrllrrfllrrflfrrfllrrffffrrlrrllflfrlfrllflfrrlrrllrlfrllfrllffrrlffffrrffllfrfrfrlrf"/>
	<trajectory sample="26" generation="26000" 
bestEnergy="-28.0" averageEnergy="-20.2462" worstEnergy="-18.0" bestConformation="Conformation 41.0 -41.0 Flffrfffllffrffrllrrfllrrflfrrfllrrffffrrlrrllflfrlfrllflfrrlrrllrlfrllfrllffrrlffffrrffllfrfrfrlrf"/>
	<trajectory sample="27" generation="27000" 
bestEnergy="-28.0" averageEnergy="-20.5031" worstEnergy="-18.0" bestConformation="Conformation 41.0 -41.0 Flffrfffllffrffrllrrfllrrflfrrfllrrffffrrlrrllflfrlfrllflfrrlrrllrlfrllfrllffrrlffffrrffllfrfrfrlrf"/>
	<trajectory sample="28" generation="28000" 
bestEnergy="-28.0" averageEnergy="-20.7474" worstEnergy="-19.0" bestConformation="Conformation 41.0 -41.0 Flffrfffllffrffrllrrfllrrflfrrfllrrffffrrlrrllflfrlfrllflfrrlrrllrlfrllfrllffrrlffffrrffllfrfrfrlrf"/>
	<trajectory sample="29" generation="29000" 
bestEnergy="-28.0" averageEnergy="-20.9549" worstEnergy="-19.0" bestConformation="Conformation 41.0 -41.0 Flffrfffllffrffrllrrfllrrflfrrfllrrffffrrlrrllflfrlfrllflfrrlrrllrlfrllfrllffrrlffffrrffllfrfrfrlrf"/>
	<trajectory sample="30" generation="30000" 
bestEnergy="-28.0" averageEnergy="-21.1899" worstEnergy="-19.0" bestConformation="Conformation 41.0 -41.0 Flffrfffllffrffrllrrfllrrflfrrfllrrffffrrlrrllflfrlfrllflfrrlrrllrlfrllfrllffrrlffffrrffllfrfrfrlrf"/>
	<trajectory sample="31" generation="31000" 
bestEnergy="-28.0" averageEnergy="-21.4344" worstEnergy="-19.0" bestConformation="Conformation 41.0 -41.0 Flffrfffllffrffrllrrfllrrflfrrfllrrffffrrlrrllflfrlfrllflfrrlrrllrlfrllfrllffrrlffffrrffllfrfrfrlrf"/>
	<trajectory sample="32" generation="32000" 
bestEnergy="-28.0" averageEnergy="-21.6283" worstEnergy="-20.0" bestConformation="Conformation 41.0 -41.0 Flffrfffllffrffrllrrfllrrflfrrfllrrffffrrlrrllflfrlfrllflfrrlrrllrlfrllfrllffrrlffffrrffllfrfrfrlrf"/>
	<trajectory sample="33" generation="33000" 
bestEnergy="-28.0" averageEnergy="-21.8157" worstEnergy="-20.0" bestConformation="Conformation 41.0 -41.0 Flffrfffllffrffrllrrfllrrflfrrfllrrffffrrlrrllflfrlfrllflfrrlrrllrlfrllfrllffrrlffffrrffllfrfrfrlrf"/>
	<trajectory sample="34" generation="34000" 
bestEnergy="-28.0" averageEnergy="-22.0349" worstEnergy="-20.0" bestConformation="Conformation 41.0 -41.0 Flffrfffllffrffrllrrfllrrflfrrfllrrffffrrlrrllflfrlfrllflfrrlrrllrlfrllfrllffrrlffffrrffllfrfrfrlrf"/>
	<trajectory sample="35" generation="35000" 
bestEnergy="-28.0" averageEnergy="-22.2587" worstEnergy="-20.0" bestConformation="Conformation 41.0 -41.0 Flffrfffllffrffrllrrfllrrflfrrfllrrffffrrlrrllflfrlfrllflfrrlrrllrlfrllfrllffrrlffffrrffllfrfrfrlrf"/>
	<trajectory sample="36" generation="36000" 
bestEnergy="-28.0" averageEnergy="-22.4416" worstEnergy="-21.0" bestConformation="Conformation 41.0 -41.0 Flffrfffllffrffrllrrfllrrflfrrfllrrffffrrlrrllflfrlfrllflfrrlrrllrlfrllfrllffrrlffffrrffllfrfrfrlrf"/>
	<trajectory sample="37" generation="37000" 
bestEnergy="-28.0" averageEnergy="-22.6242" worstEnergy="-21.0" bestConformation="Conformation 41.0 -41.0 Flffrfffllffrffrllrrfllrrflfrrfllrrffffrrlrrllflfrlfrllflfrrlrrllrlfrllfrllffrrlffffrrffllfrfrfrlrf"/>
	<trajectory sample="38" generation="38000" 
bestEnergy="-28.0" averageEnergy="-22.8151" worstEnergy="-21.0" bestConformation="Conformation 41.0 -41.0 Flffrfffllffrffrllrrfllrrflfrrfllrrffffrrlrrllflfrlfrllflfrrlrrllrlfrllfrllffrrlffffrrffllfrfrfrlrf"/>
	<trajectory sample="39" generation="39000" 
bestEnergy="-28.0" averageEnergy="-23.0284" worstEnergy="-21.0" bestConformation="Conformation 41.0 -41.0 Flffrfffllffrffrllrrfllrrflfrrfllrrffffrrlrrllflfrlfrllflfrrlrrllrlfrllfrllffrrlffffrrffllfrfrfrlrf"/>
	<trajectory sample="40" generation="40000" 
bestEnergy="-28.0" averageEnergy="-23.2432" worstEnergy="-21.0" bestConformation="Conformation 41.0 -41.0 Flffrfffllffrffrllrrfllrrflfrrfllrrffffrrlrrllflfrlfrllflfrrlrrllrlfrllfrllffrrlffffrrffllfrfrfrlrf"/>
	<trajectory sample="41" generation="41000" 
bestEnergy="-29.0" averageEnergy="-23.4187" worstEnergy="-20.0" bestConformation="Conformation 41.0 -41.0 Flffrfffllffrffrllrrfllrrflfrrfllrrffffrrlrrllflfrlfrllflfrrlrrlfflfffflfflffrrlffffrrffllfrfrfrlrf"/>
	<trajectory sample="42" generation="42000" 
bestEnergy="-29.0" averageEnergy="-23.5923" worstEnergy="-19.0" bestConformation="Conformation 41.0 -41.0 Flffrfffllffrffrllrrfllrrflfrrfllrrffffrrlrrllflfrlfrllflfrrlrrlfflfffflfflffrrlffffrrffllfrfrfrlrf"/>
	<trajectory sample="43" generation="43000" 
bestEnergy="-31.0" averageEnergy="-23.7839" worstEnergy="-22.0" bestConformation="Conformation 41.0 -41.0 Flflffrfllffrffrllrrfllrrflfrrfllrrffffrrlrrllflfrlfrllflfrrlrrllrlfrlflfflffrrlffffrrffllfrfrfrlrf"/>
	<trajectory sample="44" generation="44000" 
bestEnergy="-31.0" averageEnergy="-23.9884" worstEnergy="-22.0" bestConformation="Conformation 41.0 -41.0 Flflffrfllffrffrllrrfllrrflfrrfllrrffffrrlrrllflfrlfrllflfrrlrrllrlfrlflfflffrrlffffrrffllfrfrfrlrf"/>
	<trajectory sample="45" generation="45000" 
bestEnergy="-31.0" averageEnergy="-24.2137" worstEnergy="-22.0" bestConformation="Conformation 41.0 -41.0 Flflffrfllffrffrllrrfllrrflfrrfllrrffffrrlrrllflfrlfrllflfrrlrrllrlfrlflfflffrrlffffrrffllfrfrfrlrf"/>
	<trajectory sample="46" generation="46000" 
bestEnergy="-31.0" averageEnergy="-24.3909" worstEnergy="-23.0" bestConformation="Conformation 41.0 -41.0 Flflffrfllffrffrllrrfllrrflfrrfllrrffffrrlrrllflfrlfrllflfrrlrrllrlfrlflfflffrrlffffrrffllfrfrfrlrf"/>
	<trajectory sample="47" generation="47000" 
bestEnergy="-31.0" averageEnergy="-24.5683" worstEnergy="-23.0" bestConformation="Conformation 41.0 -41.0 Flflffrfllffrffrllrrfllrrflfrrfllrrffffrrlrrllflfrlfrllflfrrlrrllrlfrlflfflffrrlffffrrffllfrfrfrlrf"/>
	<trajectory sample="48" generation="48000" 
bestEnergy="-31.0" averageEnergy="-24.7492" worstEnergy="-23.0" bestConformation="Conformation 41.0 -41.0 Flflffrfllffrffrllrrfllrrflfrrfllrrffffrrlrrllflfrlfrllflfrrlrrllrlfrlflfflffrrlffffrrffllfrfrfrlrf"/>
	<trajectory sample="49" generation="49000" 
bestEnergy="-31.0" averageEnergy="-24.9475" worstEnergy="-23.0" bestConformation="Conformation 41.0 -41.0 Flflffrfllffrffrllrrfllrrflfrrfllrrffffrrlrrllflfrlfrllflfrrlrrllrlfrlflfflffrrlffffrrffllfrfrfrlrf"/>
	<trajectory sample="50" generation="50000" 
bestEnergy="-31.0" averageEnergy="-25.1612" worstEnergy="-23.0" bestConformation="Conformation 41.0 -41.0 Flflffrfllffrffrllrrfllrrflfrrfllrrffffrrlrrllflfrlfrllflfrrlrrllrlfrlflfflffrrlffffrrffllfrfrfrlrf"/>
	<trajectory sample="51" generation="51000" 
bestEnergy="-31.0" averageEnergy="-25.3274" worstEnergy="-24.0" bestConformation="Conformation 41.0 -41.0 Flflffrfllffrffrllrrfllrrflfrrfllrrffffrrlrrllflfrlfrllflfrrlrrllrlfrlflfflffrrlffffrrffllfrfrfrlrf"/>
	<trajectory sample="52" generation="52000" 
bestEnergy="-31.0" averageEnergy="-25.4823" worstEnergy="-24.0" bestConformation="Conformation 41.0 -41.0 Flflffrfllffrffrllrrfllrrflfrrfllrrffffrrlrrllflfrlfrllflfrrlrrllrlfrlflfflffrrlffffrrffllfrfrfrlrf"/>
	<trajectory sample="53" generation="53000" 
bestEnergy="-31.0" averageEnergy="-25.6589" worstEnergy="-24.0" bestConformation="Conformation 41.0 -41.0 Flflffrfllffrffrllrrfllrrflfrrfllrrffffrrlrrllflfrlfrllflfrrlrrllrlfrlflfflffrrlffffrrffllfrfrfrlrf"/>
	<trajectory sample="54" generation="54000" 
bestEnergy="-31.0" averageEnergy="-25.8463" worstEnergy="-24.0" bestConformation="Conformation 41.0 -41.0 Flflffrfllffrffrllrrfllrrflfrrfllrrffffrrlrrllflfrlfrllflfrrlrrllrlfrlflfflffrrlffffrrffllfrfrfrlrf"/>
	<trajectory sample="55" generation="55000" 
bestEnergy="-31.0" averageEnergy="-26.0258" worstEnergy="-25.0" bestConformation="Conformation 41.0 -41.0 Flflffrfllffrffrllrrfllrrflfrrfllrrffffrrlrrllflfrlfrllflfrrlrrllrlfrlflfflffrrlffffrrffllfrfrfrlrf"/>
	<trajectory sample="56" generation="56000" 
bestEnergy="-31.0" averageEnergy="-26.151" worstEnergy="-25.0" bestConformation="Conformation 41.0 -41.0 Flflffrfllffrffrllrrfllrrflfrrfllrrffffrrlrrllflfrlfrllflfrrlrrllrlfrlflfflffrrlffffrrffllfrfrfrlrf"/>
	<trajectory sample="57" generation="57000" 
bestEnergy="-31.0" averageEnergy="-26.291" worstEnergy="-25.0" bestConformation="Conformation 41.0 -41.0 Flflffrfllffrffrllrrfllrrflfrrfllrrffffrrlrrllflfrlfrllflfrrlrrllrlfrlflfflffrrlffffrrffllfrfrfrlrf"/>
	<trajectory sample="58" generation="58000" 
bestEnergy="-32.0" averageEnergy="-26.4373" worstEnergy="-25.0" bestConformation="Conformation 41.0 -41.0 Flffrfffllffrffrllrrfllrrflfrrfllrrffffrrlrrllflfrlfrllflfrrlrrllrflfflfrllffrrlffffrrffllrlrrfrlrf"/>
	<trajectory sample="59" generation="59000" 
bestEnergy="-32.0" averageEnergy="-26.5995" worstEnergy="-23.0" bestConformation="Conformation 41.0 -41.0 Flffrfffllffrffrllrrfllrrflfrrfllrrffffrrlrrllflfrlfrllflfrrlrrllrflfflfrllffrrlffffrrffllrlrrfrlrf"/>
	<trajectory sample="60" generation="60000" 
bestEnergy="-32.0" averageEnergy="-26.7437" worstEnergy="-25.0" bestConformation="Conformation 41.0 -41.0 Flffrfffllffrffrllrrfllrrflfrrfllrrffffrrlrrllflfrlfrllflfrrlrrllrflfflfrllffrrlffffrrffllrlrrfrlrf"/>
	<trajectory sample="61" generation="61000" 
bestEnergy="-32.0" averageEnergy="-26.8396" worstEnergy="-26.0" bestConformation="Conformation 41.0 -41.0 Flffrfffllffrffrllrrfllrrflfrrfllrrffffrrlrrllflfrlfrllflfrrlrrllrflfflfrllffrrlffffrrffllrlrrfrlrf"/>
	<trajectory sample="62" generation="62000" 
bestEnergy="-32.0" averageEnergy="-26.9442" worstEnergy="-26.0" bestConformation="Conformation 41.0 -41.0 Flffrfffllffrffrllrrfllrrflfrrfllrrffffrrlrrllflfrlfrllflfrrlrrllrflfflfrllffrrlffffrrffllrlrrfrlrf"/>
	<trajectory sample="63" generation="63000" 
bestEnergy="-32.0" averageEnergy="-27.0527" worstEnergy="-26.0" bestConformation="Conformation 41.0 -41.0 Flffrfffllffrffrllrrfllrrflfrrfllrrffffrrlrrllflfrlfrllflfrrlrrllrflfflfrllffrrlffffrrffllrlrrfrlrf"/>
	<trajectory sample="64" generation="64000" 
bestEnergy="-32.0" averageEnergy="-27.1733" worstEnergy="-26.0" bestConformation="Conformation 41.0 -41.0 Flffrfffllffrffrllrrfllrrflfrrfllrrffffrrlrrllflfrlfrllflfrrlrrllrflfflfrllffrrlffffrrffllrlrrfrlrf"/>
	<trajectory sample="65" generation="65000" 
bestEnergy="-32.0" averageEnergy="-27.305" worstEnergy="-26.0" bestConformation="Conformation 41.0 -41.0 Flffrfffllffrffrllrrfllrrflfrrfllrrffffrrlrrllflfrlfrllflfrrlrrllrflfflfrllffrrlffffrrffllrlrrfrlrf"/>
	<trajectory sample="66" generation="66000" 
bestEnergy="-32.0" averageEnergy="-27.4464" worstEnergy="-26.0" bestConformation="Conformation 41.0 -41.0 Flffrfffllffrffrllrrfllrrflfrrfllrrffffrrlrrllflfrlfrllflfrrlrrllrflfflfrllffrrlffffrrffllrlrrfrlrf"/>
	<trajectory sample="67" generation="67000" 
bestEnergy="-32.0" averageEnergy="-27.5342" worstEnergy="-27.0" bestConformation="Conformation 41.0 -41.0 Flffrfffllffrffrllrrfllrrflfrrfllrrffffrrlrrllflfrlfrllflfrrlrrllrflfflfrllffrrlffffrrffllrlrrfrlrf"/>
	<trajectory sample="68" generation="68000" 
bestEnergy="-32.0" averageEnergy="-27.6084" worstEnergy="-25.0" bestConformation="Conformation 41.0 -41.0 Flffrfffllffrffrllrrfllrrflfrrfllrrffffrrlrrllflfrlfrllflfrrlrrllrflfflfrllffrrlffffrrffllrlrrfrlrf"/>
	<trajectory sample="69" generation="69000" 
bestEnergy="-32.0" averageEnergy="-27.6923" worstEnergy="-27.0" bestConformation="Conformation 41.0 -41.0 Flffrfffllffrffrllrrfllrrflfrrfllrrffffrrlrrllflfrlfrllflfrrlrrllrflfflfrllffrrlffffrrffllrlrrfrlrf"/>
	<trajectory sample="70" generation="70000" 
bestEnergy="-32.0" averageEnergy="-27.7876" worstEnergy="-27.0" bestConformation="Conformation 41.0 -41.0 Flffrfffllffrffrllrrfllrrflfrrfllrrffffrrlrrllflfrlfrllflfrrlrrllrflfflfrllffrrlffffrrffllrlrrfrlrf"/>
	<trajectory sample="71" generation="71000" 
bestEnergy="-32.0" averageEnergy="-27.8867" worstEnergy="-27.0" bestConformation="Conformation 41.0 -41.0 Flffrfffllffrffrllrrfllrrflfrrfllrrffffrrlrrllflfrlfrllflfrrlrrllrflfflfrllffrrlffffrrffllrlrrfrlrf"/>
	<trajectory sample="72" generation="72000" 
bestEnergy="-32.0" averageEnergy="-27.996" worstEnergy="-27.0" bestConformation="Conformation 41.0 -41.0 Flffrfffllffrffrllrrfllrrflfrrfllrrffffrrlrrllflfrlfrllflfrrlrrllrflfflfrllffrrlffffrrffllrlrrfrlrf"/>
	<trajectory sample="73" generation="73000" 
bestEnergy="-32.0" averageEnergy="-28.1183" worstEnergy="-27.0" bestConformation="Conformation 41.0 -41.0 Flffrfffllffrffrllrrfllrrflfrrfllrrffffrrlrrllflfrlfrllflfrrlrrllrflfflfrllffrrlffffrrffllrlrrfrlrf"/>
	<trajectory sample="74" generation="74000" 
bestEnergy="-32.0" averageEnergy="-28.2482" worstEnergy="-27.0" bestConformation="Conformation 41.0 -41.0 Flffrfffllffrffrllrrfllrrflfrrfllrrffffrrlrrllflfrlfrllflfrrlrrllrflfflfrllffrrlffffrrffllrlrrfrlrf"/>
	<trajectory sample="75" generation="75000" 
bestEnergy="-32.0" averageEnergy="-28.3975" worstEnergy="-27.0" bestConformation="Conformation 41.0 -41.0 Flffrfffllffrffrllrrfllrrflfrrfllrrffffrrlrrllflfrlfrllflfrrlrrllrflfflfrllffrrlffffrrffllrlrrfrlrf"/>
	<trajectory sample="76" generation="76000" 
bestEnergy="-32.0" averageEnergy="-28.5468" worstEnergy="-24.0" bestConformation="Conformation 41.0 -41.0 Flffrfffllffrffrllrrfllrrflfrrfllrrffffrrlrrllflfrlfrllflfrrlrrllrflfflfrllffrrlffffrrffllrlrrfrlrf"/>
	<trajectory sample="77" generation="77000" 
bestEnergy="-32.0" averageEnergy="-28.6477" worstEnergy="-28.0" bestConformation="Conformation 41.0 -41.0 Flffrfffllffrffrllrrfllrrflfrrfllrrffffrrlrrllflfrlfrllflfrrlrrllrflfflfrllffrrlffffrrffllrlrrfrlrf"/>
	<trajectory sample="78" generation="78000" 
bestEnergy="-32.0" averageEnergy="-28.7346" worstEnergy="-28.0" bestConformation="Conformation 41.0 -41.0 Flffrfffllffrffrllrrfllrrflfrrfllrrffffrrlrrllflfrlfrllflfrrlrrllrflfflfrllffrrlffffrrffllrlrrfrlrf"/>
	<trajectory sample="79" generation="79000" 
bestEnergy="-32.0" averageEnergy="-28.8375" worstEnergy="-28.0" bestConformation="Conformation 41.0 -41.0 Flffrfffllffrffrllrrfllrrflfrrfllrrffffrrlrrllflfrlfrllflfrrlrrllrflfflfrllffrrlffffrrffllrlrrfrlrf"/>
	<trajectory sample="80" generation="80000" 
bestEnergy="-32.0" averageEnergy="-28.9391" worstEnergy="-28.0" bestConformation="Conformation 41.0 -41.0 Flffrfffllffrffrllrrfllrrflfrrfllrrffffrrlrrllflfrlfrllflfrrlrrllrflfflfrllffrrlffffrrffllrlrrfrlrf"/>
	<trajectory sample="81" generation="81000" 
bestEnergy="-32.0" averageEnergy="-29.0573" worstEnergy="-28.0" bestConformation="Conformation 41.0 -41.0 Flffrfffllffrffrllrrfllrrflfrrfllrrffffrrlrrllflfrlfrllflfrrlrrllrflfflfrllffrrlffffrrffllrlrrfrlrf"/>
	<trajectory sample="82" generation="82000" 
bestEnergy="-32.0" averageEnergy="-29.186" worstEnergy="-28.0" bestConformation="Conformation 41.0 -41.0 Flffrfffllffrffrllrrfllrrflfrrfllrrffffrrlrrllflfrlfrllflfrrlrrllrflfflfrllffrrlffffrrffllrlrrfrlrf"/>
	<trajectory sample="83" generation="83000" 
bestEnergy="-32.0" averageEnergy="-29.3245" worstEnergy="-28.0" bestConformation="Conformation 41.0 -41.0 Flffrfffllffrffrllrrfllrrflfrrfllrrffffrrlrrllflfrlfrllflfrrlrrllrflfflfrllffrrlffffrrffllrlrrfrlrf"/>
	<trajectory sample="84" generation="84000" 
bestEnergy="-34.0" averageEnergy="-29.4781" worstEnergy="-24.0" bestConformation="Conformation 41.0 -41.0 Flfrlrffllffrffrllrrfllrrflfrrfllrrffffrrlrrllflfrlfrllflfrrlrrllrlfrllfrllffrrlffffrrffllfrfrfrlrf"/>
	<trajectory sample="85" generation="85000" 
bestEnergy="-34.0" averageEnergy="-29.6408" worstEnergy="-28.0" bestConformation="Conformation 41.0 -41.0 Flfrlrffllffrffrllrrfllrrflfrrfllrrffffrrlrrllflfrlfrllflfrrlrrllrlfrllfrllffrrlffffrrffllfrfrfrlrf"/>
	<trajectory sample="86" generation="86000" 
bestEnergy="-34.0" averageEnergy="-29.7832" worstEnergy="-29.0" bestConformation="Conformation 41.0 -41.0 Flfrlrffllffrffrllrrfllrrflfrrfllrrffffrrlrrllflfrlfrllflfrrlrrllrlfrllfrllffrrlffffrrffllfrfrfrlrf"/>
	<trajectory sample="87" generation="87000" 
bestEnergy="-34.0" averageEnergy="-29.8778" worstEnergy="-29.0" bestConformation="Conformation 41.0 -41.0 Flfrlrffllffrffrllrrfllrrflfrrfllrrffffrrlrrllflfrlfrllflfrrlrrllrlfrllfrllffrrlffffrrffllfrfrfrlrf"/>
	<trajectory sample="88" generation="88000" 
bestEnergy="-34.0" averageEnergy="-29.9873" worstEnergy="-29.0" bestConformation="Conformation 41.0 -41.0 Flfrlrffllffrffrllrrfllrrflfrrfllrrffffrrlrrllflfrlfrllflfrrlrrllrlfrllfrllffrrlffffrrffllfrfrfrlrf"/>
	<trajectory sample="89" generation="89000" 
bestEnergy="-34.0" averageEnergy="-30.0951" worstEnergy="-29.0" bestConformation="Conformation 41.0 -41.0 Flfrlrffllffrffrllrrfllrrflfrrfllrrffffrrlrrllflfrlfrllflfrrlrrllrlfrllfrllffrrlffffrrffllfrfrfrlrf"/>
	<trajectory sample="90" generation="90000" 
bestEnergy="-34.0" averageEnergy="-30.2126" worstEnergy="-29.0" bestConformation="Conformation 41.0 -41.0 Flfrlrffllffrffrllrrfllrrflfrrfllrrffffrrlrrllflfrlfrllflfrrlrrllrlfrllfrllffrrlffffrrffllfrfrfrlrf"/>
	<trajectory sample="91" generation="91000" 
bestEnergy="-34.0" averageEnergy="-30.3451" worstEnergy="-29.0" bestConformation="Conformation 41.0 -41.0 Flfrlrffllffrffrllrrfllrrflfrrfllrrffffrrlrrllflfrlfrllflfrrlrrllrlfrllfrllffrrlffffrrffllfrfrfrlrf"/>
	<trajectory sample="92" generation="92000" 
bestEnergy="-34.0" averageEnergy="-30.4861" worstEnergy="-29.0" bestConformation="Conformation 41.0 -41.0 Flfrlrffllffrffrllrrfllrrflfrrfllrrffffrrlrrllflfrlfrllflfrrlrrllrlfrllfrllffrrlffffrrffllfrfrfrlrf"/>
	<trajectory sample="93" generation="93000" 
bestEnergy="-34.0" averageEnergy="-30.6253" worstEnergy="-30.0" bestConformation="Conformation 41.0 -41.0 Flfrlrffllffrffrllrrfllrrflfrrfllrrffffrrlrrllflfrlfrllflfrrlrrllrlfrllfrllffrrlffffrrffllfrfrfrlrf"/>
	<trajectory sample="94" generation="94000" 
bestEnergy="-34.0" averageEnergy="-30.6953" worstEnergy="-30.0" bestConformation="Conformation 41.0 -41.0 Flfrlrffllffrffrllrrfllrrflfrrfllrrffffrrlrrllflfrlfrllflfrrlrrllrlfrllfrllffrrlffffrrffllfrfrfrlrf"/>
	<trajectory sample="95" generation="95000" 
bestEnergy="-34.0" averageEnergy="-30.7685" worstEnergy="-30.0" bestConformation="Conformation 41.0 -41.0 Flfrlrffllffrffrllrrfllrrflfrrfllrrffffrrlrrllflfrlfrllflfrrlrrllrlfrllfrllffrrlffffrrffllfrfrfrlrf"/>
	<trajectory sample="96" generation="96000" 
bestEnergy="-34.0" averageEnergy="-30.8521" worstEnergy="-29.0" bestConformation="Conformation 41.0 -41.0 Flfrlrffllffrffrllrrfllrrflfrrfllrrffffrrlrrllflfrlfrllflfrrlrrllrlfrllfrllffrrlffffrrffllfrfrfrlrf"/>
	<trajectory sample="97" generation="97000" 
bestEnergy="-34.0" averageEnergy="-30.9386" worstEnergy="-28.0" bestConformation="Conformation 41.0 -41.0 Flfrlrffllffrffrllrrfllrrflfrrfllrrffffrrlrrllflfrlfrllflfrrlrrllrlfrllfrllffrrlffffrrffllfrfrfrlrf"/>
	<trajectory sample="98" generation="98000" 
bestEnergy="-34.0" averageEnergy="-31.0338" worstEnergy="-30.0" bestConformation="Conformation 41.0 -41.0 Flfrlrffllffrffrllrrfllrrflfrrfllrrffffrrlrrllflfrlfrllflfrrlrrllrlfrllfrllffrrlffffrrffllfrfrfrlrf"/>
	<trajectory sample="99" generation="99000" 
bestEnergy="-34.0" averageEnergy="-31.1357" worstEnergy="-30.0" bestConformation="Conformation 41.0 -41.0 Flfrlrffllffrffrllrrfllrrflfrrfllrrffffrrlrrllflfrlfrllflfrrlrrllrlfrllfrllffrrlffffrrffllfrfrfrlrf"/>
	<trajectory sample="100" generation="100000" 
bestEnergy="-34.0" averageEnergy="-31.2099" worstEnergy="-29.0" bestConformation="Conformation 41.0 -41.0 Flfrlrffllffrffrllrrfllrrflfrrfllrrffffrrlrrllflfrlfrllflfrrlrrllrlfrllfrllffrrlffffrrffllfrfrfrlrf"/>
	<trajectory sample="101" generation="101000" 
bestEnergy="-36.0" averageEnergy="-31.2395" worstEnergy="-31.0" bestConformation="Conformation 41.0 -41.0 Flrflfrfllffrffrllrrfllrrflfrrfllrrffffrrlrrllflfrlfrllflfrrlrrllrlrllfrfllffrrlffffrrffllfrfrrlfrf"/>
	<trajectory sample="102" generation="102000" 
bestEnergy="-36.0" averageEnergy="-31.272" worstEnergy="-31.0" bestConformation="Conformation 41.0 -41.0 Flrflfrfllffrffrllrrfllrrflfrrfllrrffffrrlrrllflfrlfrllflfrrlrrllrlrllfrfllffrrlffffrrffllfrfrrlfrf"/>
	<trajectory sample="103" generation="103000" 
bestEnergy="-36.0" averageEnergy="-31.3094" worstEnergy="-27.0" bestConformation="Conformation 41.0 -41.0 Flrflfrfllffrffrllrrfllrrflfrrfllrrffffrrlrrllflfrlfrllflfrrlrrllrlrllfrfllffrrlffffrrffllfrfrrlfrf"/>
	<trajectory sample="104" generation="104000" 
bestEnergy="-36.0" averageEnergy="-31.3498" worstEnergy="-27.0" bestConformation="Conformation 41.0 -41.0 Flrflfrfllffrffrllrrfllrrflfrrfllrrffffrrlrrllflfrlfrllflfrrlrrllrlrllfrfllffrrlffffrrffllfrfrrlfrf"/>
	<trajectory sample="105" generation="105000" 
bestEnergy="-36.0" averageEnergy="-31.3943" worstEnergy="-31.0" bestConformation="Conformation 41.0 -41.0 Flrflfrfllffrffrllrrfllrrflfrrfllrrffffrrlrrllflfrlfrllflfrrlrrllrlrllfrfllffrrlffffrrffllfrfrrlfrf"/>
	<trajectory sample="106" generation="106000" 
bestEnergy="-36.0" averageEnergy="-31.4423" worstEnergy="-31.0" bestConformation="Conformation 41.0 -41.0 Flrflfrfllffrffrllrrfllrrflfrrfllrrffffrrlrrllflfrlfrllflfrrlrrllrlrllfrfllffrrlffffrrffllfrfrrlfrf"/>
	<trajectory sample="107" generation="107000" 
bestEnergy="-36.0" averageEnergy="-31.4941" worstEnergy="-31.0" bestConformation="Conformation 41.0 -41.0 Flrflfrfllffrffrllrrfllrrflfrrfllrrffffrrlrrllflfrlfrllflfrrlrrllrlrllfrfllffrrlffffrrffllfrfrrlfrf"/>
	<trajectory sample="108" generation="108000" 
bestEnergy="-36.0" averageEnergy="-31.554" worstEnergy="-30.0" bestConformation="Conformation 41.0 -41.0 Flrflfrfllffrffrllrrfllrrflfrrfllrrffffrrlrrllflfrlfrllflfrrlrrllrlrllfrfllffrrlffffrrffllfrfrrlfrf"/>
	<trajectory sample="109" generation="109000" 
bestEnergy="-36.0" averageEnergy="-31.614" worstEnergy="-31.0" bestConformation="Conformation 41.0 -41.0 Flrflfrfllffrffrllrrfllrrflfrrfllrrffffrrlrrllflfrlfrllflfrrlrrllrlrllfrfllffrrlffffrrffllfrfrrlfrf"/>
	<trajectory sample="110" generation="110000" 
bestEnergy="-36.0" averageEnergy="-31.6818" worstEnergy="-30.0" bestConformation="Conformation 41.0 -41.0 Flrflfrfllffrffrllrrfllrrflfrrfllrrffffrrlrrllflfrlfrllflfrrlrrllrlrllfrfllffrrlffffrrffllfrfrrlfrf"/>
	<trajectory sample="111" generation="111000" 
bestEnergy="-36.0" averageEnergy="-31.7614" worstEnergy="-31.0" bestConformation="Conformation 41.0 -41.0 Flrflfrfllffrffrllrrfllrrflfrrfllrrffffrrlrrllflfrlfrllflfrrlrrllrlrllfrfllffrrlffffrrffllfrfrrlfrf"/>
	<trajectory sample="112" generation="112000" 
bestEnergy="-36.0" averageEnergy="-31.8372" worstEnergy="-31.0" bestConformation="Conformation 41.0 -41.0 Flrflfrfllffrffrllrrfllrrflfrrfllrrffffrrlrrllflfrlfrllflfrrlrrllrlrllfrfllffrrlffffrrffllfrfrrlfrf"/>
	<trajectory sample="113" generation="113000" 
bestEnergy="-36.0" averageEnergy="-31.9205" worstEnergy="-25.0" bestConformation="Conformation 41.0 -41.0 Flrflfrfllffrffrllrrfllrrflfrrfllrrffffrrlrrllflfrlfrllflfrrlrrllrlrllfrfllffrrlffffrrffllfrfrrlfrf"/>
	<trajectory sample="114" generation="114000" 
bestEnergy="-36.0" averageEnergy="-32.0068" worstEnergy="-31.0" bestConformation="Conformation 41.0 -41.0 Flrflfrfllffrffrllrrfllrrflfrrfllrrffffrrlrrllflfrlfrllflfrrlrrllrlrllfrfllffrrlffffrrffllfrfrrlfrf"/>
	<trajectory sample="115" generation="115000" 
bestEnergy="-36.0" averageEnergy="-32.1054" worstEnergy="-28.0" bestConformation="Conformation 41.0 -41.0 Flrflfrfllffrffrllrrfllrrflfrrfllrrffffrrlrrllflfrlfrllflfrrlrrllrlrllfrfllffrrlffffrrffllfrfrrlfrf"/>
	<trajectory sample="116" generation="116000" 
bestEnergy="-36.0" averageEnergy="-32.1955" worstEnergy="-32.0" bestConformation="Conformation 41.0 -41.0 Flrflfrfllffrffrllrrfllrrflfrrfllrrffffrrlrrllflfrlfrllflfrrlrrllrlrllfrfllffrrlffffrrffllfrfrrlfrf"/>
	<trajectory sample="117" generation="117000" 
bestEnergy="-36.0" averageEnergy="-32.2205" worstEnergy="-32.0" bestConformation="Conformation 41.0 -41.0 Flrflfrfllffrffrllrrfllrrflfrrfllrrffffrrlrrllflfrlfrllflfrrlrrllrlrllfrfllffrrlffffrrffllfrfrrlfrf"/>
	<trajectory sample="118" generation="118000" 
bestEnergy="-36.0" averageEnergy="-32.2533" worstEnergy="-31.0" bestConformation="Conformation 41.0 -41.0 Flrflfrfllffrffrllrrfllrrflfrrfllrrffffrrlrrllflfrlfrllflfrrlrrllrlrllfrfllffrrlffffrrffllfrfrrlfrf"/>
	<trajectory sample="119" generation="119000" 
bestEnergy="-36.0" averageEnergy="-32.2876" worstEnergy="-31.0" bestConformation="Conformation 41.0 -41.0 Flrflfrfllffrffrllrrfllrrflfrrfllrrffffrrlrrllflfrlfrllflfrrlrrllrlrllfrfllffrrlffffrrffllfrfrrlfrf"/>
	<trajectory sample="120" generation="120000" 
bestEnergy="-36.0" averageEnergy="-32.3288" worstEnergy="-29.0" bestConformation="Conformation 41.0 -41.0 Flrflfrfllffrffrllrrfllrrflfrrfllrrffffrrlrrllflfrlfrllflfrrlrrllrlrllfrfllffrrlffffrrffllfrfrrlfrf"/>
	<trajectory sample="121" generation="121000" 
bestEnergy="-36.0" averageEnergy="-32.3782" worstEnergy="-27.0" bestConformation="Conformation 41.0 -41.0 Flrflfrfllffrffrllrrfllrrflfrrfllrrffffrrlrrllflfrlfrllflfrrlrrllrlrllfrfllffrrlffffrrffllfrfrrlfrf"/>
	<trajectory sample="122" generation="122000" 
bestEnergy="-36.0" averageEnergy="-32.4308" worstEnergy="-32.0" bestConformation="Conformation 41.0 -41.0 Flrflfrfllffrffrllrrfllrrflfrrfllrrffffrrlrrllflfrlfrllflfrrlrrllrlrllfrfllffrrlffffrrffllfrfrrlfrf"/>
	<trajectory sample="123" generation="123000" 
bestEnergy="-36.0" averageEnergy="-32.4876" worstEnergy="-32.0" bestConformation="Conformation 41.0 -41.0 Flrflfrfllffrffrllrrfllrrflfrrfllrrffffrrlrrllflfrlfrllflfrrlrrllrlrllfrfllffrrlffffrrffllfrfrrlfrf"/>
	<trajectory sample="124" generation="124000" 
bestEnergy="-36.0" averageEnergy="-32.5507" worstEnergy="-32.0" bestConformation="Conformation 41.0 -41.0 Flrflfrfllffrffrllrrfllrrflfrrfllrrffffrrlrrllflfrlfrllflfrrlrrllrlrllfrfllffrrlffffrrffllfrfrrlfrf"/>
	<trajectory sample="125" generation="125000" 
bestEnergy="-36.0" averageEnergy="-32.6208" worstEnergy="-32.0" bestConformation="Conformation 41.0 -41.0 Flrflfrfllffrffrllrrfllrrflfrrfllrrffffrrlrrllflfrlfrllflfrrlrrllrlrllfrfllffrrlffffrrffllfrfrrlfrf"/>
	<trajectory sample="126" generation="126000" 
bestEnergy="-36.0" averageEnergy="-32.7067" worstEnergy="-31.0" bestConformation="Conformation 41.0 -41.0 Flrflfrfllffrffrllrrfllrrflfrrfllrrffffrrlrrllflfrlfrllflfrrlrrllrlrllfrfllffrrlffffrrffllfrfrrlfrf"/>
	<trajectory sample="127" generation="127000" 
bestEnergy="-36.0" averageEnergy="-32.7833" worstEnergy="-32.0" bestConformation="Conformation 41.0 -41.0 Flrflfrfllffrffrllrrfllrrflfrrfllrrffffrrlrrllflfrlfrllflfrrlrrllrlrllfrfllffrrlffffrrffllfrfrrlfrf"/>
	<trajectory sample="128" generation="128000" 
bestEnergy="-36.0" averageEnergy="-32.8766" worstEnergy="-31.0" bestConformation="Conformation 41.0 -41.0 Flrflfrfllffrffrllrrfllrrflfrrfllrrffffrrlrrllflfrlfrllflfrrlrrllrlrllfrfllffrrlffffrrffllfrfrrlfrf"/>
	<trajectory sample="129" generation="129000" 
bestEnergy="-36.0" averageEnergy="-32.9864" worstEnergy="-30.0" bestConformation="Conformation 41.0 -41.0 Flrflfrfllffrffrllrrfllrrflfrrfllrrffffrrlrrllflfrlfrllflfrrlrrllrlrllfrfllffrrlffffrrffllfrfrrlfrf"/>
	<trajectory sample="130" generation="130000" 
bestEnergy="-36.0" averageEnergy="-33.0992" worstEnergy="-30.0" bestConformation="Conformation 41.0 -41.0 Flrflfrfllffrffrllrrfllrrflfrrfllrrffffrrlrrllflfrlfrllflfrrlrrllrlrllfrfllffrrlffffrrffllfrfrrlfrf"/>
	<trajectory sample="131" generation="131000" 
bestEnergy="-36.0" averageEnergy="-33.2157" worstEnergy="-32.0" bestConformation="Conformation 41.0 -41.0 Flrflfrfllffrffrllrrfllrrflfrrfllrrffffrrlrrllflfrlfrllflfrrlrrllrlrllfrfllffrrlffffrrffllfrfrrlfrf"/>
	<trajectory sample="132" generation="132000" 
bestEnergy="-36.0" averageEnergy="-33.3462" worstEnergy="-32.0" bestConformation="Conformation 41.0 -41.0 Flrflfrfllffrffrllrrfllrrflfrrfllrrffffrrlrrllflfrlfrllflfrrlrrllrlrllfrfllffrrlffffrrffllfrfrrlfrf"/>
	<trajectory sample="133" generation="133000" 
bestEnergy="-36.0" averageEnergy="-33.4835" worstEnergy="-32.0" bestConformation="Conformation 41.0 -41.0 Flrflfrfllffrffrllrrfllrrflfrrfllrrffffrrlrrllflfrlfrllflfrrlrrllrlrllfrfllffrrlffffrrffllfrfrrlfrf"/>
	<trajectory sample="134" generation="134000" 
bestEnergy="-36.0" averageEnergy="-33.5695" worstEnergy="-33.0" bestConformation="Conformation 41.0 -41.0 Flrflfrfllffrffrllrrfllrrflfrrfllrrffffrrlrrllflfrlfrllflfrrlrrllrlrllfrfllffrrlffffrrffllfrfrrlfrf"/>
	<trajectory sample="135" generation="135000" 
bestEnergy="-37.0" averageEnergy="-33.6402" worstEnergy="-33.0" bestConformation="Conformation 41.0 -41.0 Flffrfffllffrffrllrrfllrrflfrrfllrrffffrrlrrllflfrlfrllflfrrlrrllrlfrllfrllffrrlffffrrffllrlrrfrlrf"/>
	<trajectory sample="136" generation="136000" 
bestEnergy="-37.0" averageEnergy="-33.7303" worstEnergy="-33.0" bestConformation="Conformation 41.0 -41.0 Flffrfffllffrffrllrrfllrrflfrrfllrrffffrrlrrllflfrlfrllflfrrlrrllrlfrllfrllffrrlffffrrffllrlrrfrlrf"/>
	<trajectory sample="137" generation="137000" 
bestEnergy="-37.0" averageEnergy="-33.8181" worstEnergy="-33.0" bestConformation="Conformation 41.0 -41.0 Flffrfffllffrffrllrrfllrrflfrrfllrrffffrrlrrllflfrlfrllflfrrlrrllrlfrllfrllffrrlffffrrffllrlrrfrlrf"/>
	<trajectory sample="138" generation="138000" 
bestEnergy="-37.0" averageEnergy="-33.9153" worstEnergy="-31.0" bestConformation="Conformation 41.0 -41.0 Flffrfffllffrffrllrrfllrrflfrrfllrrffffrrlrrllflfrlfrllflfrrlrrllrlfrllfrllffrrlffffrrffllrlrrfrlrf"/>
	<trajectory sample="139" generation="139000" 
bestEnergy="-37.0" averageEnergy="-34.0219" worstEnergy="-33.0" bestConformation="Conformation 41.0 -41.0 Flffrfffllffrffrllrrfllrrflfrrfllrrffffrrlrrllflfrlfrllflfrrlrrllrlfrllfrllffrrlffffrrffllrlrrfrlrf"/>
	<trajectory sample="140" generation="140000" 
bestEnergy="-37.0" averageEnergy="-34.1281" worstEnergy="-33.0" bestConformation="Conformation 41.0 -41.0 Flffrfffllffrffrllrrfllrrflfrrfllrrffffrrlrrllflfrlfrllflfrrlrrllrlfrllfrllffrrlffffrrffllrlrrfrlrf"/>
	<trajectory sample="141" generation="141000" 
bestEnergy="-37.0" averageEnergy="-34.2505" worstEnergy="-33.0" bestConformation="Conformation 41.0 -41.0 Flffrfffllffrffrllrrfllrrflfrrfllrrffffrrlrrllflfrlfrllflfrrlrrllrlfrllfrllffrrlffffrrffllrlrrfrlrf"/>
	<trajectory sample="142" generation="142000" 
bestEnergy="-37.0" averageEnergy="-34.3812" worstEnergy="-33.0" bestConformation="Conformation 41.0 -41.0 Flffrfffllffrffrllrrfllrrflfrrfllrrffffrrlrrllflfrlfrllflfrrlrrllrlfrllfrllffrrlffffrrffllrlrrfrlrf"/>
	<trajectory sample="143" generation="143000" 
bestEnergy="-37.0" averageEnergy="-34.4932" worstEnergy="-32.0" bestConformation="Conformation 41.0 -41.0 Flffrfffllffrffrllrrfllrrflfrrfllrrffffrrlrrllflfrlfrllflfrrlrrllrlfrllfrllffrrlffffrrffllrlrrfrlrf"/>
	<trajectory sample="144" generation="144000" 
bestEnergy="-37.0" averageEnergy="-34.5594" worstEnergy="-34.0" bestConformation="Conformation 41.0 -41.0 Flffrfffllffrffrllrrfllrrflfrrfllrrffffrrlrrllflfrlfrllflfrrlrrllrlfrllfrllffrrlffffrrffllrlrrfrlrf"/>
	<trajectory sample="145" generation="145000" 
bestEnergy="-38.0" averageEnergy="-34.6357" worstEnergy="-34.0" bestConformation="Conformation 41.0 -41.0 Flffrfffllffrffrllrrfllrrflfrrfllrrffffrrlrrllflfrlfrllflfrrlrrlffllrflrfllffrrlffffrrffllfrfrfrlrf"/>
	<trajectory sample="146" generation="146000" 
bestEnergy="-38.0" averageEnergy="-34.7136" worstEnergy="-34.0" bestConformation="Conformation 41.0 -41.0 Flffrfffllffrffrllrrfllrrflfrrfllrrffffrrlrrllflfrlfrllflfrrlrrlffllrflrfllffrrlffffrrffllfrfrfrlrf"/>
	<trajectory sample="147" generation="147000" 
bestEnergy="-38.0" averageEnergy="-34.7935" worstEnergy="-34.0" bestConformation="Conformation 41.0 -41.0 Flffrfffllffrffrllrrfllrrflfrrfllrrffffrrlrrllflfrlfrllflfrrlrrlffllrflrfllffrrlffffrrffllfrfrfrlrf"/>
	<trajectory sample="148" generation="148000" 
bestEnergy="-38.0" averageEnergy="-34.8836" worstEnergy="-34.0" bestConformation="Conformation 41.0 -41.0 Flffrfffllffrffrllrrfllrrflfrrfllrrffffrrlrrllflfrlfrllflfrrlrrlffllrflrfllffrrlffffrrffllfrfrfrlrf"/>
	<trajectory sample="149" generation="149000" 
bestEnergy="-38.0" averageEnergy="-34.9832" worstEnergy="-34.0" bestConformation="Conformation 41.0 -41.0 Flffrfffllffrffrllrrfllrrflfrrfllrrffffrrlrrllflfrlfrllflfrrlrrlffllrflrfllffrrlffffrrffllfrfrfrlrf"/>
	<trajectory sample="150" generation="150000" 
bestEnergy="-38.0" averageEnergy="-35.0852" worstEnergy="-32.0" bestConformation="Conformation 41.0 -41.0 Flffrfffllffrffrllrrfllrrflfrrfllrrffffrrlrrllflfrlfrllflfrrlrrlffllrflrfllffrrlffffrrffllfrfrfrlrf"/>
	<trajectory sample="151" generation="151000" 
bestEnergy="-38.0" averageEnergy="-35.1974" worstEnergy="-32.0" bestConformation="Conformation 41.0 -41.0 Flffrfffllffrffrllrrfllrrflfrrfllrrffffrrlrrllflfrlfrllflfrrlrrlffllrflrfllffrrlffffrrffllfrfrfrlrf"/>
	<trajectory sample="152" generation="152000" 
bestEnergy="-38.0" averageEnergy="-35.3224" worstEnergy="-34.0" bestConformation="Conformation 41.0 -41.0 Flffrfffllffrffrllrrfllrrflfrrfllrrffffrrlrrllflfrlfrllflfrrlrrlffllrflrfllffrrlffffrrffllfrfrfrlrf"/>
	<trajectory sample="153" generation="153000" 
bestEnergy="-38.0" averageEnergy="-35.4519" worstEnergy="-34.0" bestConformation="Conformation 41.0 -41.0 Flffrfffllffrffrllrrfllrrflfrrfllrrffffrrlrrllflfrlfrllflfrrlrrlffllrflrfllffrrlffffrrffllfrfrfrlrf"/>
	<trajectory sample="154" generation="154000" 
bestEnergy="-38.0" averageEnergy="-35.5541" worstEnergy="-33.0" bestConformation="Conformation 41.0 -41.0 Flffrfffllffrffrllrrfllrrflfrrfllrrffffrrlrrllflfrlfrllflfrrlrrlffllrflrfllffrrlffffrrffllfrfrfrlrf"/>
	<trajectory sample="155" generation="155000" 
bestEnergy="-38.0" averageEnergy="-35.6099" worstEnergy="-32.0" bestConformation="Conformation 41.0 -41.0 Flffrfffllffrffrllrrfllrrflfrrfllrrffffrrlrrllflfrlfrllflfrrlrrlffllrflrfllffrrlffffrrffllfrfrfrlrf"/>
	<trajectory sample="156" generation="156000" 
bestEnergy="-38.0" averageEnergy="-35.6741" worstEnergy="-31.0" bestConformation="Conformation 41.0 -41.0 Flffrfffllffrffrllrrfllrrflfrrfllrrffffrrlrrllflfrlfrllflfrrlrrlffllrflrfllffrrlffffrrffllfrfrfrlrf"/>
	<trajectory sample="157" generation="157000" 
bestEnergy="-38.0" averageEnergy="-35.7396" worstEnergy="-35.0" bestConformation="Conformation 41.0 -41.0 Flffrfffllffrffrllrrfllrrflfrrfllrrffffrrlrrllflfrlfrllflfrrlrrlffllrflrfllffrrlffffrrffllfrfrfrlrf"/>
	<trajectory sample="158" generation="158000" 
bestEnergy="-39.0" averageEnergy="-35.8092" worstEnergy="-35.0" bestConformation="Conformation 41.0 -41.0 Flffrfffllffrffrllrrfllrrflfrrfllrrffffrrlrrllflfrlfrllflfrrlrrllrlrllrflflffrrlffffrrffllfrfrfrlrf"/>
	<trajectory sample="159" generation="159000" 
bestEnergy="-39.0" averageEnergy="-35.8825" worstEnergy="-35.0" bestConformation="Conformation 41.0 -41.0 Flffrfffllffrffrllrrfllrrflfrrfllrrffffrrlrrllflfrlfrllflfrrlrrllrlrllrflflffrrlffffrrffllfrfrfrlrf"/>
	<trajectory sample="160" generation="160000" 
bestEnergy="-39.0" averageEnergy="-35.9598" worstEnergy="-34.0" bestConformation="Conformation 41.0 -41.0 Flffrfffllffrffrllrrfllrrflfrrfllrrffffrrlrrllflfrlfrllflfrrlrrllrlrllrflflffrrlffffrrffllfrfrfrlrf"/>
	<trajectory sample="161" generation="161000" 
bestEnergy="-39.0" averageEnergy="-36.0419" worstEnergy="-31.0" bestConformation="Conformation 41.0 -41.0 Flffrfffllffrffrllrrfllrrflfrrfllrrffffrrlrrllflfrlfrllflfrrlrrllrlrllrflflffrrlffffrrffllfrfrfrlrf"/>
	<trajectory sample="162" generation="162000" 
bestEnergy="-39.0" averageEnergy="-36.0569" worstEnergy="-36.0" bestConformation="Conformation 41.0 -41.0 Flffrfffllffrffrllrrfllrrflfrrfllrrffffrrlrrllflfrlfrllflfrrlrrllrlrllrflflffrrlffffrrffllfrfrfrlrf"/>
	<trajectory sample="163" generation="163000" 
bestEnergy="-39.0" averageEnergy="-36.0665" worstEnergy="-36.0" bestConformation="Conformation 41.0 -41.0 Flffrfffllffrffrllrrfllrrflfrrfllrrffffrrlrrllflfrlfrllflfrrlrrllrlrllrflflffrrlffffrrffllfrfrfrlrf"/>
	<trajectory sample="164" generation="164000" 
bestEnergy="-39.0" averageEnergy="-36.0787" worstEnergy="-32.0" bestConformation="Conformation 41.0 -41.0 Flffrfffllffrffrllrrfllrrflfrrfllrrffffrrlrrllflfrlfrllflfrrlrrllrlrllrflflffrrlffffrrffllfrfrfrlrf"/>
	<trajectory sample="165" generation="165000" 
bestEnergy="-39.0" averageEnergy="-36.0908" worstEnergy="-36.0" bestConformation="Conformation 41.0 -41.0 Flffrfffllffrffrllrrfllrrflfrrfllrrffffrrlrrllflfrlfrllflfrrlrrllrlrllrflflffrrlffffrrffllfrfrfrlrf"/>
	<trajectory sample="166" generation="166000" 
bestEnergy="-39.0" averageEnergy="-36.1029" worstEnergy="-36.0" bestConformation="Conformation 41.0 -41.0 Flffrfffllffrffrllrrfllrrflfrrfllrrffffrrlrrllflfrlfrllflfrrlrrllrlrllrflflffrrlffffrrffllfrfrfrlrf"/>
	<trajectory sample="167" generation="167000" 
bestEnergy="-39.0" averageEnergy="-36.1194" worstEnergy="-32.0" bestConformation="Conformation 41.0 -41.0 Flffrfffllffrffrllrrfllrrflfrrfllrrffffrrlrrllflfrlfrllflfrrlrrllrlrllrflflffrrlffffrrffllfrfrfrlrf"/>
	<trajectory sample="168" generation="168000" 
bestEnergy="-39.0" averageEnergy="-36.1354" worstEnergy="-36.0" bestConformation="Conformation 41.0 -41.0 Flffrfffllffrffrllrrfllrrflfrrfllrrffffrrlrrllflfrlfrllflfrrlrrllrlrllrflflffrrlffffrrffllfrfrfrlrf"/>
	<trajectory sample="169" generation="169000" 
bestEnergy="-39.0" averageEnergy="-36.1565" worstEnergy="-36.0" bestConformation="Conformation 41.0 -41.0 Flffrfffllffrffrllrrfllrrflfrrfllrrffffrrlrrllflfrlfrllflfrrlrrllrlrllrflflffrrlffffrrffllfrfrfrlrf"/>
	<trajectory sample="170" generation="170000" 
bestEnergy="-39.0" averageEnergy="-36.1801" worstEnergy="-36.0" bestConformation="Conformation 41.0 -41.0 Flffrfffllffrffrllrrfllrrflfrrfllrrffffrrlrrllflfrlfrllflfrrlrrllrlrllrflflffrrlffffrrffllfrfrfrlrf"/>
	<trajectory sample="171" generation="171000" 
bestEnergy="-39.0" averageEnergy="-36.205" worstEnergy="-36.0" bestConformation="Conformation 41.0 -41.0 Flffrfffllffrffrllrrfllrrflfrrfllrrffffrrlrrllflfrlfrllflfrrlrrllrlrllrflflffrrlffffrrffllfrfrfrlrf"/>
	<trajectory sample="172" generation="172000" 
bestEnergy="-39.0" averageEnergy="-36.2307" worstEnergy="-34.0" bestConformation="Conformation 41.0 -41.0 Flffrfffllffrffrllrrfllrrflfrrfllrrffffrrlrrllflfrlfrllflfrrlrrllrlrllrflflffrrlffffrrffllfrfrfrlrf"/>
	<trajectory sample="173" generation="173000" 
bestEnergy="-39.0" averageEnergy="-36.2642" worstEnergy="-32.0" bestConformation="Conformation 41.0 -41.0 Flffrfffllffrffrllrrfllrrflfrrfllrrffffrrlrrllflfrlfrllflfrrlrrllrlrllrflflffrrlffffrrffllfrfrfrlrf"/>
	<trajectory sample="174" generation="174000" 
bestEnergy="-39.0" averageEnergy="-36.3039" worstEnergy="-36.0" bestConformation="Conformation 41.0 -41.0 Flffrfffllffrffrllrrfllrrflfrrfllrrffffrrlrrllflfrlfrllflfrrlrrllrlrllrflflffrrlffffrrffllfrfrfrlrf"/>
	<trajectory sample="175" generation="175000" 
bestEnergy="-39.0" averageEnergy="-36.3434" worstEnergy="-36.0" bestConformation="Conformation 41.0 -41.0 Flffrfffllffrffrllrrfllrrflfrrfllrrffffrrlrrllflfrlfrllflfrrlrrllrlrllrflflffrrlffffrrffllfrfrfrlrf"/>
	<trajectory sample="176" generation="176000" 
bestEnergy="-39.0" averageEnergy="-36.3814" worstEnergy="-32.0" bestConformation="Conformation 41.0 -41.0 Flffrfffllffrffrllrrfllrrflfrrfllrrffffrrlrrllflfrlfrllflfrrlrrllrlrllrflflffrrlffffrrffllfrfrfrlrf"/>
	<trajectory sample="177" generation="177000" 
bestEnergy="-39.0" averageEnergy="-36.4298" worstEnergy="-36.0" bestConformation="Conformation 41.0 -41.0 Flffrfffllffrffrllrrfllrrflfrrfllrrffffrrlrrllflfrlfrllflfrrlrrllrlrllrflflffrrlffffrrffllfrfrfrlrf"/>
	<trajectory sample="178" generation="178000" 
bestEnergy="-39.0" averageEnergy="-36.479" worstEnergy="-36.0" bestConformation="Conformation 41.0 -41.0 Flffrfffllffrffrllrrfllrrflfrrfllrrffffrrlrrllflfrlfrllflfrrlrrllrlrllrflflffrrlffffrrffllfrfrfrlrf"/>
	<trajectory sample="179" generation="179000" 
bestEnergy="-39.0" averageEnergy="-36.5355" worstEnergy="-36.0" bestConformation="Conformation 41.0 -41.0 Flffrfffllffrffrllrrfllrrflfrrfllrrffffrrlrrllflfrlfrllflfrrlrrllrlrllrflflffrrlffffrrffllfrfrfrlrf"/>
	<trajectory sample="180" generation="180000" 
bestEnergy="-41.0" averageEnergy="-36.5968" worstEnergy="-34.0" bestConformation="Conformation 41.0 -41.0 Flfrlrffllffrffrllrrfllrrflfrrfllrrffffrrlrrllflfrlfrllflfrrlrrlffllrflrfllffrrlffffrrffllfrfrfrlrf"/>
	<trajectory sample="181" generation="181000" 
bestEnergy="-41.0" averageEnergy="-36.6623" worstEnergy="-36.0" bestConformation="Conformation 41.0 -41.0 Flfrlrffllffrffrllrrfllrrflfrrfllrrffffrrlrrllflfrlfrllflfrrlrrlffllrflrfllffrrlffffrrffllfrfrfrlrf"/>
	<trajectory sample="182" generation="182000" 
bestEnergy="-41.0" averageEnergy="-36.7391" worstEnergy="-34.0" bestConformation="Conformation 41.0 -41.0 Flfrlrffllffrffrllrrfllrrflfrrfllrrffffrrlrrllflfrlfrllflfrrlrrlffllrflrfllffrrlffffrrffllfrfrfrlrf"/>
	<trajectory sample="183" generation="183000" 
bestEnergy="-41.0" averageEnergy="-36.8189" worstEnergy="-36.0" bestConformation="Conformation 41.0 -41.0 Flfrlrffllffrffrllrrfllrrflfrrfllrrffffrrlrrllflfrlfrllflfrrlrrlffllrflrfllffrrlffffrrffllfrfrfrlrf"/>
	<trajectory sample="184" generation="184000" 
bestEnergy="-41.0" averageEnergy="-36.9012" worstEnergy="-35.0" bestConformation="Conformation 41.0 -41.0 Flfrlrffllffrffrllrrfllrrflfrrfllrrffffrrlrrllflfrlfrllflfrrlrrlffllrflrfllffrrlffffrrffllfrfrfrlrf"/>
	<trajectory sample="185" generation="185000" 
bestEnergy="-41.0" averageEnergy="-36.9938" worstEnergy="-36.0" bestConformation="Conformation 41.0 -41.0 Flfrlrffllffrffrllrrfllrrflfrrfllrrffffrrlrrllflfrlfrllflfrrlrrlffllrflrfllffrrlffffrrffllfrfrfrlrf"/>
	<trajectory sample="186" generation="186000" 
bestEnergy="-41.0" averageEnergy="-37.089" worstEnergy="-36.0" bestConformation="Conformation 41.0 -41.0 Flfrlrffllffrffrllrrfllrrflfrrfllrrffffrrlrrllflfrlfrllflfrrlrrlffllrflrfllffrrlffffrrffllfrfrfrlrf"/>
	<trajectory sample="187" generation="187000" 
bestEnergy="-41.0" averageEnergy="-37.1939" worstEnergy="-36.0" bestConformation="Conformation 41.0 -41.0 Flfrlrffllffrffrllrrfllrrflfrrfllrrffffrrlrrllflfrlfrllflfrrlrrlffllrflrfllffrrlffffrrffllfrfrfrlrf"/>
	<trajectory sample="188" generation="188000" 
bestEnergy="-41.0" averageEnergy="-37.2675" worstEnergy="-37.0" bestConformation="Conformation 41.0 -41.0 Flfrlrffllffrffrllrrfllrrflfrrfllrrffffrrlrrllflfrlfrllflfrrlrrlffllrflrfllffrrlffffrrffllfrfrfrlrf"/>
	<trajectory sample="189" generation="189000" 
bestEnergy="-41.0" averageEnergy="-37.3074" worstEnergy="-37.0" bestConformation="Conformation 41.0 -41.0 Flfrlrffllffrffrllrrfllrrflfrrfllrrffffrrlrrllflfrlfrllflfrrlrrlffllrflrfllffrrlffffrrffllfrfrfrlrf"/>
	<trajectory sample="190" generation="190000" 
bestEnergy="-41.0" averageEnergy="-37.3434" worstEnergy="-37.0" bestConformation="Conformation 41.0 -41.0 Flfrlrffllffrffrllrrfllrrflfrrfllrrffffrrlrrllflfrlfrllflfrrlrrlffllrflrfllffrrlffffrrffllfrfrfrlrf"/>
	<trajectory sample="191" generation="191000" 
bestEnergy="-41.0" averageEnergy="-37.3874" worstEnergy="-37.0" bestConformation="Conformation 41.0 -41.0 Flfrlrffllffrffrllrrfllrrflfrrfllrrffffrrlrrllflfrlfrllflfrrlrrlffllrflrfllffrrlffffrrffllfrfrfrlrf"/>
	<trajectory sample="192" generation="192000" 
bestEnergy="-41.0" averageEnergy="-37.4345" worstEnergy="-37.0" bestConformation="Conformation 41.0 -41.0 Flfrlrffllffrffrllrrfllrrflfrrfllrrffffrrlrrllflfrlfrllflfrrlrrlffllrflrfllffrrlffffrrffllfrfrfrlrf"/>
	<trajectory sample="193" generation="193000" 
bestEnergy="-41.0" averageEnergy="-37.4889" worstEnergy="-37.0" bestConformation="Conformation 41.0 -41.0 Flfrlrffllffrffrllrrfllrrflfrrfllrrffffrrlrrllflfrlfrllflfrrlrrlffllrflrfllffrrlffffrrffllfrfrfrlrf"/>
	<trajectory sample="194" generation="194000" 
bestEnergy="-41.0" averageEnergy="-37.545" worstEnergy="-37.0" bestConformation="Conformation 41.0 -41.0 Flfrlrffllffrffrllrrfllrrflfrrfllrrffffrrlrrllflfrlfrllflfrrlrrlffllrflrfllffrrlffffrrffllfrfrfrlrf"/>
	<trajectory sample="195" generation="195000" 
bestEnergy="-41.0" averageEnergy="-37.6082" worstEnergy="-37.0" bestConformation="Conformation 41.0 -41.0 Flfrlrffllffrffrllrrfllrrflfrrfllrrffffrrlrrllflfrlfrllflfrrlrrlffllrflrfllffrrlffffrrffllfrfrfrlrf"/>
	<trajectory sample="196" generation="196000" 
bestEnergy="-41.0" averageEnergy="-37.6816" worstEnergy="-37.0" bestConformation="Conformation 41.0 -41.0 Flfrlrffllffrffrllrrfllrrflfrrfllrrffffrrlrrllflfrlfrllflfrrlrrlffllrflrfllffrrlffffrrffllfrfrfrlrf"/>
	<trajectory sample="197" generation="197000" 
bestEnergy="-41.0" averageEnergy="-37.7528" worstEnergy="-37.0" bestConformation="Conformation 41.0 -41.0 Flfrlrffllffrffrllrrfllrrflfrrfllrrffffrrlrrllflfrlfrllflfrrlrrlffllrflrfllffrrlffffrrffllfrfrfrlrf"/>
	<trajectory sample="198" generation="198000" 
bestEnergy="-41.0" averageEnergy="-37.8351" worstEnergy="-37.0" bestConformation="Conformation 41.0 -41.0 Flfrlrffllffrffrllrrfllrrflfrrfllrrffffrrlrrllflfrlfrllflfrrlrrlffllrflrfllffrrlffffrrffllfrfrfrlrf"/>
	<trajectory sample="199" generation="199000" 
bestEnergy="-41.0" averageEnergy="-37.9183" worstEnergy="-34.0" bestConformation="Conformation 41.0 -41.0 Flfrlrffllffrffrllrrfllrrflfrrfllrrffffrrlrrllflfrlfrllflfrrlrrlffllrflrfllffrrlffffrrffllfrfrfrlrf"/>
	<trajectory sample="200" generation="200000" 
bestEnergy="-41.0" averageEnergy="-38.0104" worstEnergy="-37.0" bestConformation="Conformation 41.0 -41.0 Flfrlrffllffrffrllrrfllrrflfrrfllrrffffrrlrrllflfrlfrllflfrrlrrlffllrflrfllffrrlffffrrffllfrfrfrlrf"/>
	<trajectory sample="201" generation="201000" 
bestEnergy="-41.0" averageEnergy="-38.1036" worstEnergy="-37.0" bestConformation="Conformation 41.0 -41.0 Flfrlrffllffrffrllrrfllrrflfrrfllrrffffrrlrrllflfrlfrllflfrrlrrlffllrflrfllffrrlffffrrffllfrfrfrlrf"/>
	<trajectory sample="202" generation="202000" 
bestEnergy="-41.0" averageEnergy="-38.1507" worstEnergy="-38.0" bestConformation="Conformation 41.0 -41.0 Flfrlrffllffrffrllrrfllrrflfrrfllrrffffrrlrrllflfrlfrllflfrrlrrlffllrflrfllffrrlffffrrffllfrfrfrlrf"/>
	<trajectory sample="203" generation="203000" 
bestEnergy="-41.0" averageEnergy="-38.1766" worstEnergy="-38.0" bestConformation="Conformation 41.0 -41.0 Flfrlrffllffrffrllrrfllrrflfrrfllrrffffrrlrrllflfrlfrllflfrrlrrlffllrflrfllffrrlffffrrffllfrfrfrlrf"/>
	<trajectory sample="204" generation="204000" 
bestEnergy="-41.0" averageEnergy="-38.2037" worstEnergy="-38.0" bestConformation="Conformation 41.0 -41.0 Flfrlrffllffrffrllrrfllrrflfrrfllrrffffrrlrrllflfrlfrllflfrrlrrlffllrflrfllffrrlffffrrffllfrfrfrlrf"/>
	<trajectory sample="205" generation="205000" 
bestEnergy="-41.0" averageEnergy="-38.2332" worstEnergy="-36.0" bestConformation="Conformation 41.0 -41.0 Flfrlrffllffrffrllrrfllrrflfrrfllrrffffrrlrrllflfrlfrllflfrrlrrlffllrflrfllffrrlffffrrffllfrfrfrlrf"/>
	<trajectory sample="206" generation="206000" 
bestEnergy="-41.0" averageEnergy="-38.2731" worstEnergy="-38.0" bestConformation="Conformation 41.0 -41.0 Flfrlrffllffrffrllrrfllrrflfrrfllrrffffrrlrrllflfrlfrllflfrrlrrlffllrflrfllffrrlffffrrffllfrfrfrlrf"/>
	<trajectory sample="207" generation="207000" 
bestEnergy="-41.0" averageEnergy="-38.317" worstEnergy="-38.0" bestConformation="Conformation 41.0 -41.0 Flfrlrffllffrffrllrrfllrrflfrrfllrrffffrrlrrllflfrlfrllflfrrlrrlffllrflrfllffrrlffffrrffllfrfrfrlrf"/>
	<trajectory sample="208" generation="208000" 
bestEnergy="-41.0" averageEnergy="-38.3639" worstEnergy="-38.0" bestConformation="Conformation 41.0 -41.0 Flfrlrffllffrffrllrrfllrrflfrrfllrrffffrrlrrllflfrlfrllflfrrlrrlffllrflrfllffrrlffffrrffllfrfrfrlrf"/>
	<trajectory sample="209" generation="209000" 
bestEnergy="-41.0" averageEnergy="-38.4219" worstEnergy="-38.0" bestConformation="Conformation 41.0 -41.0 Flfrlrffllffrffrllrrfllrrflfrrfllrrffffrrlrrllflfrlfrllflfrrlrrlffllrflrfllffrrlffffrrffllfrfrfrlrf"/>
	<trajectory sample="210" generation="210000" 
bestEnergy="-41.0" averageEnergy="-38.4857" worstEnergy="-38.0" bestConformation="Conformation 41.0 -41.0 Flfrlrffllffrffrllrrfllrrflfrrfllrrffffrrlrrllflfrlfrllflfrrlrrlffllrflrfllffrrlffffrrffllfrfrfrlrf"/>
	<trajectory sample="211" generation="211000" 
bestEnergy="-41.0" averageEnergy="-38.5535" worstEnergy="-38.0" bestConformation="Conformation 41.0 -41.0 Flfrlrffllffrffrllrrfllrrflfrrfllrrffffrrlrrllflfrlfrllflfrrlrrlffllrflrfllffrrlffffrrffllfrfrfrlrf"/>
	<trajectory sample="212" generation="212000" 
bestEnergy="-41.0" averageEnergy="-38.6319" worstEnergy="-38.0" bestConformation="Conformation 41.0 -41.0 Flfrlrffllffrffrllrrfllrrflfrrfllrrffffrrlrrllflfrlfrllflfrrlrrlffllrflrfllffrrlffffrrffllfrfrfrlrf"/>
	<trajectory sample="213" generation="213000" 
bestEnergy="-41.0" averageEnergy="-38.7139" worstEnergy="-38.0" bestConformation="Conformation 41.0 -41.0 Flfrlrffllffrffrllrrfllrrflfrrfllrrffffrrlrrllflfrlfrllflfrrlrrlffllrflrfllffrrlffffrrffllfrfrfrlrf"/>
	<trajectory sample="214" generation="214000" 
bestEnergy="-41.0" averageEnergy="-38.8071" worstEnergy="-38.0" bestConformation="Conformation 41.0 -41.0 Flfrlrffllffrffrllrrfllrrflfrrfllrrffffrrlrrllflfrlfrllflfrrlrrlffllrflrfllffrrlffffrrffllfrfrfrlrf"/>
	<trajectory sample="215" generation="215000" 
bestEnergy="-41.0" averageEnergy="-38.9077" worstEnergy="-38.0" bestConformation="Conformation 41.0 -41.0 Flfrlrffllffrffrllrrfllrrflfrrfllrrffffrrlrrllflfrlfrllflfrrlrrlffllrflrfllffrrlffffrrffllfrfrfrlrf"/>
	<trajectory sample="216" generation="216000" 
bestEnergy="-41.0" averageEnergy="-39.0236" worstEnergy="-36.0" bestConformation="Conformation 41.0 -41.0 Flfrlrffllffrffrllrrfllrrflfrrfllrrffffrrlrrllflfrlfrllflfrrlrrlffllrflrfllffrrlffffrrffllfrfrfrlrf"/>
	<trajectory sample="217" generation="217000" 
bestEnergy="-41.0" averageEnergy="-39.1527" worstEnergy="-37.0" bestConformation="Conformation 41.0 -41.0 Flfrlrffllffrffrllrrfllrrflfrrfllrrffffrrlrrllflfrlfrllflfrrlrrlffllrflrfllffrrlffffrrffllfrfrfrlrf"/>
	<trajectory sample="218" generation="218000" 
bestEnergy="-41.0" averageEnergy="-39.2931" worstEnergy="-38.0" bestConformation="Conformation 41.0 -41.0 Flfrlrffllffrffrllrrfllrrflfrrfllrrffffrrlrrllflfrlfrllflfrrlrrlffllrflrfllffrrlffffrrffllfrfrfrlrf"/>
	<trajectory sample="219" generation="219000" 
bestEnergy="-41.0" averageEnergy="-39.4464" worstEnergy="-38.0" bestConformation="Conformation 41.0 -41.0 Flfrlrffllffrffrllrrfllrrflfrrfllrrffffrrlrrllflfrlfrllflfrrlrrlffllrflrfllffrrlffffrrffllfrfrfrlrf"/>
	<trajectory sample="220" generation="220000" 
bestEnergy="-41.0" averageEnergy="-39.6107" worstEnergy="-38.0" bestConformation="Conformation 41.0 -41.0 Flfrlrffllffrffrllrrfllrrflfrrfllrrffffrrlrrllflfrlfrllflfrrlrrlffllrflrfllffrrlffffrrffllfrfrfrlrf"/>
	<trajectory sample="221" generation="221000" 
bestEnergy="-41.0" averageEnergy="-39.789" worstEnergy="-38.0" bestConformation="Conformation 41.0 -41.0 Flfrlrffllffrffrllrrfllrrflfrrfllrrffffrrlrrllflfrlfrllflfrrlrrlffllrflrfllffrrlffffrrffllfrfrfrlrf"/>
	<trajectory sample="222" generation="222000" 
bestEnergy="-41.0" averageEnergy="-39.904" worstEnergy="-39.0" bestConformation="Conformation 41.0 -41.0 Flfrlrffllffrffrllrrfllrrflfrrfllrrffffrrlrrllflfrlfrllflfrrlrrlffllrflrfllffrrlffffrrffllfrfrfrlrf"/>
	<trajectory sample="223" generation="223000" 
bestEnergy="-41.0" averageEnergy="-40.0131" worstEnergy="-39.0" bestConformation="Conformation 41.0 -41.0 Flfrlrffllffrffrllrrfllrrflfrrfllrrffffrrlrrllflfrlfrllflfrrlrrlffllrflrfllffrrlffffrrffllfrfrfrlrf"/>
	<trajectory sample="224" generation="224000" 
bestEnergy="-41.0" averageEnergy="-40.1277" worstEnergy="-37.0" bestConformation="Conformation 41.0 -41.0 Flfrlrffllffrffrllrrfllrrflfrrfllrrffffrrlrrllflfrlfrllflfrrlrrlffllrflrfllffrrlffffrrffllfrfrfrlrf"/>
	<trajectory sample="225" generation="225000" 
bestEnergy="-41.0" averageEnergy="-40.2466" worstEnergy="-36.0" bestConformation="Conformation 41.0 -41.0 Flfrlrffllffrffrllrrfllrrflfrrfllrrffffrrlrrllflfrlfrllflfrrlrrlffllrflrfllffrrlffffrrffllfrfrfrlrf"/>
	<trajectory sample="226" generation="226000" 
bestEnergy="-41.0" averageEnergy="-40.3848" worstEnergy="-39.0" bestConformation="Conformation 41.0 -41.0 Flfrlrffllffrffrllrrfllrrflfrrfllrrffffrrlrrllflfrlfrllflfrrlrrlffllrflrfllffrrlffffrrffllfrfrfrlrf"/>
	<trajectory sample="227" generation="227000" 
bestEnergy="-41.0" averageEnergy="-40.5235" worstEnergy="-37.0" bestConformation="Conformation 41.0 -41.0 Flfrlrffllffrffrllrrfllrrflfrrfllrrffffrrlrrllflfrlfrllflfrrlrrlffllrflrfllffrrlffffrrffllfrfrfrlrf"/>
	<trajectory sample="228" generation="228000" 
bestEnergy="-41.0" averageEnergy="-40.6716" worstEnergy="-39.0" bestConformation="Conformation 41.0 -41.0 Flfrlrffllffrffrllrrfllrrflfrrfllrrffffrrlrrllflfrlfrllflfrrlrrlffllrflrfllffrrlffffrrffllfrfrfrlrf"/>
	<trajectory sample="229" generation="229000" 
bestEnergy="-41.0" averageEnergy="-40.7999" worstEnergy="-38.0" bestConformation="Conformation 41.0 -41.0 Flfrlrffllffrffrllrrfllrrflfrrfllrrffffrrlrrllflfrlfrllflfrrlrrlffllrflrfllffrrlffffrrffllfrfrfrlrf"/>
	<trajectory sample="230" generation="230000" 
bestEnergy="-41.0" averageEnergy="-40.8779" worstEnergy="-40.0" bestConformation="Conformation 41.0 -41.0 Flfrlrffllffrffrllrrfllrrflfrrfllrrffffrrlrrllflfrlfrllflfrrlrrlffllrflrfllffrrlffffrrffllfrfrfrlrf"/>
	<trajectory sample="231" generation="231000" 
bestEnergy="-41.0" averageEnergy="-40.96" worstEnergy="-40.0" bestConformation="Conformation 41.0 -41.0 Flfrlrffllffrffrllrrfllrrflfrrfllrrffffrrlrrllflfrlfrllflfrrlrrlffllrflrfllffrrlffffrrffllfrfrfrlrf"/>
	<trajectory sample="232" generation="232000" 
bestEnergy="-41.0" averageEnergy="-41.0" worstEnergy="-41.0" bestConformation="Conformation 41.0 -41.0 Flfrlrffllffrffrllrrfllrrflfrrfllrrffffrrlrrllflfrlfrllflfrrlrrlffllrflrfllffrrlffffrrffllfrfrfrlrf"/>
	<trajectory sample="233" generation="233000" 
bestEnergy="-41.0" averageEnergy="-41.0" worstEnergy="-41.0" bestConformation="Conformation 41.0 -41.0 Flfrlrffllffrffrllrrfllrrflfrrfllrrffffrrlrrllflfrlfrllflfrrlrrlffllrflrfllffrrlffffrrffllfrfrfrlrf"/>
	<trajectory sample="234" generation="234000" 
bestEnergy="-41.0" averageEnergy="-40.9996" worstEnergy="-37.0" bestConformation="Conformation 41.0 -41.0 Flfrlrffllffrffrllrrfllrrflfrrfllrrffffrrlrrllflfrlfrllflfrrlrrlffllrflrfllffrrlffffrrffllfrfrfrlrf"/>
	<trajectory sample="235" generation="235000" 
bestEnergy="-41.0" averageEnergy="-41.0" worstEnergy="-41.0" bestConformation="Conformation 41.0 -41.0 Flfrlrffllffrffrllrrfllrrflfrrfllrrffffrrlrrllflfrlfrllflfrrlrrlffllrflrfllffrrlffffrrffllfrfrfrlrf"/>
	<trajectory sample="236" generation="236000" 
bestEnergy="-41.0" averageEnergy="-41.0" worstEnergy="-41.0" bestConformation="Conformation 41.0 -41.0 Flfrlrffllffrffrllrrfllrrflfrrfllrrffffrrlrrllflfrlfrllflfrrlrrlffllrflrfllffrrlffffrrffllfrfrfrlrf"/>
	<trajectory sample="237" generation="237000" 
bestEnergy="-41.0" averageEnergy="-41.0" worstEnergy="-41.0" bestConformation="Conformation 41.0 -41.0 Flfrlrffllffrffrllrrfllrrflfrrfllrrffffrrlrrllflfrlfrllflfrrlrrlffllrflrfllffrrlffffrrffllfrfrfrlrf"/>
	<trajectory sample="238" generation="238000" 
bestEnergy="-41.0" averageEnergy="-40.9999" worstEnergy="-40.0" bestConformation="Conformation 41.0 -41.0 Flfrlrffllffrffrllrrfllrrflfrrfllrrffffrrlrrllflfrlfrllflfrrlrrlffllrflrfllffrrlffffrrffllfrfrfrlrf"/>
	<trajectory sample="239" generation="239000" 
bestEnergy="-41.0" averageEnergy="-41.0" worstEnergy="-41.0" bestConformation="Conformation 41.0 -41.0 Flfrlrffllffrffrllrrfllrrflfrrfllrrffffrrlrrllflfrlfrllflfrrlrrlffllrflrfllffrrlffffrrffllfrfrfrlrf"/>
	<trajectory sample="240" generation="240000" 
bestEnergy="-41.0" averageEnergy="-41.0" worstEnergy="-41.0" bestConformation="Conformation 41.0 -41.0 Flfrlrffllffrffrllrrfllrrflfrrfllrrffffrrlrrllflfrlfrllflfrrlrrlffllrflrfllffrrlffffrrffllfrfrfrlrf"/>
	<trajectory sample="241" generation="241000" 
bestEnergy="-41.0" averageEnergy="-41.0" worstEnergy="-41.0" bestConformation="Conformation 41.0 -41.0 Flfrlrffllffrffrllrrfllrrflfrrfllrrffffrrlrrllflfrlfrllflfrrlrrlffllrflrfllffrrlffffrrffllfrfrfrlrf"/>
	<trajectory sample="242" generation="242000" 
bestEnergy="-41.0" averageEnergy="-40.9996" worstEnergy="-37.0" bestConformation="Conformation 41.0 -41.0 Flfrlrffllffrffrllrrfllrrflfrrfllrrffffrrlrrllflfrlfrllflfrrlrrlffllrflrfllffrrlffffrrffllfrfrfrlrf"/>
	<trajectory sample="243" generation="243000" 
bestEnergy="-41.0" averageEnergy="-41.0" worstEnergy="-41.0" bestConformation="Conformation 41.0 -41.0 Flfrlrffllffrffrllrrfllrrflfrrfllrrffffrrlrrllflfrlfrllflfrrlrrlffllrflrfllffrrlffffrrffllfrfrfrlrf"/>
	<trajectory sample="244" generation="244000" 
bestEnergy="-41.0" averageEnergy="-41.0" worstEnergy="-41.0" bestConformation="Conformation 41.0 -41.0 Flfrlrffllffrffrllrrfllrrflfrrfllrrffffrrlrrllflfrlfrllflfrrlrrlffllrflrfllffrrlffffrrffllfrfrfrlrf"/>
	<trajectory sample="245" generation="245000" 
bestEnergy="-41.0" averageEnergy="-41.0" worstEnergy="-41.0" bestConformation="Conformation 41.0 -41.0 Flfrlrffllffrffrllrrfllrrflfrrfllrrffffrrlrrllflfrlfrllflfrrlrrlffllrflrfllffrrlffffrrffllfrfrfrlrf"/>
	<trajectory sample="246" generation="246000" 
bestEnergy="-41.0" averageEnergy="-41.0" worstEnergy="-41.0" bestConformation="Conformation 41.0 -41.0 Flfrlrffllffrffrllrrfllrrflfrrfllrrffffrrlrrllflfrlfrllflfrrlrrlffllrflrfllffrrlffffrrffllfrfrfrlrf"/>
	<trajectory sample="247" generation="247000" 
bestEnergy="-41.0" averageEnergy="-41.0" worstEnergy="-41.0" bestConformation="Conformation 41.0 -41.0 Flfrlrffllffrffrllrrfllrrflfrrfllrrffffrrlrrllflfrlfrllflfrrlrrlffllrflrfllffrrlffffrrffllfrfrfrlrf"/>
	<trajectory sample="248" generation="248000" 
bestEnergy="-41.0" averageEnergy="-41.0" worstEnergy="-41.0" bestConformation="Conformation 41.0 -41.0 Flfrlrffllffrffrllrrfllrrflfrrfllrrffffrrlrrllflfrlfrllflfrrlrrlffllrflrfllffrrlffffrrffllfrfrfrlrf"/>
	<trajectory sample="249" generation="249000" 
bestEnergy="-41.0" averageEnergy="-41.0" worstEnergy="-41.0" bestConformation="Conformation 41.0 -41.0 Flfrlrffllffrffrllrrfllrrflfrrfllrrffffrrlrrllflfrlfrllflfrrlrrlffllrflrfllffrrlffffrrffllfrfrfrlrf"/>
	<trajectory sample="250" generation="250000" 
bestEnergy="-41.0" averageEnergy="-41.0" worstEnergy="-41.0" bestConformation="Conformation 41.0 -41.0 Flfrlrffllffrffrllrrfllrrflfrrfllrrffffrrlrrllflfrlfrllflfrrlrrlffllrflrfllffrrlffffrrffllfrfrfrlrf"/>
	<trajectory sample="251" generation="251000" 
bestEnergy="-41.0" averageEnergy="-41.0" worstEnergy="-41.0" bestConformation="Conformation 41.0 -41.0 Flfrlrffllffrffrllrrfllrrflfrrfllrrffffrrlrrllflfrlfrllflfrrlrrlffllrflrfllffrrlffffrrffllfrfrfrlrf"/>
	<trajectory sample="252" generation="252000" 
bestEnergy="-41.0" averageEnergy="-41.0" worstEnergy="-41.0" bestConformation="Conformation 41.0 -41.0 Flfrlrffllffrffrllrrfllrrflfrrfllrrffffrrlrrllflfrlfrllflfrrlrrlffllrflrfllffrrlffffrrffllfrfrfrlrf"/>
	<trajectory sample="253" generation="253000" 
bestEnergy="-41.0" averageEnergy="-41.0" worstEnergy="-41.0" bestConformation="Conformation 41.0 -41.0 Flfrlrffllffrffrllrrfllrrflfrrfllrrffffrrlrrllflfrlfrllflfrrlrrlffllrflrfllffrrlffffrrffllfrfrfrlrf"/>
	<trajectory sample="254" generation="254000" 
bestEnergy="-41.0" averageEnergy="-40.9998" worstEnergy="-39.0" bestConformation="Conformation 41.0 -41.0 Flfrlrffllffrffrllrrfllrrflfrrfllrrffffrrlrrllflfrlfrllflfrrlrrlffllrflrfllffrrlffffrrffllfrfrfrlrf"/>
	<trajectory sample="255" generation="255000" 
bestEnergy="-41.0" averageEnergy="-41.0" worstEnergy="-41.0" bestConformation="Conformation 41.0 -41.0 Flfrlrffllffrffrllrrfllrrflfrrfllrrffffrrlrrllflfrlfrllflfrrlrrlffllrflrfllffrrlffffrrffllfrfrfrlrf"/>
	<trajectory sample="256" generation="256000" 
bestEnergy="-41.0" averageEnergy="-40.9996" worstEnergy="-37.0" bestConformation="Conformation 41.0 -41.0 Flfrlrffllffrffrllrrfllrrflfrrfllrrffffrrlrrllflfrlfrllflfrrlrrlffllrflrfllffrrlffffrrffllfrfrfrlrf"/>
	<trajectory sample="257" generation="257000" 
bestEnergy="-41.0" averageEnergy="-41.0" worstEnergy="-41.0" bestConformation="Conformation 41.0 -41.0 Flfrlrffllffrffrllrrfllrrflfrrfllrrffffrrlrrllflfrlfrllflfrrlrrlffllrflrfllffrrlffffrrffllfrfrfrlrf"/>
	<trajectory sample="258" generation="258000" 
bestEnergy="-41.0" averageEnergy="-41.0" worstEnergy="-41.0" bestConformation="Conformation 41.0 -41.0 Flfrlrffllffrffrllrrfllrrflfrrfllrrffffrrlrrllflfrlfrllflfrrlrrlffllrflrfllffrrlffffrrffllfrfrfrlrf"/>
	<trajectory sample="259" generation="259000" 
bestEnergy="-41.0" averageEnergy="-41.0" worstEnergy="-41.0" bestConformation="Conformation 41.0 -41.0 Flfrlrffllffrffrllrrfllrrflfrrfllrrffffrrlrrllflfrlfrllflfrrlrrlffllrflrfllffrrlffffrrffllfrfrfrlrf"/>
	<trajectory sample="260" generation="260000" 
bestEnergy="-41.0" averageEnergy="-41.0" worstEnergy="-41.0" bestConformation="Conformation 41.0 -41.0 Flfrlrffllffrffrllrrfllrrflfrrfllrrffffrrlrrllflfrlfrllflfrrlrrlffllrflrfllffrrlffffrrffllfrfrfrlrf"/>
	<trajectory sample="261" generation="261000" 
bestEnergy="-41.0" averageEnergy="-41.0" worstEnergy="-41.0" bestConformation="Conformation 41.0 -41.0 Flfrlrffllffrffrllrrfllrrflfrrfllrrffffrrlrrllflfrlfrllflfrrlrrlffllrflrfllffrrlffffrrffllfrfrfrlrf"/>
	<trajectory sample="262" generation="262000" 
bestEnergy="-41.0" averageEnergy="-41.0" worstEnergy="-41.0" bestConformation="Conformation 41.0 -41.0 Flfrlrffllffrffrllrrfllrrflfrrfllrrffffrrlrrllflfrlfrllflfrrlrrlffllrflrfllffrrlffffrrffllfrfrfrlrf"/>
	<trajectory sample="263" generation="263000" 
bestEnergy="-41.0" averageEnergy="-40.9996" worstEnergy="-37.0" bestConformation="Conformation 41.0 -41.0 Flfrlrffllffrffrllrrfllrrflfrrfllrrffffrrlrrllflfrlfrllflfrrlrrlffllrflrfllffrrlffffrrffllfrfrfrlrf"/>
	<trajectory sample="264" generation="264000" 
bestEnergy="-41.0" averageEnergy="-41.0" worstEnergy="-41.0" bestConformation="Conformation 41.0 -41.0 Flfrlrffllffrffrllrrfllrrflfrrfllrrffffrrlrrllflfrlfrllflfrrlrrlffllrflrfllffrrlffffrrffllfrfrfrlrf"/>
	<trajectory sample="265" generation="265000" 
bestEnergy="-41.0" averageEnergy="-41.0" worstEnergy="-41.0" bestConformation="Conformation 41.0 -41.0 Flfrlrffllffrffrllrrfllrrflfrrfllrrffffrrlrrllflfrlfrllflfrrlrrlffllrflrfllffrrlffffrrffllfrfrfrlrf"/>
	<trajectory sample="266" generation="266000" 
bestEnergy="-41.0" averageEnergy="-40.9998" worstEnergy="-39.0" bestConformation="Conformation 41.0 -41.0 Flfrlrffllffrffrllrrfllrrflfrrfllrrffffrrlrrllflfrlfrllflfrrlrrlffllrflrfllffrrlffffrrffllfrfrfrlrf"/>
	<trajectory sample="267" generation="267000" 
bestEnergy="-41.0" averageEnergy="-41.0" worstEnergy="-41.0" bestConformation="Conformation 41.0 -41.0 Flfrlrffllffrffrllrrfllrrflfrrfllrrffffrrlrrllflfrlfrllflfrrlrrlffllrflrfllffrrlffffrrffllfrfrfrlrf"/>
	<trajectory sample="268" generation="268000" 
bestEnergy="-41.0" averageEnergy="-41.0" worstEnergy="-41.0" bestConformation="Conformation 41.0 -41.0 Flfrlrffllffrffrllrrfllrrflfrrfllrrffffrrlrrllflfrlfrllflfrrlrrlffllrflrfllffrrlffffrrffllfrfrfrlrf"/>
	<trajectory sample="269" generation="269000" 
bestEnergy="-41.0" averageEnergy="-41.0" worstEnergy="-41.0" bestConformation="Conformation 41.0 -41.0 Flfrlrffllffrffrllrrfllrrflfrrfllrrffffrrlrrllflfrlfrllflfrrlrrlffllrflrfllffrrlffffrrffllfrfrfrlrf"/>
	<trajectory sample="270" generation="270000" 
bestEnergy="-41.0" averageEnergy="-40.9995" worstEnergy="-36.0" bestConformation="Conformation 41.0 -41.0 Flfrlrffllffrffrllrrfllrrflfrrfllrrffffrrlrrllflfrlfrllflfrrlrrlffllrflrfllffrrlffffrrffllfrfrfrlrf"/>
	<trajectory sample="271" generation="271000" 
bestEnergy="-41.0" averageEnergy="-41.0" worstEnergy="-41.0" bestConformation="Conformation 41.0 -41.0 Flfrlrffllffrffrllrrfllrrflfrrfllrrffffrrlrrllflfrlfrllflfrrlrrlffllrflrfllffrrlffffrrffllfrfrfrlrf"/>
	<trajectory sample="272" generation="272000" 
bestEnergy="-41.0" averageEnergy="-41.0" worstEnergy="-41.0" bestConformation="Conformation 41.0 -41.0 Flfrlrffllffrffrllrrfllrrflfrrfllrrffffrrlrrllflfrlfrllflfrrlrrlffllrflrfllffrrlffffrrffllfrfrfrlrf"/>
	<trajectory sample="273" generation="273000" 
bestEnergy="-41.0" averageEnergy="-41.0" worstEnergy="-41.0" bestConformation="Conformation 41.0 -41.0 Flfrlrffllffrffrllrrfllrrflfrrfllrrffffrrlrrllflfrlfrllflfrrlrrlffllrflrfllffrrlffffrrffllfrfrfrlrf"/>
	<trajectory sample="274" generation="274000" 
bestEnergy="-41.0" averageEnergy="-41.0" worstEnergy="-41.0" bestConformation="Conformation 41.0 -41.0 Flfrlrffllffrffrllrrfllrrflfrrfllrrffffrrlrrllflfrlfrllflfrrlrrlffllrflrfllffrrlffffrrffllfrfrfrlrf"/>
	<trajectory sample="275" generation="275000" 
bestEnergy="-41.0" averageEnergy="-41.0" worstEnergy="-41.0" bestConformation="Conformation 41.0 -41.0 Flfrlrffllffrffrllrrfllrrflfrrfllrrffffrrlrrllflfrlfrllflfrrlrrlffllrflrfllffrrlffffrrffllfrfrfrlrf"/>
	<trajectory sample="276" generation="276000" 
bestEnergy="-41.0" averageEnergy="-41.0" worstEnergy="-41.0" bestConformation="Conformation 41.0 -41.0 Flfrlrffllffrffrllrrfllrrflfrrfllrrffffrrlrrllflfrlfrllflfrrlrrlffllrflrfllffrrlffffrrffllfrfrfrlrf"/>
	<trajectory sample="277" generation="277000" 
bestEnergy="-41.0" averageEnergy="-40.9996" worstEnergy="-37.0" bestConformation="Conformation 41.0 -41.0 Flfrlrffllffrffrllrrfllrrflfrrfllrrffffrrlrrllflfrlfrllflfrrlrrlffllrflrfllffrrlffffrrffllfrfrfrlrf"/>
	<trajectory sample="278" generation="278000" 
bestEnergy="-41.0" averageEnergy="-41.0" worstEnergy="-41.0" bestConformation="Conformation 41.0 -41.0 Flfrlrffllffrffrllrrfllrrflfrrfllrrffffrrlrrllflfrlfrllflfrrlrrlffllrflrfllffrrlffffrrffllfrfrfrlrf"/>
	<trajectory sample="279" generation="279000" 
bestEnergy="-41.0" averageEnergy="-41.0" worstEnergy="-41.0" bestConformation="Conformation 41.0 -41.0 Flfrlrffllffrffrllrrfllrrflfrrfllrrffffrrlrrllflfrlfrllflfrrlrrlffllrflrfllffrrlffffrrffllfrfrfrlrf"/>
	<trajectory sample="280" generation="280000" 
bestEnergy="-41.0" averageEnergy="-41.0" worstEnergy="-41.0" bestConformation="Conformation 41.0 -41.0 Flfrlrffllffrffrllrrfllrrflfrrfllrrffffrrlrrllflfrlfrllflfrrlrrlffllrflrfllffrrlffffrrffllfrfrfrlrf"/>
	<trajectory sample="281" generation="281000" 
bestEnergy="-41.0" averageEnergy="-40.9995" worstEnergy="-36.0" bestConformation="Conformation 41.0 -41.0 Flfrlrffllffrffrllrrfllrrflfrrfllrrffffrrlrrllflfrlfrllflfrrlrrlffllrflrfllffrrlffffrrffllfrfrfrlrf"/>
	<trajectory sample="282" generation="282000" 
bestEnergy="-41.0" averageEnergy="-41.0" worstEnergy="-41.0" bestConformation="Conformation 41.0 -41.0 Flfrlrffllffrffrllrrfllrrflfrrfllrrffffrrlrrllflfrlfrllflfrrlrrlffllrflrfllffrrlffffrrffllfrfrfrlrf"/>
	<trajectory sample="283" generation="283000" 
bestEnergy="-41.0" averageEnergy="-40.9998" worstEnergy="-39.0" bestConformation="Conformation 41.0 -41.0 Flfrlrffllffrffrllrrfllrrflfrrfllrrffffrrlrrllflfrlfrllflfrrlrrlffllrflrfllffrrlffffrrffllfrfrfrlrf"/>
	<trajectory sample="284" generation="284000" 
bestEnergy="-41.0" averageEnergy="-41.0" worstEnergy="-41.0" bestConformation="Conformation 41.0 -41.0 Flfrlrffllffrffrllrrfllrrflfrrfllrrffffrrlrrllflfrlfrllflfrrlrrlffllrflrfllffrrlffffrrffllfrfrfrlrf"/>
	<trajectory sample="285" generation="285000" 
bestEnergy="-41.0" averageEnergy="-40.9998" worstEnergy="-39.0" bestConformation="Conformation 41.0 -41.0 Flfrlrffllffrffrllrrfllrrflfrrfllrrffffrrlrrllflfrlfrllflfrrlrrlffllrflrfllffrrlffffrrffllfrfrfrlrf"/>
	<trajectory sample="286" generation="286000" 
bestEnergy="-41.0" averageEnergy="-41.0" worstEnergy="-41.0" bestConformation="Conformation 41.0 -41.0 Flfrlrffllffrffrllrrfllrrflfrrfllrrffffrrlrrllflfrlfrllflfrrlrrlffllrflrfllffrrlffffrrffllfrfrfrlrf"/>
	<trajectory sample="287" generation="287000" 
bestEnergy="-41.0" averageEnergy="-41.0" worstEnergy="-41.0" bestConformation="Conformation 41.0 -41.0 Flfrlrffllffrffrllrrfllrrflfrrfllrrffffrrlrrllflfrlfrllflfrrlrrlffllrflrfllffrrlffffrrffllfrfrfrlrf"/>
	<trajectory sample="288" generation="288000" 
bestEnergy="-41.0" averageEnergy="-40.9998" worstEnergy="-39.0" bestConformation="Conformation 41.0 -41.0 Flfrlrffllffrffrllrrfllrrflfrrfllrrffffrrlrrllflfrlfrllflfrrlrrlffllrflrfllffrrlffffrrffllfrfrfrlrf"/>
	<trajectory sample="289" generation="289000" 
bestEnergy="-41.0" averageEnergy="-40.9996" worstEnergy="-37.0" bestConformation="Conformation 41.0 -41.0 Flfrlrffllffrffrllrrfllrrflfrrfllrrffffrrlrrllflfrlfrllflfrrlrrlffllrflrfllffrrlffffrrffllfrfrfrlrf"/>
	<trajectory sample="290" generation="290000" 
bestEnergy="-41.0" averageEnergy="-40.9997" worstEnergy="-38.0" bestConformation="Conformation 41.0 -41.0 Flfrlrffllffrffrllrrfllrrflfrrfllrrffffrrlrrllflfrlfrllflfrrlrrlffllrflrfllffrrlffffrrffllfrfrfrlrf"/>
	<trajectory sample="291" generation="291000" 
bestEnergy="-41.0" averageEnergy="-41.0" worstEnergy="-41.0" bestConformation="Conformation 41.0 -41.0 Flfrlrffllffrffrllrrfllrrflfrrfllrrffffrrlrrllflfrlfrllflfrrlrrlffllrflrfllffrrlffffrrffllfrfrfrlrf"/>
	<trajectory sample="292" generation="292000" 
bestEnergy="-41.0" averageEnergy="-41.0" worstEnergy="-41.0" bestConformation="Conformation 41.0 -41.0 Flfrlrffllffrffrllrrfllrrflfrrfllrrffffrrlrrllflfrlfrllflfrrlrrlffllrflrfllffrrlffffrrffllfrfrfrlrf"/>
	<trajectory sample="293" generation="293000" 
bestEnergy="-41.0" averageEnergy="-41.0" worstEnergy="-41.0" bestConformation="Conformation 41.0 -41.0 Flfrlrffllffrffrllrrfllrrflfrrfllrrffffrrlrrllflfrlfrllflfrrlrrlffllrflrfllffrrlffffrrffllfrfrfrlrf"/>
	<trajectory sample="294" generation="294000" 
bestEnergy="-41.0" averageEnergy="-41.0" worstEnergy="-41.0" bestConformation="Conformation 41.0 -41.0 Flfrlrffllffrffrllrrfllrrflfrrfllrrffffrrlrrllflfrlfrllflfrrlrrlffllrflrfllffrrlffffrrffllfrfrfrlrf"/>
	<trajectory sample="295" generation="295000" 
bestEnergy="-41.0" averageEnergy="-41.0" worstEnergy="-41.0" bestConformation="Conformation 41.0 -41.0 Flfrlrffllffrffrllrrfllrrflfrrfllrrffffrrlrrllflfrlfrllflfrrlrrlffllrflrfllffrrlffffrrffllfrfrfrlrf"/>
	<trajectory sample="296" generation="296000" 
bestEnergy="-41.0" averageEnergy="-41.0" worstEnergy="-41.0" bestConformation="Conformation 41.0 -41.0 Flfrlrffllffrffrllrrfllrrflfrrfllrrffffrrlrrllflfrlfrllflfrrlrrlffllrflrfllffrrlffffrrffllfrfrfrlrf"/>
	<trajectory sample="297" generation="297000" 
bestEnergy="-41.0" averageEnergy="-41.0" worstEnergy="-41.0" bestConformation="Conformation 41.0 -41.0 Flfrlrffllffrffrllrrfllrrflfrrfllrrffffrrlrrllflfrlfrllflfrrlrrlffllrflrfllffrrlffffrrffllfrfrfrlrf"/>
	<trajectory sample="298" generation="298000" 
bestEnergy="-41.0" averageEnergy="-41.0" worstEnergy="-41.0" bestConformation="Conformation 41.0 -41.0 Flfrlrffllffrffrllrrfllrrflfrrfllrrffffrrlrrllflfrlfrllflfrrlrrlffllrflrfllffrrlffffrrffllfrfrfrlrf"/>
	<trajectory sample="299" generation="299000" 
bestEnergy="-41.0" averageEnergy="-41.0" worstEnergy="-41.0" bestConformation="Conformation 41.0 -41.0 Flfrlrffllffrffrllrrfllrrflfrrfllrrffffrrlrrllflfrlfrllflfrrlrrlffllrflrfllffrrlffffrrffllfrfrfrlrf"/>
	<trajectory sample="300" generation="300000" 
bestEnergy="-41.0" averageEnergy="-41.0" worstEnergy="-41.0" bestConformation="Conformation 41.0 -41.0 Flfrlrffllffrffrllrrfllrrflfrrfllrrffffrrlrrllflfrlfrllflfrrlrrlffllrflrfllffrrlffffrrffllfrfrfrlrf"/>
	<trajectory sample="301" generation="301000" 
bestEnergy="-41.0" averageEnergy="-41.0" worstEnergy="-41.0" bestConformation="Conformation 41.0 -41.0 Flfrlrffllffrffrllrrfllrrflfrrfllrrffffrrlrrllflfrlfrllflfrrlrrlffllrflrfllffrrlffffrrffllfrfrfrlrf"/>
	<trajectory sample="302" generation="302000" 
bestEnergy="-41.0" averageEnergy="-41.0" worstEnergy="-41.0" bestConformation="Conformation 41.0 -41.0 Flfrlrffllffrffrllrrfllrrflfrrfllrrffffrrlrrllflfrlfrllflfrrlrrlffllrflrfllffrrlffffrrffllfrfrfrlrf"/>
	<trajectory sample="303" generation="303000" 
bestEnergy="-41.0" averageEnergy="-41.0" worstEnergy="-41.0" bestConformation="Conformation 41.0 -41.0 Flfrlrffllffrffrllrrfllrrflfrrfllrrffffrrlrrllflfrlfrllflfrrlrrlffllrflrfllffrrlffffrrffllfrfrfrlrf"/>
	<trajectory sample="304" generation="304000" 
bestEnergy="-41.0" averageEnergy="-41.0" worstEnergy="-41.0" bestConformation="Conformation 41.0 -41.0 Flfrlrffllffrffrllrrfllrrflfrrfllrrffffrrlrrllflfrlfrllflfrrlrrlffllrflrfllffrrlffffrrffllfrfrfrlrf"/>
	<trajectory sample="305" generation="305000" 
bestEnergy="-41.0" averageEnergy="-41.0" worstEnergy="-41.0" bestConformation="Conformation 41.0 -41.0 Flfrlrffllffrffrllrrfllrrflfrrfllrrffffrrlrrllflfrlfrllflfrrlrrlffllrflrfllffrrlffffrrffllfrfrfrlrf"/>
	<trajectory sample="306" generation="306000" 
bestEnergy="-41.0" averageEnergy="-40.9996" worstEnergy="-37.0" bestConformation="Conformation 41.0 -41.0 Flfrlrffllffrffrllrrfllrrflfrrfllrrffffrrlrrllflfrlfrllflfrrlrrlffllrflrfllffrrlffffrrffllfrfrfrlrf"/>
	<trajectory sample="307" generation="307000" 
bestEnergy="-41.0" averageEnergy="-40.9996" worstEnergy="-37.0" bestConformation="Conformation 41.0 -41.0 Flfrlrffllffrffrllrrfllrrflfrrfllrrffffrrlrrllflfrlfrllflfrrlrrlffllrflrfllffrrlffffrrffllfrfrfrlrf"/>
	<trajectory sample="308" generation="308000" 
bestEnergy="-41.0" averageEnergy="-40.9997" worstEnergy="-38.0" bestConformation="Conformation 41.0 -41.0 Flfrlrffllffrffrllrrfllrrflfrrfllrrffffrrlrrllflfrlfrllflfrrlrrlffllrflrfllffrrlffffrrffllfrfrfrlrf"/>
	<trajectory sample="309" generation="309000" 
bestEnergy="-41.0" averageEnergy="-40.9997" worstEnergy="-38.0" bestConformation="Conformation 41.0 -41.0 Flfrlrffllffrffrllrrfllrrflfrrfllrrffffrrlrrllflfrlfrllflfrrlrrlffllrflrfllffrrlffffrrffllfrfrfrlrf"/>
	<trajectory sample="310" generation="310000" 
bestEnergy="-41.0" averageEnergy="-40.9997" worstEnergy="-38.0" bestConformation="Conformation 41.0 -41.0 Flfrlrffllffrffrllrrfllrrflfrrfllrrffffrrlrrllflfrlfrllflfrrlrrlffllrflrfllffrrlffffrrffllfrfrfrlrf"/>
	<trajectory sample="311" generation="311000" 
bestEnergy="-41.0" averageEnergy="-41.0" worstEnergy="-41.0" bestConformation="Conformation 41.0 -41.0 Flfrlrffllffrffrllrrfllrrflfrrfllrrffffrrlrrllflfrlfrllflfrrlrrlffllrflrfllffrrlffffrrffllfrfrfrlrf"/>
	<trajectory sample="312" generation="312000" 
bestEnergy="-41.0" averageEnergy="-41.0" worstEnergy="-41.0" bestConformation="Conformation 41.0 -41.0 Flfrlrffllffrffrllrrfllrrflfrrfllrrffffrrlrrllflfrlfrllflfrrlrrlffllrflrfllffrrlffffrrffllfrfrfrlrf"/>
	<trajectory sample="313" generation="313000" 
bestEnergy="-41.0" averageEnergy="-40.9999" worstEnergy="-40.0" bestConformation="Conformation 41.0 -41.0 Flfrlrffllffrffrllrrfllrrflfrrfllrrffffrrlrrllflfrlfrllflfrrlrrlffllrflrfllffrrlffffrrffllfrfrfrlrf"/>
	<trajectory sample="314" generation="314000" 
bestEnergy="-41.0" averageEnergy="-41.0" worstEnergy="-41.0" bestConformation="Conformation 41.0 -41.0 Flfrlrffllffrffrllrrfllrrflfrrfllrrffffrrlrrllflfrlfrllflfrrlrrlffllrflrfllffrrlffffrrffllfrfrfrlrf"/>
	<trajectory sample="315" generation="315000" 
bestEnergy="-41.0" averageEnergy="-41.0" worstEnergy="-41.0" bestConformation="Conformation 41.0 -41.0 Flfrlrffllffrffrllrrfllrrflfrrfllrrffffrrlrrllflfrlfrllflfrrlrrlffllrflrfllffrrlffffrrffllfrfrfrlrf"/>
	<trajectory sample="316" generation="316000" 
bestEnergy="-41.0" averageEnergy="-41.0" worstEnergy="-41.0" bestConformation="Conformation 41.0 -41.0 Flfrlrffllffrffrllrrfllrrflfrrfllrrffffrrlrrllflfrlfrllflfrrlrrlffllrflrfllffrrlffffrrffllfrfrfrlrf"/>
	<trajectory sample="317" generation="317000" 
bestEnergy="-41.0" averageEnergy="-41.0" worstEnergy="-41.0" bestConformation="Conformation 41.0 -41.0 Flfrlrffllffrffrllrrfllrrflfrrfllrrffffrrlrrllflfrlfrllflfrrlrrlffllrflrfllffrrlffffrrffllfrfrfrlrf"/>
	<trajectory sample="318" generation="318000" 
bestEnergy="-41.0" averageEnergy="-41.0" worstEnergy="-41.0" bestConformation="Conformation 41.0 -41.0 Flfrlrffllffrffrllrrfllrrflfrrfllrrffffrrlrrllflfrlfrllflfrrlrrlffllrflrfllffrrlffffrrffllfrfrfrlrf"/>
	<trajectory sample="319" generation="319000" 
bestEnergy="-41.0" averageEnergy="-41.0" worstEnergy="-41.0" bestConformation="Conformation 41.0 -41.0 Flfrlrffllffrffrllrrfllrrflfrrfllrrffffrrlrrllflfrlfrllflfrrlrrlffllrflrfllffrrlffffrrffllfrfrfrlrf"/>
	<trajectory sample="320" generation="320000" 
bestEnergy="-41.0" averageEnergy="-41.0" worstEnergy="-41.0" bestConformation="Conformation 41.0 -41.0 Flfrlrffllffrffrllrrfllrrflfrrfllrrffffrrlrrllflfrlfrllflfrrlrrlffllrflrfllffrrlffffrrffllfrfrfrlrf"/>
	<trajectory sample="321" generation="321000" 
bestEnergy="-41.0" averageEnergy="-40.9993" worstEnergy="-34.0" bestConformation="Conformation 41.0 -41.0 Flfrlrffllffrffrllrrfllrrflfrrfllrrffffrrlrrllflfrlfrllflfrrlrrlffllrflrfllffrrlffffrrffllfrfrfrlrf"/>
	<trajectory sample="322" generation="322000" 
bestEnergy="-41.0" averageEnergy="-41.0" worstEnergy="-41.0" bestConformation="Conformation 41.0 -41.0 Flfrlrffllffrffrllrrfllrrflfrrfllrrffffrrlrrllflfrlfrllflfrrlrrlffllrflrfllffrrlffffrrffllfrfrfrlrf"/>
	<trajectory sample="323" generation="323000" 
bestEnergy="-41.0" averageEnergy="-41.0" worstEnergy="-41.0" bestConformation="Conformation 41.0 -41.0 Flfrlrffllffrffrllrrfllrrflfrrfllrrffffrrlrrllflfrlfrllflfrrlrrlffllrflrfllffrrlffffrrffllfrfrfrlrf"/>
	<trajectory sample="324" generation="324000" 
bestEnergy="-41.0" averageEnergy="-41.0" worstEnergy="-41.0" bestConformation="Conformation 41.0 -41.0 Flfrlrffllffrffrllrrfllrrflfrrfllrrffffrrlrrllflfrlfrllflfrrlrrlffllrflrfllffrrlffffrrffllfrfrfrlrf"/>
	<trajectory sample="325" generation="325000" 
bestEnergy="-41.0" averageEnergy="-40.9996" worstEnergy="-37.0" bestConformation="Conformation 41.0 -41.0 Flfrlrffllffrffrllrrfllrrflfrrfllrrffffrrlrrllflfrlfrllflfrrlrrlffllrflrfllffrrlffffrrffllfrfrfrlrf"/>
	<trajectory sample="326" generation="326000" 
bestEnergy="-41.0" averageEnergy="-41.0" worstEnergy="-41.0" bestConformation="Conformation 41.0 -41.0 Flfrlrffllffrffrllrrfllrrflfrrfllrrffffrrlrrllflfrlfrllflfrrlrrlffllrflrfllffrrlffffrrffllfrfrfrlrf"/>
	<trajectory sample="327" generation="327000" 
bestEnergy="-41.0" averageEnergy="-41.0" worstEnergy="-41.0" bestConformation="Conformation 41.0 -41.0 Flfrlrffllffrffrllrrfllrrflfrrfllrrffffrrlrrllflfrlfrllflfrrlrrlffllrflrfllffrrlffffrrffllfrfrfrlrf"/>
	<trajectory sample="328" generation="328000" 
bestEnergy="-41.0" averageEnergy="-41.0" worstEnergy="-41.0" bestConformation="Conformation 41.0 -41.0 Flfrlrffllffrffrllrrfllrrflfrrfllrrffffrrlrrllflfrlfrllflfrrlrrlffllrflrfllffrrlffffrrffllfrfrfrlrf"/>
	<trajectory sample="329" generation="329000" 
bestEnergy="-41.0" averageEnergy="-40.9996" worstEnergy="-37.0" bestConformation="Conformation 41.0 -41.0 Flfrlrffllffrffrllrrfllrrflfrrfllrrffffrrlrrllflfrlfrllflfrrlrrlffllrflrfllffrrlffffrrffllfrfrfrlrf"/>
	<trajectory sample="330" generation="330000" 
bestEnergy="-41.0" averageEnergy="-41.0" worstEnergy="-41.0" bestConformation="Conformation 41.0 -41.0 Flfrlrffllffrffrllrrfllrrflfrrfllrrffffrrlrrllflfrlfrllflfrrlrrlffllrflrfllffrrlffffrrffllfrfrfrlrf"/>
	<trajectory sample="331" generation="331000" 
bestEnergy="-41.0" averageEnergy="-41.0" worstEnergy="-41.0" bestConformation="Conformation 41.0 -41.0 Flfrlrffllffrffrllrrfllrrflfrrfllrrffffrrlrrllflfrlfrllflfrrlrrlffllrflrfllffrrlffffrrffllfrfrfrlrf"/>
	<trajectory sample="332" generation="332000" 
bestEnergy="-41.0" averageEnergy="-41.0" worstEnergy="-41.0" bestConformation="Conformation 41.0 -41.0 Flfrlrffllffrffrllrrfllrrflfrrfllrrffffrrlrrllflfrlfrllflfrrlrrlffllrflrfllffrrlffffrrffllfrfrfrlrf"/>
	<trajectory sample="333" generation="333000" 
bestEnergy="-41.0" averageEnergy="-41.0" worstEnergy="-41.0" bestConformation="Conformation 41.0 -41.0 Flfrlrffllffrffrllrrfllrrflfrrfllrrffffrrlrrllflfrlfrllflfrrlrrlffllrflrfllffrrlffffrrffllfrfrfrlrf"/>
	<trajectory sample="334" generation="334000" 
bestEnergy="-41.0" averageEnergy="-40.9999" worstEnergy="-40.0" bestConformation="Conformation 41.0 -41.0 Flfrlrffllffrffrllrrfllrrflfrrfllrrffffrrlrrllflfrlfrllflfrrlrrlffllrflrfllffrrlffffrrffllfrfrfrlrf"/>
	<trajectory sample="335" generation="335000" 
bestEnergy="-41.0" averageEnergy="-40.9996" worstEnergy="-37.0" bestConformation="Conformation 41.0 -41.0 Flfrlrffllffrffrllrrfllrrflfrrfllrrffffrrlrrllflfrlfrllflfrrlrrlffllrflrfllffrrlffffrrffllfrfrfrlrf"/>
	<trajectory sample="336" generation="336000" 
bestEnergy="-41.0" averageEnergy="-41.0" worstEnergy="-41.0" bestConformation="Conformation 41.0 -41.0 Flfrlrffllffrffrllrrfllrrflfrrfllrrffffrrlrrllflfrlfrllflfrrlrrlffllrflrfllffrrlffffrrffllfrfrfrlrf"/>
	<trajectory sample="337" generation="337000" 
bestEnergy="-41.0" averageEnergy="-41.0" worstEnergy="-41.0" bestConformation="Conformation 41.0 -41.0 Flfrlrffllffrffrllrrfllrrflfrrfllrrffffrrlrrllflfrlfrllflfrrlrrlffllrflrfllffrrlffffrrffllfrfrfrlrf"/>
	<trajectory sample="338" generation="338000" 
bestEnergy="-41.0" averageEnergy="-40.9998" worstEnergy="-39.0" bestConformation="Conformation 41.0 -41.0 Flfrlrffllffrffrllrrfllrrflfrrfllrrffffrrlrrllflfrlfrllflfrrlrrlffllrflrfllffrrlffffrrffllfrfrfrlrf"/>
	<trajectory sample="339" generation="339000" 
bestEnergy="-41.0" averageEnergy="-41.0" worstEnergy="-41.0" bestConformation="Conformation 41.0 -41.0 Flfrlrffllffrffrllrrfllrrflfrrfllrrffffrrlrrllflfrlfrllflfrrlrrlffllrflrfllffrrlffffrrffllfrfrfrlrf"/>
	<trajectory sample="340" generation="340000" 
bestEnergy="-41.0" averageEnergy="-41.0" worstEnergy="-41.0" bestConformation="Conformation 41.0 -41.0 Flfrlrffllffrffrllrrfllrrflfrrfllrrffffrrlrrllflfrlfrllflfrrlrrlffllrflrfllffrrlffffrrffllfrfrfrlrf"/>
	<trajectory sample="341" generation="341000" 
bestEnergy="-41.0" averageEnergy="-41.0" worstEnergy="-41.0" bestConformation="Conformation 41.0 -41.0 Flfrlrffllffrffrllrrfllrrflfrrfllrrffffrrlrrllflfrlfrllflfrrlrrlffllrflrfllffrrlffffrrffllfrfrfrlrf"/>
	<trajectory sample="342" generation="342000" 
bestEnergy="-41.0" averageEnergy="-40.9998" worstEnergy="-39.0" bestConformation="Conformation 41.0 -41.0 Flfrlrffllffrffrllrrfllrrflfrrfllrrffffrrlrrllflfrlfrllflfrrlrrlffllrflrfllffrrlffffrrffllfrfrfrlrf"/>
	<trajectory sample="343" generation="343000" 
bestEnergy="-41.0" averageEnergy="-41.0" worstEnergy="-41.0" bestConformation="Conformation 41.0 -41.0 Flfrlrffllffrffrllrrfllrrflfrrfllrrffffrrlrrllflfrlfrllflfrrlrrlffllrflrfllffrrlffffrrffllfrfrfrlrf"/>
	<trajectory sample="344" generation="344000" 
bestEnergy="-41.0" averageEnergy="-41.0" worstEnergy="-41.0" bestConformation="Conformation 41.0 -41.0 Flfrlrffllffrffrllrrfllrrflfrrfllrrffffrrlrrllflfrlfrllflfrrlrrlffllrflrfllffrrlffffrrffllfrfrfrlrf"/>
	<trajectory sample="345" generation="345000" 
bestEnergy="-41.0" averageEnergy="-41.0" worstEnergy="-41.0" bestConformation="Conformation 41.0 -41.0 Flfrlrffllffrffrllrrfllrrflfrrfllrrffffrrlrrllflfrlfrllflfrrlrrlffllrflrfllffrrlffffrrffllfrfrfrlrf"/>
	<trajectory sample="346" generation="346000" 
bestEnergy="-41.0" averageEnergy="-40.9997" worstEnergy="-38.0" bestConformation="Conformation 41.0 -41.0 Flfrlrffllffrffrllrrfllrrflfrrfllrrffffrrlrrllflfrlfrllflfrrlrrlffllrflrfllffrrlffffrrffllfrfrfrlrf"/>
	<trajectory sample="347" generation="347000" 
bestEnergy="-41.0" averageEnergy="-40.9996" worstEnergy="-37.0" bestConformation="Conformation 41.0 -41.0 Flfrlrffllffrffrllrrfllrrflfrrfllrrffffrrlrrllflfrlfrllflfrrlrrlffllrflrfllffrrlffffrrffllfrfrfrlrf"/>
	<trajectory sample="348" generation="348000" 
bestEnergy="-41.0" averageEnergy="-41.0" worstEnergy="-41.0" bestConformation="Conformation 41.0 -41.0 Flfrlrffllffrffrllrrfllrrflfrrfllrrffffrrlrrllflfrlfrllflfrrlrrlffllrflrfllffrrlffffrrffllfrfrfrlrf"/>
	<trajectory sample="349" generation="349000" 
bestEnergy="-41.0" averageEnergy="-40.9997" worstEnergy="-38.0" bestConformation="Conformation 41.0 -41.0 Flfrlrffllffrffrllrrfllrrflfrrfllrrffffrrlrrllflfrlfrllflfrrlrrlffllrflrfllffrrlffffrrffllfrfrfrlrf"/>
	<trajectory sample="350" generation="350000" 
bestEnergy="-41.0" averageEnergy="-41.0" worstEnergy="-41.0" bestConformation="Conformation 41.0 -41.0 Flfrlrffllffrffrllrrfllrrflfrrfllrrffffrrlrrllflfrlfrllflfrrlrrlffllrflrfllffrrlffffrrffllfrfrfrlrf"/>
	<trajectory sample="351" generation="351000" 
bestEnergy="-41.0" averageEnergy="-41.0" worstEnergy="-41.0" bestConformation="Conformation 41.0 -41.0 Flfrlrffllffrffrllrrfllrrflfrrfllrrffffrrlrrllflfrlfrllflfrrlrrlffllrflrfllffrrlffffrrffllfrfrfrlrf"/>
	<trajectory sample="352" generation="352000" 
bestEnergy="-41.0" averageEnergy="-40.9998" worstEnergy="-39.0" bestConformation="Conformation 41.0 -41.0 Flfrlrffllffrffrllrrfllrrflfrrfllrrffffrrlrrllflfrlfrllflfrrlrrlffllrflrfllffrrlffffrrffllfrfrfrlrf"/>
	<trajectory sample="353" generation="353000" 
bestEnergy="-41.0" averageEnergy="-41.0" worstEnergy="-41.0" bestConformation="Conformation 41.0 -41.0 Flfrlrffllffrffrllrrfllrrflfrrfllrrffffrrlrrllflfrlfrllflfrrlrrlffllrflrfllffrrlffffrrffllfrfrfrlrf"/>
	<trajectory sample="354" generation="354000" 
bestEnergy="-41.0" averageEnergy="-41.0" worstEnergy="-41.0" bestConformation="Conformation 41.0 -41.0 Flfrlrffllffrffrllrrfllrrflfrrfllrrffffrrlrrllflfrlfrllflfrrlrrlffllrflrfllffrrlffffrrffllfrfrfrlrf"/>
	<trajectory sample="355" generation="355000" 
bestEnergy="-41.0" averageEnergy="-41.0" worstEnergy="-41.0" bestConformation="Conformation 41.0 -41.0 Flfrlrffllffrffrllrrfllrrflfrrfllrrffffrrlrrllflfrlfrllflfrrlrrlffllrflrfllffrrlffffrrffllfrfrfrlrf"/>
	<trajectory sample="356" generation="356000" 
bestEnergy="-41.0" averageEnergy="-40.9998" worstEnergy="-39.0" bestConformation="Conformation 41.0 -41.0 Flfrlrffllffrffrllrrfllrrflfrrfllrrffffrrlrrllflfrlfrllflfrrlrrlffllrflrfllffrrlffffrrffllfrfrfrlrf"/>
	<trajectory sample="357" generation="357000" 
bestEnergy="-41.0" averageEnergy="-41.0" worstEnergy="-41.0" bestConformation="Conformation 41.0 -41.0 Flfrlrffllffrffrllrrfllrrflfrrfllrrffffrrlrrllflfrlfrllflfrrlrrlffllrflrfllffrrlffffrrffllfrfrfrlrf"/>
	<trajectory sample="358" generation="358000" 
bestEnergy="-41.0" averageEnergy="-41.0" worstEnergy="-41.0" bestConformation="Conformation 41.0 -41.0 Flfrlrffllffrffrllrrfllrrflfrrfllrrffffrrlrrllflfrlfrllflfrrlrrlffllrflrfllffrrlffffrrffllfrfrfrlrf"/>
	<trajectory sample="359" generation="359000" 
bestEnergy="-41.0" averageEnergy="-41.0" worstEnergy="-41.0" bestConformation="Conformation 41.0 -41.0 Flfrlrffllffrffrllrrfllrrflfrrfllrrffffrrlrrllflfrlfrllflfrrlrrlffllrflrfllffrrlffffrrffllfrfrfrlrf"/>
	<trajectory sample="360" generation="360000" 
bestEnergy="-41.0" averageEnergy="-40.9996" worstEnergy="-37.0" bestConformation="Conformation 41.0 -41.0 Flfrlrffllffrffrllrrfllrrflfrrfllrrffffrrlrrllflfrlfrllflfrrlrrlffllrflrfllffrrlffffrrffllfrfrfrlrf"/>
	<trajectory sample="361" generation="361000" 
bestEnergy="-41.0" averageEnergy="-41.0" worstEnergy="-41.0" bestConformation="Conformation 41.0 -41.0 Flfrlrffllffrffrllrrfllrrflfrrfllrrffffrrlrrllflfrlfrllflfrrlrrlffllrflrfllffrrlffffrrffllfrfrfrlrf"/>
	<trajectory sample="362" generation="362000" 
bestEnergy="-41.0" averageEnergy="-41.0" worstEnergy="-41.0" bestConformation="Conformation 41.0 -41.0 Flfrlrffllffrffrllrrfllrrflfrrfllrrffffrrlrrllflfrlfrllflfrrlrrlffllrflrfllffrrlffffrrffllfrfrfrlrf"/>
	<trajectory sample="363" generation="363000" 
bestEnergy="-41.0" averageEnergy="-41.0" worstEnergy="-41.0" bestConformation="Conformation 41.0 -41.0 Flfrlrffllffrffrllrrfllrrflfrrfllrrffffrrlrrllflfrlfrllflfrrlrrlffllrflrfllffrrlffffrrffllfrfrfrlrf"/>
	<trajectory sample="364" generation="364000" 
bestEnergy="-41.0" averageEnergy="-41.0" worstEnergy="-41.0" bestConformation="Conformation 41.0 -41.0 Flfrlrffllffrffrllrrfllrrflfrrfllrrffffrrlrrllflfrlfrllflfrrlrrlffllrflrfllffrrlffffrrffllfrfrfrlrf"/>
	<trajectory sample="365" generation="365000" 
bestEnergy="-41.0" averageEnergy="-41.0" worstEnergy="-41.0" bestConformation="Conformation 41.0 -41.0 Flfrlrffllffrffrllrrfllrrflfrrfllrrffffrrlrrllflfrlfrllflfrrlrrlffllrflrfllffrrlffffrrffllfrfrfrlrf"/>
	<trajectory sample="366" generation="366000" 
bestEnergy="-41.0" averageEnergy="-40.9995" worstEnergy="-36.0" bestConformation="Conformation 41.0 -41.0 Flfrlrffllffrffrllrrfllrrflfrrfllrrffffrrlrrllflfrlfrllflfrrlrrlffllrflrfllffrrlffffrrffllfrfrfrlrf"/>
	<trajectory sample="367" generation="367000" 
bestEnergy="-41.0" averageEnergy="-41.0" worstEnergy="-41.0" bestConformation="Conformation 41.0 -41.0 Flfrlrffllffrffrllrrfllrrflfrrfllrrffffrrlrrllflfrlfrllflfrrlrrlffllrflrfllffrrlffffrrffllfrfrfrlrf"/>
	<trajectory sample="368" generation="368000" 
bestEnergy="-41.0" averageEnergy="-41.0" worstEnergy="-41.0" bestConformation="Conformation 41.0 -41.0 Flfrlrffllffrffrllrrfllrrflfrrfllrrffffrrlrrllflfrlfrllflfrrlrrlffllrflrfllffrrlffffrrffllfrfrfrlrf"/>
	<trajectory sample="369" generation="369000" 
bestEnergy="-41.0" averageEnergy="-40.9998" worstEnergy="-39.0" bestConformation="Conformation 41.0 -41.0 Flfrlrffllffrffrllrrfllrrflfrrfllrrffffrrlrrllflfrlfrllflfrrlrrlffllrflrfllffrrlffffrrffllfrfrfrlrf"/>
	<trajectory sample="370" generation="370000" 
bestEnergy="-41.0" averageEnergy="-41.0" worstEnergy="-41.0" bestConformation="Conformation 41.0 -41.0 Flfrlrffllffrffrllrrfllrrflfrrfllrrffffrrlrrllflfrlfrllflfrrlrrlffllrflrfllffrrlffffrrffllfrfrfrlrf"/>
	<trajectory sample="371" generation="371000" 
bestEnergy="-41.0" averageEnergy="-41.0" worstEnergy="-41.0" bestConformation="Conformation 41.0 -41.0 Flfrlrffllffrffrllrrfllrrflfrrfllrrffffrrlrrllflfrlfrllflfrrlrrlffllrflrfllffrrlffffrrffllfrfrfrlrf"/>
	<trajectory sample="372" generation="372000" 
bestEnergy="-41.0" averageEnergy="-40.9995" worstEnergy="-36.0" bestConformation="Conformation 41.0 -41.0 Flfrlrffllffrffrllrrfllrrflfrrfllrrffffrrlrrllflfrlfrllflfrrlrrlffllrflrfllffrrlffffrrffllfrfrfrlrf"/>
	<trajectory sample="373" generation="373000" 
bestEnergy="-41.0" averageEnergy="-41.0" worstEnergy="-41.0" bestConformation="Conformation 41.0 -41.0 Flfrlrffllffrffrllrrfllrrflfrrfllrrffffrrlrrllflfrlfrllflfrrlrrlffllrflrfllffrrlffffrrffllfrfrfrlrf"/>
	<trajectory sample="374" generation="374000" 
bestEnergy="-41.0" averageEnergy="-40.9998" worstEnergy="-39.0" bestConformation="Conformation 41.0 -41.0 Flfrlrffllffrffrllrrfllrrflfrrfllrrffffrrlrrllflfrlfrllflfrrlrrlffllrflrfllffrrlffffrrffllfrfrfrlrf"/>
	<trajectory sample="375" generation="375000" 
bestEnergy="-41.0" averageEnergy="-40.9996" worstEnergy="-37.0" bestConformation="Conformation 41.0 -41.0 Flfrlrffllffrffrllrrfllrrflfrrfllrrffffrrlrrllflfrlfrllflfrrlrrlffllrflrfllffrrlffffrrffllfrfrfrlrf"/>
	<trajectory sample="376" generation="376000" 
bestEnergy="-41.0" averageEnergy="-41.0" worstEnergy="-41.0" bestConformation="Conformation 41.0 -41.0 Flfrlrffllffrffrllrrfllrrflfrrfllrrffffrrlrrllflfrlfrllflfrrlrrlffllrflrfllffrrlffffrrffllfrfrfrlrf"/>
	<trajectory sample="377" generation="377000" 
bestEnergy="-41.0" averageEnergy="-40.9996" worstEnergy="-37.0" bestConformation="Conformation 41.0 -41.0 Flfrlrffllffrffrllrrfllrrflfrrfllrrffffrrlrrllflfrlfrllflfrrlrrlffllrflrfllffrrlffffrrffllfrfrfrlrf"/>
	<trajectory sample="378" generation="378000" 
bestEnergy="-41.0" averageEnergy="-41.0" worstEnergy="-41.0" bestConformation="Conformation 41.0 -41.0 Flfrlrffllffrffrllrrfllrrflfrrfllrrffffrrlrrllflfrlfrllflfrrlrrlffllrflrfllffrrlffffrrffllfrfrfrlrf"/>
	<trajectory sample="379" generation="379000" 
bestEnergy="-41.0" averageEnergy="-41.0" worstEnergy="-41.0" bestConformation="Conformation 41.0 -41.0 Flfrlrffllffrffrllrrfllrrflfrrfllrrffffrrlrrllflfrlfrllflfrrlrrlffllrflrfllffrrlffffrrffllfrfrfrlrf"/>
	<trajectory sample="380" generation="380000" 
bestEnergy="-41.0" averageEnergy="-41.0" worstEnergy="-41.0" bestConformation="Conformation 41.0 -41.0 Flfrlrffllffrffrllrrfllrrflfrrfllrrffffrrlrrllflfrlfrllflfrrlrrlffllrflrfllffrrlffffrrffllfrfrfrlrf"/>
	<trajectory sample="381" generation="381000" 
bestEnergy="-41.0" averageEnergy="-41.0" worstEnergy="-41.0" bestConformation="Conformation 41.0 -41.0 Flfrlrffllffrffrllrrfllrrflfrrfllrrffffrrlrrllflfrlfrllflfrrlrrlffllrflrfllffrrlffffrrffllfrfrfrlrf"/>
	<trajectory sample="382" generation="382000" 
bestEnergy="-41.0" averageEnergy="-41.0" worstEnergy="-41.0" bestConformation="Conformation 41.0 -41.0 Flfrlrffllffrffrllrrfllrrflfrrfllrrffffrrlrrllflfrlfrllflfrrlrrlffllrflrfllffrrlffffrrffllfrfrfrlrf"/>
	<trajectory sample="383" generation="383000" 
bestEnergy="-41.0" averageEnergy="-41.0" worstEnergy="-41.0" bestConformation="Conformation 41.0 -41.0 Flfrlrffllffrffrllrrfllrrflfrrfllrrffffrrlrrllflfrlfrllflfrrlrrlffllrflrfllffrrlffffrrffllfrfrfrlrf"/>
	<trajectory sample="384" generation="384000" 
bestEnergy="-41.0" averageEnergy="-41.0" worstEnergy="-41.0" bestConformation="Conformation 41.0 -41.0 Flfrlrffllffrffrllrrfllrrflfrrfllrrffffrrlrrllflfrlfrllflfrrlrrlffllrflrfllffrrlffffrrffllfrfrfrlrf"/>
	<trajectory sample="385" generation="385000" 
bestEnergy="-41.0" averageEnergy="-40.9996" worstEnergy="-37.0" bestConformation="Conformation 41.0 -41.0 Flfrlrffllffrffrllrrfllrrflfrrfllrrffffrrlrrllflfrlfrllflfrrlrrlffllrflrfllffrrlffffrrffllfrfrfrlrf"/>
	<trajectory sample="386" generation="386000" 
bestEnergy="-41.0" averageEnergy="-41.0" worstEnergy="-41.0" bestConformation="Conformation 41.0 -41.0 Flfrlrffllffrffrllrrfllrrflfrrfllrrffffrrlrrllflfrlfrllflfrrlrrlffllrflrfllffrrlffffrrffllfrfrfrlrf"/>
	<trajectory sample="387" generation="387000" 
bestEnergy="-41.0" averageEnergy="-41.0" worstEnergy="-41.0" bestConformation="Conformation 41.0 -41.0 Flfrlrffllffrffrllrrfllrrflfrrfllrrffffrrlrrllflfrlfrllflfrrlrrlffllrflrfllffrrlffffrrffllfrfrfrlrf"/>
	<trajectory sample="388" generation="388000" 
bestEnergy="-41.0" averageEnergy="-40.9995" worstEnergy="-36.0" bestConformation="Conformation 41.0 -41.0 Flfrlrffllffrffrllrrfllrrflfrrfllrrffffrrlrrllflfrlfrllflfrrlrrlffllrflrfllffrrlffffrrffllfrfrfrlrf"/>
	<trajectory sample="389" generation="389000" 
bestEnergy="-41.0" averageEnergy="-41.0" worstEnergy="-41.0" bestConformation="Conformation 41.0 -41.0 Flfrlrffllffrffrllrrfllrrflfrrfllrrffffrrlrrllflfrlfrllflfrrlrrlffllrflrfllffrrlffffrrffllfrfrfrlrf"/>
	<trajectory sample="390" generation="390000" 
bestEnergy="-41.0" averageEnergy="-40.9998" worstEnergy="-39.0" bestConformation="Conformation 41.0 -41.0 Flfrlrffllffrffrllrrfllrrflfrrfllrrffffrrlrrllflfrlfrllflfrrlrrlffllrflrfllffrrlffffrrffllfrfrfrlrf"/>
	<trajectory sample="391" generation="391000" 
bestEnergy="-41.0" averageEnergy="-41.0" worstEnergy="-41.0" bestConformation="Conformation 41.0 -41.0 Flfrlrffllffrffrllrrfllrrflfrrfllrrffffrrlrrllflfrlfrllflfrrlrrlffllrflrfllffrrlffffrrffllfrfrfrlrf"/>
	<trajectory sample="392" generation="392000" 
bestEnergy="-41.0" averageEnergy="-41.0" worstEnergy="-41.0" bestConformation="Conformation 41.0 -41.0 Flfrlrffllffrffrllrrfllrrflfrrfllrrffffrrlrrllflfrlfrllflfrrlrrlffllrflrfllffrrlffffrrffllfrfrfrlrf"/>
	<trajectory sample="393" generation="393000" 
bestEnergy="-41.0" averageEnergy="-40.9998" worstEnergy="-39.0" bestConformation="Conformation 41.0 -41.0 Flfrlrffllffrffrllrrfllrrflfrrfllrrffffrrlrrllflfrlfrllflfrrlrrlffllrflrfllffrrlffffrrffllfrfrfrlrf"/>
	<trajectory sample="394" generation="394000" 
bestEnergy="-41.0" averageEnergy="-40.9998" worstEnergy="-39.0" bestConformation="Conformation 41.0 -41.0 Flfrlrffllffrffrllrrfllrrflfrrfllrrffffrrlrrllflfrlfrllflfrrlrrlffllrflrfllffrrlffffrrffllfrfrfrlrf"/>
	<trajectory sample="395" generation="395000" 
bestEnergy="-41.0" averageEnergy="-41.0" worstEnergy="-41.0" bestConformation="Conformation 41.0 -41.0 Flfrlrffllffrffrllrrfllrrflfrrfllrrffffrrlrrllflfrlfrllflfrrlrrlffllrflrfllffrrlffffrrffllfrfrfrlrf"/>
	<trajectory sample="396" generation="396000" 
bestEnergy="-41.0" averageEnergy="-41.0" worstEnergy="-41.0" bestConformation="Conformation 41.0 -41.0 Flfrlrffllffrffrllrrfllrrflfrrfllrrffffrrlrrllflfrlfrllflfrrlrrlffllrflrfllffrrlffffrrffllfrfrfrlrf"/>
	<trajectory sample="397" generation="397000" 
bestEnergy="-41.0" averageEnergy="-41.0" worstEnergy="-41.0" bestConformation="Conformation 41.0 -41.0 Flfrlrffllffrffrllrrfllrrflfrrfllrrffffrrlrrllflfrlfrllflfrrlrrlffllrflrfllffrrlffffrrffllfrfrfrlrf"/>
	<trajectory sample="398" generation="398000" 
bestEnergy="-41.0" averageEnergy="-40.9996" worstEnergy="-37.0" bestConformation="Conformation 41.0 -41.0 Flfrlrffllffrffrllrrfllrrflfrrfllrrffffrrlrrllflfrlfrllflfrrlrrlffllrflrfllffrrlffffrrffllfrfrfrlrf"/>
	<trajectory sample="399" generation="399000" 
bestEnergy="-41.0" averageEnergy="-41.0" worstEnergy="-41.0" bestConformation="Conformation 41.0 -41.0 Flfrlrffllffrffrllrrfllrrflfrrfllrrffffrrlrrllflfrlfrllflfrrlrrlffllrflrfllffrrlffffrrffllfrfrfrlrf"/>
	<trajectory sample="400" generation="400000" 
bestEnergy="-41.0" averageEnergy="-40.9997" worstEnergy="-38.0" bestConformation="Conformation 41.0 -41.0 Flfrlrffllffrffrllrrfllrrflfrrfllrrffffrrlrrllflfrlfrllflfrrlrrlffllrflrfllffrrlffffrrffllfrfrfrlrf"/>
</run>
</runList>
